{
"C:\\Users\\Yashi\\Documents\\Projects\\zno-library\\client\\account\\components\\create.component.ts":{"path":"C:\\Users\\Yashi\\Documents\\Projects\\zno-library\\client\\account\\components\\create.component.ts","statementMap":{"0":{"start":{"line":2,"column":17},"end":{"line":7,"column":1}},"1":{"start":{"line":3,"column":12},"end":{"line":3,"column":28}},"2":{"start":{"line":3,"column":34},"end":{"line":3,"column":125}},"3":{"start":{"line":4,"column":4},"end":{"line":5,"column":150}},"4":{"start":{"line":4,"column":79},"end":{"line":4,"column":131}},"5":{"start":{"line":5,"column":9},"end":{"line":5,"column":150}},"6":{"start":{"line":5,"column":58},"end":{"line":5,"column":150}},"7":{"start":{"line":5,"column":81},"end":{"line":5,"column":150}},"8":{"start":{"line":6,"column":4},"end":{"line":6,"column":66}},"9":{"start":{"line":8,"column":17},"end":{"line":10,"column":1}},"10":{"start":{"line":9,"column":4},"end":{"line":9,"column":109}},"11":{"start":{"line":9,"column":79},"end":{"line":9,"column":109}},"12":{"start":{"line":11,"column":0},"end":{"line":11,"column":62}},"13":{"start":{"line":12,"column":13},"end":{"line":12,"column":37}},"14":{"start":{"line":13,"column":24},"end":{"line":13,"column":62}},"15":{"start":{"line":14,"column":14},"end":{"line":14,"column":39}},"16":{"start":{"line":15,"column":14},"end":{"line":15,"column":47}},"17":{"start":{"line":16,"column":15},"end":{"line":16,"column":41}},"18":{"start":{"line":17,"column":17},"end":{"line":17,"column":45}},"19":{"start":{"line":18,"column":0},"end":{"line":21,"column":2}},"20":{"start":{"line":22,"column":0},"end":{"line":27,"column":2}},"21":{"start":{"line":28,"column":27},"end":{"line":105,"column":3}},"22":{"start":{"line":30,"column":8},"end":{"line":30,"column":21}},"23":{"start":{"line":31,"column":8},"end":{"line":31,"column":31}},"24":{"start":{"line":32,"column":8},"end":{"line":32,"column":33}},"25":{"start":{"line":33,"column":8},"end":{"line":33,"column":29}},"26":{"start":{"line":34,"column":8},"end":{"line":34,"column":27}},"27":{"start":{"line":35,"column":8},"end":{"line":35,"column":59}},"28":{"start":{"line":36,"column":8},"end":{"line":36,"column":57}},"29":{"start":{"line":38,"column":4},"end":{"line":40,"column":6}},"30":{"start":{"line":39,"column":8},"end":{"line":39,"column":24}},"31":{"start":{"line":44,"column":4},"end":{"line":54,"column":6}},"32":{"start":{"line":45,"column":28},"end":{"line":45,"column":111}},"33":{"start":{"line":46,"column":8},"end":{"line":53,"column":11}},"34":{"start":{"line":58,"column":4},"end":{"line":60,"column":6}},"35":{"start":{"line":59,"column":8},"end":{"line":59,"column":32}},"36":{"start":{"line":65,"column":4},"end":{"line":69,"column":6}},"37":{"start":{"line":66,"column":8},"end":{"line":66,"column":29}},"38":{"start":{"line":67,"column":8},"end":{"line":67,"column":71}},"39":{"start":{"line":68,"column":8},"end":{"line":68,"column":48}},"40":{"start":{"line":74,"column":4},"end":{"line":79,"column":6}},"41":{"start":{"line":75,"column":26},"end":{"line":75,"column":38}},"42":{"start":{"line":76,"column":8},"end":{"line":76,"column":29}},"43":{"start":{"line":77,"column":8},"end":{"line":77,"column":144}},"44":{"start":{"line":78,"column":8},"end":{"line":78,"column":28}},"45":{"start":{"line":85,"column":4},"end":{"line":95,"column":6}},"46":{"start":{"line":86,"column":20},"end":{"line":86,"column":24}},"47":{"start":{"line":87,"column":8},"end":{"line":87,"column":31}},"48":{"start":{"line":88,"column":8},"end":{"line":94,"column":9}},"49":{"start":{"line":89,"column":12},"end":{"line":93,"column":15}},"50":{"start":{"line":90,"column":16},"end":{"line":90,"column":40}},"51":{"start":{"line":92,"column":16},"end":{"line":92,"column":37}},"52":{"start":{"line":100,"column":4},"end":{"line":103,"column":6}},"53":{"start":{"line":101,"column":8},"end":{"line":101,"column":28}},"54":{"start":{"line":102,"column":8},"end":{"line":102,"column":31}},"55":{"start":{"line":104,"column":4},"end":{"line":104,"column":31}},"56":{"start":{"line":106,"column":0},"end":{"line":109,"column":52}},"57":{"start":{"line":110,"column":0},"end":{"line":113,"column":63}},"58":{"start":{"line":114,"column":0},"end":{"line":117,"column":62}},"59":{"start":{"line":118,"column":0},"end":{"line":124,"column":24}},"60":{"start":{"line":125,"column":0},"end":{"line":125,"column":50}}},"fnMap":{"0":{"name":"(anonymous_0)","decl":{"start":{"line":2,"column":46},"end":{"line":2,"column":47}},"loc":{"start":{"line":2,"column":87},"end":{"line":7,"column":1}},"line":2},"1":{"name":"(anonymous_1)","decl":{"start":{"line":8,"column":46},"end":{"line":8,"column":47}},"loc":{"start":{"line":8,"column":62},"end":{"line":10,"column":1}},"line":8},"2":{"name":"(anonymous_2)","decl":{"start":{"line":28,"column":27},"end":{"line":28,"column":28}},"loc":{"start":{"line":28,"column":39},"end":{"line":105,"column":1}},"line":28},"3":{"name":"CreateUserComponent","decl":{"start":{"line":29,"column":13},"end":{"line":29,"column":32}},"loc":{"start":{"line":29,"column":71},"end":{"line":37,"column":5}},"line":29},"4":{"name":"(anonymous_4)","decl":{"start":{"line":38,"column":45},"end":{"line":38,"column":46}},"loc":{"start":{"line":38,"column":57},"end":{"line":40,"column":5}},"line":38},"5":{"name":"(anonymous_5)","decl":{"start":{"line":44,"column":45},"end":{"line":44,"column":46}},"loc":{"start":{"line":44,"column":57},"end":{"line":54,"column":5}},"line":44},"6":{"name":"(anonymous_6)","decl":{"start":{"line":58,"column":50},"end":{"line":58,"column":51}},"loc":{"start":{"line":58,"column":62},"end":{"line":60,"column":5}},"line":58},"7":{"name":"(anonymous_7)","decl":{"start":{"line":65,"column":49},"end":{"line":65,"column":50}},"loc":{"start":{"line":65,"column":69},"end":{"line":69,"column":5}},"line":65},"8":{"name":"(anonymous_8)","decl":{"start":{"line":74,"column":46},"end":{"line":74,"column":47}},"loc":{"start":{"line":74,"column":63},"end":{"line":79,"column":5}},"line":74},"9":{"name":"(anonymous_9)","decl":{"start":{"line":85,"column":47},"end":{"line":85,"column":48}},"loc":{"start":{"line":85,"column":71},"end":{"line":95,"column":5}},"line":85},"10":{"name":"(anonymous_10)","decl":{"start":{"line":89,"column":160},"end":{"line":89,"column":161}},"loc":{"start":{"line":89,"column":175},"end":{"line":91,"column":13}},"line":89},"11":{"name":"(anonymous_11)","decl":{"start":{"line":91,"column":15},"end":{"line":91,"column":16}},"loc":{"start":{"line":91,"column":30},"end":{"line":93,"column":13}},"line":91},"12":{"name":"(anonymous_12)","decl":{"start":{"line":100,"column":46},"end":{"line":100,"column":47}},"loc":{"start":{"line":100,"column":63},"end":{"line":103,"column":5}},"line":100}},"branchMap":{"0":{"loc":{"start":{"line":2,"column":17},"end":{"line":7,"column":1}},"type":"binary-expr","locations":[{"start":{"line":2,"column":18},"end":{"line":2,"column":22}},{"start":{"line":2,"column":26},"end":{"line":2,"column":41}},{"start":{"line":2,"column":46},"end":{"line":7,"column":1}}],"line":2},"1":{"loc":{"start":{"line":3,"column":34},"end":{"line":3,"column":125}},"type":"cond-expr","locations":[{"start":{"line":3,"column":42},"end":{"line":3,"column":48}},{"start":{"line":3,"column":51},"end":{"line":3,"column":125}}],"line":3},"2":{"loc":{"start":{"line":3,"column":51},"end":{"line":3,"column":125}},"type":"cond-expr","locations":[{"start":{"line":3,"column":67},"end":{"line":3,"column":118}},{"start":{"line":3,"column":121},"end":{"line":3,"column":125}}],"line":3},"3":{"loc":{"start":{"line":4,"column":4},"end":{"line":5,"column":150}},"type":"if","locations":[{"start":{"line":4,"column":4},"end":{"line":5,"column":150}},{"start":{"line":4,"column":4},"end":{"line":5,"column":150}}],"line":4},"4":{"loc":{"start":{"line":4,"column":8},"end":{"line":4,"column":77}},"type":"binary-expr","locations":[{"start":{"line":4,"column":8},"end":{"line":4,"column":35}},{"start":{"line":4,"column":39},"end":{"line":4,"column":77}}],"line":4},"5":{"loc":{"start":{"line":5,"column":58},"end":{"line":5,"column":150}},"type":"if","locations":[{"start":{"line":5,"column":58},"end":{"line":5,"column":150}},{"start":{"line":5,"column":58},"end":{"line":5,"column":150}}],"line":5},"6":{"loc":{"start":{"line":5,"column":85},"end":{"line":5,"column":149}},"type":"binary-expr","locations":[{"start":{"line":5,"column":86},"end":{"line":5,"column":143}},{"start":{"line":5,"column":148},"end":{"line":5,"column":149}}],"line":5},"7":{"loc":{"start":{"line":5,"column":86},"end":{"line":5,"column":143}},"type":"cond-expr","locations":[{"start":{"line":5,"column":94},"end":{"line":5,"column":98}},{"start":{"line":5,"column":101},"end":{"line":5,"column":143}}],"line":5},"8":{"loc":{"start":{"line":5,"column":101},"end":{"line":5,"column":143}},"type":"cond-expr","locations":[{"start":{"line":5,"column":109},"end":{"line":5,"column":126}},{"start":{"line":5,"column":129},"end":{"line":5,"column":143}}],"line":5},"9":{"loc":{"start":{"line":6,"column":11},"end":{"line":6,"column":62}},"type":"binary-expr","locations":[{"start":{"line":6,"column":11},"end":{"line":6,"column":16}},{"start":{"line":6,"column":20},"end":{"line":6,"column":21}},{"start":{"line":6,"column":25},"end":{"line":6,"column":62}}],"line":6},"10":{"loc":{"start":{"line":8,"column":17},"end":{"line":10,"column":1}},"type":"binary-expr","locations":[{"start":{"line":8,"column":18},"end":{"line":8,"column":22}},{"start":{"line":8,"column":26},"end":{"line":8,"column":41}},{"start":{"line":8,"column":46},"end":{"line":10,"column":1}}],"line":8},"11":{"loc":{"start":{"line":9,"column":4},"end":{"line":9,"column":109}},"type":"if","locations":[{"start":{"line":9,"column":4},"end":{"line":9,"column":109}},{"start":{"line":9,"column":4},"end":{"line":9,"column":109}}],"line":9},"12":{"loc":{"start":{"line":9,"column":8},"end":{"line":9,"column":77}},"type":"binary-expr","locations":[{"start":{"line":9,"column":8},"end":{"line":9,"column":35}},{"start":{"line":9,"column":39},"end":{"line":9,"column":77}}],"line":9},"13":{"loc":{"start":{"line":88,"column":8},"end":{"line":94,"column":9}},"type":"if","locations":[{"start":{"line":88,"column":8},"end":{"line":94,"column":9}},{"start":{"line":88,"column":8},"end":{"line":94,"column":9}}],"line":88}},"s":{"0":1,"1":4,"2":4,"3":4,"4":4,"5":0,"6":0,"7":0,"8":4,"9":1,"10":4,"11":4,"12":1,"13":1,"14":1,"15":1,"16":1,"17":1,"18":1,"19":1,"20":1,"21":1,"22":8,"23":8,"24":8,"25":8,"26":8,"27":8,"28":8,"29":1,"30":8,"31":1,"32":8,"33":8,"34":1,"35":5,"36":1,"37":3,"38":3,"39":3,"40":1,"41":2,"42":2,"43":2,"44":2,"45":1,"46":6,"47":6,"48":6,"49":5,"50":3,"51":2,"52":1,"53":2,"54":2,"55":1,"56":1,"57":1,"58":1,"59":1,"60":1},"f":{"0":4,"1":4,"2":1,"3":8,"4":8,"5":8,"6":5,"7":3,"8":2,"9":6,"10":3,"11":2,"12":2},"b":{"0":[1,1,1],"1":[1,3],"2":[0,3],"3":[4,0],"4":[4,4],"5":[0,0],"6":[0,0],"7":[0,0],"8":[0,0],"9":[4,3,0],"10":[1,1,1],"11":[4,0],"12":[4,4],"13":[5,1]},"inputSourceMap":{"version":3,"file":"C:/Users/Yashi/Documents/Projects/zno-library/client/account/components/create.component.ts","sourceRoot":"C:/Users/Yashi/Documents/Projects/zno-library/","sources":["client\\account\\components\\create.component.ts"],"names":[],"mappings":";;;;;;;;;;;AAAA,sCAA0D;AAC1D,+DAA6D;AAC7D,wCAAiF;AACjF,gDAA+C;AAE/C,0CAAyC;AACzC,8CAA+C;AAGpC,QAAA,iBAAiB,GAAG;IAC3B,QAAQ,EAAE,iCAAiC;IAC3C,SAAS,EAAE,qBAAqB;CACnC,CAAC;AAES,QAAA,gBAAgB,GAAG;IAC1B,KAAK,EAAE,oBAAoB;IAC3B,SAAS,EAAE,wCAAwC;IACnD,QAAQ,EAAE,iCAAiC;IAC3C,UAAU,EAAE,yBAAyB;CACxC,CAAC;AA4CF,IAAa,mBAAmB;IAW5B,6BAAY,EAAe,EAAE,OAAuB,EAAE,KAAY,EAAE,QAAoB,EAAE,MAAc;QACpG,IAAI,CAAC,EAAE,GAAG,EAAE,CAAC;QACb,IAAI,CAAC,OAAO,GAAG,OAAO,CAAC;QACvB,IAAI,CAAC,QAAQ,GAAG,QAAQ,CAAC;QACzB,IAAI,CAAC,MAAM,GAAG,MAAM,CAAC;QACrB,IAAI,CAAC,KAAK,GAAG,KAAK,CAAC;QACnB,IAAI,CAAC,iBAAiB,GAAG,yBAAiB,CAAC;QAC3C,IAAI,CAAC,gBAAgB,GAAG,wBAAgB,CAAC;IAC7C,CAAC;IACM,sCAAQ,GAAf;QACI,IAAI,CAAC,QAAQ,EAAE,CAAC;IACpB,CAAC;IAED;;OAEG;IACI,sCAAQ,GAAf;QACI,IAAI,aAAa,GAAG,IAAI,CAAC,EAAE,CAAC,OAAO,CAAC,EAAE,EAAE,CAAE,kBAAU,CAAC,QAAQ,EAAE,kBAAU,CAAC,SAAS,CAAC,CAAC,CAAC,CAAE,CAAC,CAAC;QAC1F,IAAI,CAAC,MAAM,GAAG,IAAI,CAAC,EAAE,CAAC,KAAK,CAAC;YACxB,IAAI,EAAE,IAAI,CAAC,EAAE,CAAC,OAAO,CAAC,EAAE,EAAE,CAAE,kBAAU,CAAC,QAAQ,EAAE,kBAAU,CAAC,SAAS,CAAC,EAAE,CAAC,CAAE,CAAC;YAC5E,OAAO,EAAE,IAAI,CAAC,EAAE,CAAC,OAAO,CAAC,EAAE,EAAE,CAAE,kBAAU,CAAC,QAAQ,EAAE,kBAAU,CAAC,SAAS,CAAC,EAAE,CAAC,CAAE,CAAC;YAC/E,QAAQ,EAAE,IAAI,CAAC,EAAE,CAAC,OAAO,CAAC,EAAE,EAAE,CAAE,kBAAU,CAAC,QAAQ,EAAE,kBAAU,CAAC,SAAS,CAAC,EAAE,CAAC,CAAE,CAAC;YAChF,KAAK,EAAE,IAAI,CAAC,EAAE,CAAC,OAAO,CAAC,EAAE,EAAE,CAAE,kBAAU,CAAC,QAAQ,EAAE,kBAAU,CAAC,KAAK,CAAE,CAAC;YACrE,QAAQ,EAAE,aAAa;YACvB,cAAc,EAAE,IAAI,CAAC,EAAE,CAAC,OAAO,CAAC,EAAE,EAAE,CAAE,kBAAU,CAAC,QAAQ,EAAE,kBAAU,CAAC,SAAS,CAAC,CAAC,CAAC,EAAE,IAAI,CAAC,KAAK,CAAC,UAAU,CAAC,UAAU,CAAC,aAAa,CAAC,CAAE,CAAC;SACzI,CAAC,CAAC;IACP,CAAC;IAED;;OAEG;IACK,2CAAa,GAArB;QACI,IAAI,CAAC,QAAQ,CAAC,OAAO,EAAE,CAAC;IAC5B,CAAC;IAED;;;OAGG;IACK,0CAAY,GAApB,UAAqB,QAAkB;QACnC,IAAI,CAAC,aAAa,EAAE,CAAC;QACrB,IAAI,CAAC,QAAQ,CAAC,IAAI,CAAC,gBAAgB,EAAE,IAAI,EAAE,EAAE,QAAQ,EAAE,IAAI,EAAE,CAAC,CAAC;QAC/D,IAAI,CAAC,MAAM,CAAC,QAAQ,CAAC,CAAC,MAAM,EAAE,OAAO,CAAC,CAAC,CAAC;IAC5C,CAAC;IAED;;;OAGG;IACK,uCAAS,GAAjB,UAAkB,KAAe;QAC7B,IAAI,WAAW,GAAG,KAAK,CAAC,IAAI,EAAE,CAAC;QAC/B,IAAI,CAAC,aAAa,EAAE,CAAC;QACrB,IAAI,CAAC,QAAQ,CAAC,IAAI,CAAC,2CAAW,IAAI,CAAC,KAAK,CAAC,sBAAsB,CAAC,WAAW,CAAG,EAAE,IAAI,EAAE,EAAE,QAAQ,EAAE,IAAI,EAAE,CAAC,CAAC;QAC1G,IAAI,CAAC,MAAM,CAAC,KAAK,EAAE,CAAC;IACxB,CAAC;IAED;;;;OAIG;IACI,wCAAU,GAAjB,UAAkB,KAAY,EAAE,KAAU;QAA1C,iBASC;QARG,KAAK,CAAC,cAAc,EAAE,CAAC;QACvB,EAAE,CAAC,CAAC,IAAI,CAAC,MAAM,CAAC,KAAK,CAAC,CAAC,CAAC;YACpB,IAAI,CAAC,OAAO,CAAC,MAAM,CAAC,EAAE,KAAK,EAAE,KAAK,CAAC,KAAK,EAAE,QAAQ,EAAE,KAAK,CAAC,QAAQ,EAAE,IAAI,EAAE,KAAK,CAAC,IAAI,EAAE,OAAO,EAAE,KAAK,CAAC,OAAO,EAAE,QAAQ,EAAE,KAAK,CAAC,QAAQ,EAAE,CAAC,CAAC,SAAS,CAAC,UAAC,GAAG;gBACpJ,KAAI,CAAC,YAAY,CAAC,GAAG,CAAC,CAAC;YAC3B,CAAC,EAAE,UAAC,GAAG;gBACH,KAAI,CAAC,SAAS,CAAC,GAAG,CAAC,CAAC;YACxB,CAAC,CAAC,CAAC;QACP,CAAC;IACL,CAAC;IAED;;;OAGG;IACI,uCAAS,GAAhB,UAAiB,KAAY;QACzB,IAAI,CAAC,MAAM,CAAC,KAAK,EAAE,CAAC;QACpB,KAAK,CAAC,cAAc,EAAE,CAAC;IAC3B,CAAC;IACL,0BAAC;AAAD,CAAC,AA3FD,IA2FC;AAnFa;IAAT,aAAM,EAAE;8BAAgB,iBAAS;mDAAC;AACzB;IAAT,aAAM,EAAE;;8DAA0C;AACzC;IAAT,aAAM,EAAE;;6DAAyC;AAVzC,mBAAmB;IA1C/B,gBAAS,CAAC;QACP,QAAQ,EAAE,aAAa;QACvB,QAAQ,EAAE,igGAsCF;KACX,CAAC;qCAYkB,mBAAW,EAAW,gCAAc,EAAS,aAAK,EAAY,qBAAU,EAAU,eAAM;GAX/F,mBAAmB,CA2F/B;AA3FY,kDAAmB","sourcesContent":["import { Component, OnInit, Output } from \"@angular/core\";\r\nimport { AccountService } from \"../services/account.service\";\r\nimport { FormGroup, FormControl, Validators, FormBuilder } from \"@angular/forms\";\r\nimport { Utils } from \"../../main/utils/utils\";\r\nimport { Response } from \"@angular/http\";\r\nimport { Router } from \"@angular/router\";\r\nimport { MdSnackBar } from \"@angular/material\";\r\nimport { IErrorMessages } from \"../../main/inputs/reactive-input.component\";\r\n\r\nexport let infoErrorMessages = {\r\n    required: \"Поле обязательно для заполнения\",\r\n    maxlength: \"Не более 40 сиволов\"\r\n};\r\n\r\nexport let accErrorMessages = {\r\n    email: \"Неправильный email\",\r\n    minlength: \"Пароль должен быть не менее 6 символов\",\r\n    required: \"Поле обязательно для заполнения\",\r\n    sameFields: \"Пароли должны совпадать\"\r\n};\r\n\r\n@Component({\r\n    selector: \"create-user\",\r\n    template: `\r\n    <form class=\"login-form\" [formGroup]=\"create\" (ngSubmit)=\"submitForm($event, create.value)\">\r\n        <md-list class=\"content-window\">\r\n            <md-list-item class=\"form-item\"><h1>Создать аккаунт</h1></md-list-item>\r\n            <md-list-item class=\"form-input form-item\">\r\n                <reactive-input [group]=\"create\" [errorList]=\"infoErrorMessages\" [controlName]=\"'name'\" [type]=\"'text'\" [placeholder]=\"'Имя'\" required=\"true\">\r\n                </reactive-input>\r\n            </md-list-item>\r\n            <md-list-item class=\"form-input form-item\">\r\n                <reactive-input [group]=\"create\" [errorList]=\"infoErrorMessages\" [controlName]=\"'surname'\" [type]=\"'text'\" [placeholder]=\"'Фамилия'\" required=\"true\">\r\n                </reactive-input>\r\n            </md-list-item>\r\n            <md-list-item class=\"form-input form-item\">\r\n                <reactive-input [group]=\"create\" [errorList]=\"infoErrorMessages\" [controlName]=\"'lastName'\" [type]=\"'text'\" [placeholder]=\"'Отчество'\" required=\"true\">\r\n                </reactive-input>\r\n            </md-list-item>\r\n            <md-list-item class=\"form-input form-item\">\r\n                <reactive-input [group]=\"create\" [errorList]=\"accErrorMessages\" [controlName]=\"'email'\" [type]=\"'email'\" [placeholder]=\"'Email'\" required=\"true\">\r\n                </reactive-input>\r\n            </md-list-item>\r\n            <md-list-item class=\"form-input form-item\">\r\n                <reactive-input [group]=\"create\" [errorList]=\"accErrorMessages\" [controlName]=\"'password'\" [type]=\"'password'\" [placeholder]=\"'Пароль'\" required=\"true\">\r\n                </reactive-input>\r\n            </md-list-item>\r\n            <md-list-item class=\"form-input form-item\">\r\n                <reactive-input [group]=\"create\" [errorList]=\"accErrorMessages\" [controlName]=\"'repeatPassword'\" [type]=\"'password'\" [placeholder]=\"'Повторите пароль'\" required=\"true\">\r\n                </reactive-input>\r\n            </md-list-item>\r\n            <md-list-item class=\"form-item\">\r\n                <div class=\"link-wrapper\">\r\n                    <a routerLink=\"../login\" routerLinkActive=\"active\">Уже есть аккаунт?</a>\r\n                </div>\r\n                <div class=\"button-wrapper\">\r\n                    <button md-raised-button class=\"clean-login account\" type=\"reset\" (click)=\"resetForm($event)\">Очистить</button>\r\n                    <button md-raised-button class=\"send-login\" type=\"submit\">Отправить</button>\r\n                </div>\r\n            </md-list-item>\r\n        </md-list>\r\n    </form>`\r\n})\r\nexport class CreateUserComponent implements OnInit {\r\n    // services\r\n    private fb: FormBuilder;\r\n    private account: AccountService;\r\n    private snackbar: MdSnackBar;\r\n    private router: Router;\r\n    private utils: Utils;\r\n    // inputs\r\n    @Output() public create: FormGroup;\r\n    @Output() public infoErrorMessages: IErrorMessages;\r\n    @Output() public accErrorMessages: IErrorMessages;\r\n    constructor(fb: FormBuilder, account: AccountService, utils: Utils, snackbar: MdSnackBar, router: Router) {\r\n        this.fb = fb;\r\n        this.account = account;\r\n        this.snackbar = snackbar;\r\n        this.router = router;\r\n        this.utils = utils;\r\n        this.infoErrorMessages = infoErrorMessages;\r\n        this.accErrorMessages = accErrorMessages;\r\n    }\r\n    public ngOnInit() {\r\n        this.initForm();\r\n    }\r\n\r\n    /**\r\n     * Initializes form\r\n     */\r\n    public initForm() {\r\n        let passwordInput = this.fb.control(\"\", [ Validators.required, Validators.minLength(6) ]);\r\n        this.create = this.fb.group({\r\n            name: this.fb.control(\"\", [ Validators.required, Validators.maxLength(40) ]),\r\n            surname: this.fb.control(\"\", [ Validators.required, Validators.maxLength(40) ]),\r\n            lastName: this.fb.control(\"\", [ Validators.required, Validators.maxLength(40) ]),\r\n            email: this.fb.control(\"\", [ Validators.required, Validators.email ]),\r\n            password: passwordInput,\r\n            repeatPassword: this.fb.control(\"\", [ Validators.required, Validators.minLength(6), this.utils.Validators.sameFields(passwordInput) ])\r\n        });\r\n    }\r\n\r\n    /**\r\n     * Closes snackbar\r\n     */\r\n    private resetSnackbar() {\r\n        this.snackbar.dismiss();\r\n    }\r\n\r\n    /**\r\n     * Handles user creation\r\n     * @param response Successful http response\r\n     */\r\n    private handleCreate(response: Response) {\r\n        this.resetSnackbar();\r\n        this.snackbar.open(\"Аккаунт создан\", \"Ok\", { duration: 5000 });\r\n        this.router.navigate([\"user\", \"login\"]);\r\n    }\r\n\r\n    /**\r\n     * Handles user creation error\r\n     * @param error Http error\r\n     */\r\n    private handleErr(error: Response) {\r\n        let parsedError = error.json();\r\n        this.resetSnackbar();\r\n        this.snackbar.open(`Ошибка: ${this.utils.translateErrorResponse(parsedError)}`, \"Ok\", { duration: 5000 });\r\n        this.create.reset();\r\n    }\r\n\r\n    /**\r\n     * Called on form submit\r\n     * @param event Submit event\r\n     * @param value Submit value\r\n     */\r\n    public submitForm(event: Event, value: any) {\r\n        event.preventDefault();\r\n        if (this.create.valid) {\r\n            this.account.create({ email: value.email, password: value.password, name: value.name, surname: value.surname, lastName: value.lastName }).subscribe((res) => {\r\n                this.handleCreate(res);\r\n            }, (err) => {\r\n                this.handleErr(err);\r\n            });\r\n        }\r\n    }\r\n\r\n    /**\r\n     * Called on form reset\r\n     * @param event Reset event\r\n     */\r\n    public resetForm(event: Event) {\r\n        this.create.reset();\r\n        event.preventDefault();\r\n    }\r\n}"]},"_coverageSchema":"332fd63041d2c1bcb487cc26dd0d5f7d97098a6c","hash":"788bf4a7731c9f66ec9471c35213220f27bea388","l":{"2":1,"3":4,"4":4,"5":0,"6":4,"8":1,"9":4,"11":1,"12":1,"13":1,"14":1,"15":1,"16":1,"17":1,"18":1,"22":1,"28":1,"30":8,"31":8,"32":8,"33":8,"34":8,"35":8,"36":8,"38":1,"39":8,"44":1,"45":8,"46":8,"58":1,"59":5,"65":1,"66":3,"67":3,"68":3,"74":1,"75":2,"76":2,"77":2,"78":2,"85":1,"86":6,"87":6,"88":6,"89":5,"90":3,"92":2,"100":1,"101":2,"102":2,"104":1,"106":1,"110":1,"114":1,"118":1,"125":1}},
"C:\\Users\\Yashi\\Documents\\Projects\\zno-library\\client\\account\\services\\account.service.ts":{"path":"C:\\Users\\Yashi\\Documents\\Projects\\zno-library\\client\\account\\services\\account.service.ts","statementMap":{"0":{"start":{"line":2,"column":17},"end":{"line":7,"column":1}},"1":{"start":{"line":3,"column":12},"end":{"line":3,"column":28}},"2":{"start":{"line":3,"column":34},"end":{"line":3,"column":125}},"3":{"start":{"line":4,"column":4},"end":{"line":5,"column":150}},"4":{"start":{"line":4,"column":79},"end":{"line":4,"column":131}},"5":{"start":{"line":5,"column":9},"end":{"line":5,"column":150}},"6":{"start":{"line":5,"column":58},"end":{"line":5,"column":150}},"7":{"start":{"line":5,"column":81},"end":{"line":5,"column":150}},"8":{"start":{"line":6,"column":4},"end":{"line":6,"column":66}},"9":{"start":{"line":8,"column":17},"end":{"line":10,"column":1}},"10":{"start":{"line":9,"column":4},"end":{"line":9,"column":109}},"11":{"start":{"line":9,"column":79},"end":{"line":9,"column":109}},"12":{"start":{"line":11,"column":14},"end":{"line":13,"column":1}},"13":{"start":{"line":12,"column":4},"end":{"line":12,"column":73}},"14":{"start":{"line":12,"column":36},"end":{"line":12,"column":71}},"15":{"start":{"line":14,"column":0},"end":{"line":14,"column":62}},"16":{"start":{"line":15,"column":13},"end":{"line":15,"column":37}},"17":{"start":{"line":16,"column":13},"end":{"line":16,"column":28}},"18":{"start":{"line":17,"column":20},"end":{"line":17,"column":53}},"19":{"start":{"line":18,"column":24},"end":{"line":18,"column":66}},"20":{"start":{"line":19,"column":33},"end":{"line":19,"column":83}},"21":{"start":{"line":20,"column":22},"end":{"line":20,"column":61}},"22":{"start":{"line":25,"column":0},"end":{"line":29,"column":65}},"23":{"start":{"line":26,"column":4},"end":{"line":26,"column":54}},"24":{"start":{"line":27,"column":4},"end":{"line":27,"column":64}},"25":{"start":{"line":28,"column":4},"end":{"line":28,"column":60}},"26":{"start":{"line":30,"column":22},"end":{"line":141,"column":3}},"27":{"start":{"line":32,"column":8},"end":{"line":32,"column":36}},"28":{"start":{"line":33,"column":8},"end":{"line":33,"column":48}},"29":{"start":{"line":34,"column":8},"end":{"line":34,"column":25}},"30":{"start":{"line":35,"column":8},"end":{"line":35,"column":31}},"31":{"start":{"line":36,"column":8},"end":{"line":36,"column":33}},"32":{"start":{"line":41,"column":4},"end":{"line":52,"column":6}},"33":{"start":{"line":42,"column":20},"end":{"line":42,"column":24}},"34":{"start":{"line":43,"column":8},"end":{"line":51,"column":9}},"35":{"start":{"line":44,"column":12},"end":{"line":44,"column":51}},"36":{"start":{"line":45,"column":12},"end":{"line":45,"column":89}},"37":{"start":{"line":46,"column":12},"end":{"line":50,"column":15}},"38":{"start":{"line":47,"column":16},"end":{"line":47,"column":59}},"39":{"start":{"line":49,"column":16},"end":{"line":49,"column":61}},"40":{"start":{"line":57,"column":4},"end":{"line":64,"column":6}},"41":{"start":{"line":58,"column":8},"end":{"line":63,"column":9}},"42":{"start":{"line":59,"column":12},"end":{"line":59,"column":91}},"43":{"start":{"line":62,"column":12},"end":{"line":62,"column":86}},"44":{"start":{"line":68,"column":4},"end":{"line":76,"column":6}},"45":{"start":{"line":69,"column":20},"end":{"line":69,"column":24}},"46":{"start":{"line":70,"column":8},"end":{"line":70,"column":31}},"47":{"start":{"line":71,"column":8},"end":{"line":75,"column":11}},"48":{"start":{"line":72,"column":12},"end":{"line":72,"column":34}},"49":{"start":{"line":74,"column":12},"end":{"line":74,"column":34}},"50":{"start":{"line":82,"column":4},"end":{"line":90,"column":6}},"51":{"start":{"line":83,"column":20},"end":{"line":83,"column":24}},"52":{"start":{"line":84,"column":8},"end":{"line":89,"column":11}},"53":{"start":{"line":85,"column":12},"end":{"line":85,"column":41}},"54":{"start":{"line":86,"column":12},"end":{"line":86,"column":43}},"55":{"start":{"line":87,"column":33},"end":{"line":87,"column":48}},"56":{"start":{"line":88,"column":12},"end":{"line":88,"column":75}},"57":{"start":{"line":95,"column":4},"end":{"line":108,"column":6}},"58":{"start":{"line":96,"column":20},"end":{"line":96,"column":24}},"59":{"start":{"line":97,"column":8},"end":{"line":97,"column":31}},"60":{"start":{"line":98,"column":27},"end":{"line":98,"column":81}},"61":{"start":{"line":99,"column":27},"end":{"line":99,"column":79}},"62":{"start":{"line":100,"column":31},"end":{"line":100,"column":82}},"63":{"start":{"line":101,"column":8},"end":{"line":107,"column":11}},"64":{"start":{"line":102,"column":12},"end":{"line":102,"column":34}},"65":{"start":{"line":103,"column":12},"end":{"line":103,"column":55}},"66":{"start":{"line":105,"column":12},"end":{"line":105,"column":34}},"67":{"start":{"line":106,"column":12},"end":{"line":106,"column":57}},"68":{"start":{"line":112,"column":4},"end":{"line":126,"column":6}},"69":{"start":{"line":113,"column":20},"end":{"line":113,"column":24}},"70":{"start":{"line":114,"column":8},"end":{"line":114,"column":31}},"71":{"start":{"line":115,"column":23},"end":{"line":115,"column":50}},"72":{"start":{"line":116,"column":23},"end":{"line":118,"column":10}},"73":{"start":{"line":117,"column":12},"end":{"line":117,"column":34}},"74":{"start":{"line":119,"column":26},"end":{"line":119,"column":57}},"75":{"start":{"line":120,"column":8},"end":{"line":125,"column":11}},"76":{"start":{"line":121,"column":12},"end":{"line":121,"column":57}},"77":{"start":{"line":122,"column":12},"end":{"line":122,"column":34}},"78":{"start":{"line":124,"column":12},"end":{"line":124,"column":34}},"79":{"start":{"line":130,"column":4},"end":{"line":139,"column":6}},"80":{"start":{"line":131,"column":20},"end":{"line":131,"column":24}},"81":{"start":{"line":132,"column":8},"end":{"line":132,"column":31}},"82":{"start":{"line":133,"column":27},"end":{"line":133,"column":82}},"83":{"start":{"line":134,"column":8},"end":{"line":138,"column":11}},"84":{"start":{"line":135,"column":12},"end":{"line":135,"column":34}},"85":{"start":{"line":137,"column":12},"end":{"line":137,"column":34}},"86":{"start":{"line":140,"column":4},"end":{"line":140,"column":26}},"87":{"start":{"line":142,"column":0},"end":{"line":146,"column":19}},"88":{"start":{"line":147,"column":0},"end":{"line":147,"column":40}}},"fnMap":{"0":{"name":"(anonymous_0)","decl":{"start":{"line":2,"column":46},"end":{"line":2,"column":47}},"loc":{"start":{"line":2,"column":87},"end":{"line":7,"column":1}},"line":2},"1":{"name":"(anonymous_1)","decl":{"start":{"line":8,"column":46},"end":{"line":8,"column":47}},"loc":{"start":{"line":8,"column":62},"end":{"line":10,"column":1}},"line":8},"2":{"name":"(anonymous_2)","decl":{"start":{"line":11,"column":40},"end":{"line":11,"column":41}},"loc":{"start":{"line":11,"column":73},"end":{"line":13,"column":1}},"line":11},"3":{"name":"(anonymous_3)","decl":{"start":{"line":12,"column":11},"end":{"line":12,"column":12}},"loc":{"start":{"line":12,"column":34},"end":{"line":12,"column":73}},"line":12},"4":{"name":"(anonymous_4)","decl":{"start":{"line":25,"column":1},"end":{"line":25,"column":2}},"loc":{"start":{"line":25,"column":23},"end":{"line":29,"column":1}},"line":25},"5":{"name":"(anonymous_5)","decl":{"start":{"line":30,"column":22},"end":{"line":30,"column":23}},"loc":{"start":{"line":30,"column":34},"end":{"line":141,"column":1}},"line":30},"6":{"name":"AccountService","decl":{"start":{"line":31,"column":13},"end":{"line":31,"column":27}},"loc":{"start":{"line":31,"column":61},"end":{"line":37,"column":5}},"line":31},"7":{"name":"(anonymous_7)","decl":{"start":{"line":41,"column":43},"end":{"line":41,"column":44}},"loc":{"start":{"line":41,"column":55},"end":{"line":52,"column":5}},"line":41},"8":{"name":"(anonymous_8)","decl":{"start":{"line":46,"column":39},"end":{"line":46,"column":40}},"loc":{"start":{"line":46,"column":59},"end":{"line":48,"column":13}},"line":46},"9":{"name":"(anonymous_9)","decl":{"start":{"line":48,"column":15},"end":{"line":48,"column":16}},"loc":{"start":{"line":48,"column":30},"end":{"line":50,"column":13}},"line":48},"10":{"name":"(anonymous_10)","decl":{"start":{"line":57,"column":46},"end":{"line":57,"column":47}},"loc":{"start":{"line":57,"column":68},"end":{"line":64,"column":5}},"line":57},"11":{"name":"(anonymous_11)","decl":{"start":{"line":68,"column":41},"end":{"line":68,"column":42}},"loc":{"start":{"line":68,"column":53},"end":{"line":76,"column":5}},"line":68},"12":{"name":"(anonymous_12)","decl":{"start":{"line":71,"column":93},"end":{"line":71,"column":94}},"loc":{"start":{"line":71,"column":105},"end":{"line":73,"column":9}},"line":71},"13":{"name":"(anonymous_13)","decl":{"start":{"line":73,"column":11},"end":{"line":73,"column":12}},"loc":{"start":{"line":73,"column":23},"end":{"line":75,"column":9}},"line":73},"14":{"name":"(anonymous_14)","decl":{"start":{"line":82,"column":43},"end":{"line":82,"column":44}},"loc":{"start":{"line":82,"column":73},"end":{"line":90,"column":5}},"line":82},"15":{"name":"(anonymous_15)","decl":{"start":{"line":84,"column":28},"end":{"line":84,"column":29}},"loc":{"start":{"line":84,"column":48},"end":{"line":89,"column":9}},"line":84},"16":{"name":"(anonymous_16)","decl":{"start":{"line":95,"column":37},"end":{"line":95,"column":38}},"loc":{"start":{"line":95,"column":60},"end":{"line":108,"column":5}},"line":95},"17":{"name":"(anonymous_17)","decl":{"start":{"line":101,"column":35},"end":{"line":101,"column":36}},"loc":{"start":{"line":101,"column":52},"end":{"line":104,"column":9}},"line":101},"18":{"name":"(anonymous_18)","decl":{"start":{"line":104,"column":11},"end":{"line":104,"column":12}},"loc":{"start":{"line":104,"column":28},"end":{"line":107,"column":9}},"line":104},"19":{"name":"(anonymous_19)","decl":{"start":{"line":112,"column":38},"end":{"line":112,"column":39}},"loc":{"start":{"line":112,"column":50},"end":{"line":126,"column":5}},"line":112},"20":{"name":"(anonymous_20)","decl":{"start":{"line":116,"column":83},"end":{"line":116,"column":84}},"loc":{"start":{"line":116,"column":103},"end":{"line":118,"column":9}},"line":116},"21":{"name":"(anonymous_21)","decl":{"start":{"line":120,"column":30},"end":{"line":120,"column":31}},"loc":{"start":{"line":120,"column":42},"end":{"line":123,"column":9}},"line":120},"22":{"name":"(anonymous_22)","decl":{"start":{"line":123,"column":11},"end":{"line":123,"column":12}},"loc":{"start":{"line":123,"column":23},"end":{"line":125,"column":9}},"line":123},"23":{"name":"(anonymous_23)","decl":{"start":{"line":130,"column":38},"end":{"line":130,"column":39}},"loc":{"start":{"line":130,"column":61},"end":{"line":139,"column":5}},"line":130},"24":{"name":"(anonymous_24)","decl":{"start":{"line":134,"column":31},"end":{"line":134,"column":32}},"loc":{"start":{"line":134,"column":43},"end":{"line":136,"column":9}},"line":134},"25":{"name":"(anonymous_25)","decl":{"start":{"line":136,"column":11},"end":{"line":136,"column":12}},"loc":{"start":{"line":136,"column":23},"end":{"line":138,"column":9}},"line":136}},"branchMap":{"0":{"loc":{"start":{"line":2,"column":17},"end":{"line":7,"column":1}},"type":"binary-expr","locations":[{"start":{"line":2,"column":18},"end":{"line":2,"column":22}},{"start":{"line":2,"column":26},"end":{"line":2,"column":41}},{"start":{"line":2,"column":46},"end":{"line":7,"column":1}}],"line":2},"1":{"loc":{"start":{"line":3,"column":34},"end":{"line":3,"column":125}},"type":"cond-expr","locations":[{"start":{"line":3,"column":42},"end":{"line":3,"column":48}},{"start":{"line":3,"column":51},"end":{"line":3,"column":125}}],"line":3},"2":{"loc":{"start":{"line":3,"column":51},"end":{"line":3,"column":125}},"type":"cond-expr","locations":[{"start":{"line":3,"column":67},"end":{"line":3,"column":118}},{"start":{"line":3,"column":121},"end":{"line":3,"column":125}}],"line":3},"3":{"loc":{"start":{"line":4,"column":4},"end":{"line":5,"column":150}},"type":"if","locations":[{"start":{"line":4,"column":4},"end":{"line":5,"column":150}},{"start":{"line":4,"column":4},"end":{"line":5,"column":150}}],"line":4},"4":{"loc":{"start":{"line":4,"column":8},"end":{"line":4,"column":77}},"type":"binary-expr","locations":[{"start":{"line":4,"column":8},"end":{"line":4,"column":35}},{"start":{"line":4,"column":39},"end":{"line":4,"column":77}}],"line":4},"5":{"loc":{"start":{"line":5,"column":58},"end":{"line":5,"column":150}},"type":"if","locations":[{"start":{"line":5,"column":58},"end":{"line":5,"column":150}},{"start":{"line":5,"column":58},"end":{"line":5,"column":150}}],"line":5},"6":{"loc":{"start":{"line":5,"column":85},"end":{"line":5,"column":149}},"type":"binary-expr","locations":[{"start":{"line":5,"column":86},"end":{"line":5,"column":143}},{"start":{"line":5,"column":148},"end":{"line":5,"column":149}}],"line":5},"7":{"loc":{"start":{"line":5,"column":86},"end":{"line":5,"column":143}},"type":"cond-expr","locations":[{"start":{"line":5,"column":94},"end":{"line":5,"column":98}},{"start":{"line":5,"column":101},"end":{"line":5,"column":143}}],"line":5},"8":{"loc":{"start":{"line":5,"column":101},"end":{"line":5,"column":143}},"type":"cond-expr","locations":[{"start":{"line":5,"column":109},"end":{"line":5,"column":126}},{"start":{"line":5,"column":129},"end":{"line":5,"column":143}}],"line":5},"9":{"loc":{"start":{"line":6,"column":11},"end":{"line":6,"column":62}},"type":"binary-expr","locations":[{"start":{"line":6,"column":11},"end":{"line":6,"column":16}},{"start":{"line":6,"column":20},"end":{"line":6,"column":21}},{"start":{"line":6,"column":25},"end":{"line":6,"column":62}}],"line":6},"10":{"loc":{"start":{"line":8,"column":17},"end":{"line":10,"column":1}},"type":"binary-expr","locations":[{"start":{"line":8,"column":18},"end":{"line":8,"column":22}},{"start":{"line":8,"column":26},"end":{"line":8,"column":41}},{"start":{"line":8,"column":46},"end":{"line":10,"column":1}}],"line":8},"11":{"loc":{"start":{"line":9,"column":4},"end":{"line":9,"column":109}},"type":"if","locations":[{"start":{"line":9,"column":4},"end":{"line":9,"column":109}},{"start":{"line":9,"column":4},"end":{"line":9,"column":109}}],"line":9},"12":{"loc":{"start":{"line":9,"column":8},"end":{"line":9,"column":77}},"type":"binary-expr","locations":[{"start":{"line":9,"column":8},"end":{"line":9,"column":35}},{"start":{"line":9,"column":39},"end":{"line":9,"column":77}}],"line":9},"13":{"loc":{"start":{"line":11,"column":14},"end":{"line":13,"column":1}},"type":"binary-expr","locations":[{"start":{"line":11,"column":15},"end":{"line":11,"column":19}},{"start":{"line":11,"column":23},"end":{"line":11,"column":35}},{"start":{"line":11,"column":40},"end":{"line":13,"column":1}}],"line":11},"14":{"loc":{"start":{"line":29,"column":16},"end":{"line":29,"column":63}},"type":"binary-expr","locations":[{"start":{"line":29,"column":16},"end":{"line":29,"column":34}},{"start":{"line":29,"column":39},"end":{"line":29,"column":62}}],"line":29},"15":{"loc":{"start":{"line":43,"column":8},"end":{"line":51,"column":9}},"type":"if","locations":[{"start":{"line":43,"column":8},"end":{"line":51,"column":9}},{"start":{"line":43,"column":8},"end":{"line":51,"column":9}}],"line":43},"16":{"loc":{"start":{"line":58,"column":8},"end":{"line":63,"column":9}},"type":"if","locations":[{"start":{"line":58,"column":8},"end":{"line":63,"column":9}},{"start":{"line":58,"column":8},"end":{"line":63,"column":9}}],"line":58}},"s":{"0":1,"1":1,"2":1,"3":1,"4":1,"5":0,"6":0,"7":0,"8":1,"9":1,"10":1,"11":1,"12":1,"13":4,"14":4,"15":1,"16":1,"17":1,"18":1,"19":1,"20":1,"21":1,"22":1,"23":1,"24":1,"25":1,"26":1,"27":24,"28":24,"29":24,"30":24,"31":24,"32":1,"33":4,"34":4,"35":4,"36":4,"37":4,"38":1,"39":1,"40":1,"41":6,"42":5,"43":1,"44":1,"45":7,"46":7,"47":7,"48":3,"49":1,"50":1,"51":9,"52":9,"53":6,"54":6,"55":6,"56":6,"57":1,"58":9,"59":9,"60":9,"61":9,"62":9,"63":9,"64":5,"65":5,"66":1,"67":1,"68":1,"69":5,"70":5,"71":5,"72":5,"73":1,"74":5,"75":5,"76":4,"77":4,"78":0,"79":1,"80":3,"81":3,"82":3,"83":3,"84":1,"85":0,"86":1,"87":1,"88":1},"f":{"0":1,"1":1,"2":4,"3":4,"4":1,"5":1,"6":24,"7":4,"8":1,"9":1,"10":6,"11":7,"12":3,"13":1,"14":9,"15":6,"16":9,"17":5,"18":1,"19":5,"20":1,"21":4,"22":0,"23":3,"24":1,"25":0},"b":{"0":[1,1,1],"1":[1,0],"2":[0,0],"3":[1,0],"4":[1,1],"5":[0,0],"6":[0,0],"7":[0,0],"8":[0,0],"9":[1,0,0],"10":[1,1,1],"11":[1,0],"12":[1,1],"13":[1,1,1],"14":[1,1],"15":[4,0],"16":[5,1]},"inputSourceMap":{"version":3,"file":"C:/Users/Yashi/Documents/Projects/zno-library/client/account/services/account.service.ts","sourceRoot":"C:/Users/Yashi/Documents/Projects/zno-library/","sources":["client\\account\\services\\account.service.ts"],"names":[],"mappings":";;;;;;;;;;;;;;AAAA,sCAAmD;AACnD,6BAAiD;AAGjD,sDAA4D;AAC5D,mEAAiE;AACjE,oFAAiF;AACjF,8DAA6D;AAkC7D;;GAEG;AACH,IAAY,UAIX;AAJD,WAAY,UAAU;IAClB,iDAAS,CAAA;IACT,2DAAc,CAAA;IACd,uDAAY,CAAA;AAChB,CAAC,EAJW,UAAU,GAAV,kBAAU,KAAV,kBAAU,QAIrB;AAGD,IAAa,cAAc;IAMvB,wBAA4C,QAAgC,EAA8B,IAAwB,EAAkB,MAAc,EAA0B,OAAuB;QAC/M,IAAI,CAAC,KAAK,GAAI,MAAc,CAAC,OAAO,CAAC;QACrC,IAAI,CAAC,KAAK,GAAG,IAAI,oBAAa,EAAE,CAAC;QACjC,IAAI,CAAC,IAAI,GAAG,IAAI,CAAC;QACjB,IAAI,CAAC,OAAO,GAAG,OAAO,CAAC;QACvB,IAAI,CAAC,QAAQ,GAAG,QAAQ,CAAC;IAC7B,CAAC;IAED;;OAEG;IACI,oCAAW,GAAlB;QAAA,iBAUC;QATG,EAAE,CAAC,CAAC,CAAC,IAAI,CAAC,QAAQ,CAAC,WAAW,EAAE,CAAC,OAAO,EAAE,CAAC,CAAC,CAAC;YACzC,IAAI,CAAC,KAAK,CAAC,IAAI,CAAC,UAAU,CAAC,SAAS,CAAC,CAAC,CAAC;YACvC,IAAI,CAAC,QAAQ,CAAC,WAAW,CAAC,IAAI,IAAI,CAAC,KAAK,CAAC,MAAM,EAAE,EAAE,eAAe,EAAE,IAAI,EAAE,CAAC,CAAC,CAAC;YAC7E,IAAI,CAAC,SAAS,EAAE,CAAC,SAAS,CAAC,UAAC,QAAQ;gBAChC,KAAI,CAAC,KAAK,CAAC,IAAI,CAAC,UAAU,CAAC,YAAY,CAAC,CAAC,CAAC;YAC9C,CAAC,EAAE,UAAC,GAAG;gBACH,KAAI,CAAC,KAAK,CAAC,IAAI,CAAC,UAAU,CAAC,cAAc,CAAC,CAAC,CAAC;YAChD,CAAC,CAAC,CAAC;QACP,CAAC;IACL,CAAC;IAED;;;OAGG;IACK,uCAAc,GAAtB,UAAuB,UAAmB;QACtC,EAAE,CAAC,CAAC,UAAU,CAAC,CAAC,CAAC;YACb,IAAI,CAAC,QAAQ,CAAC,WAAW,CAAC,IAAI,EAAE,IAAI,CAAC,KAAK,EAAE,MAAM,EAAE,EAAE,eAAe,EAAE,IAAI,EAAE,CAAC,CAAC;QACnF,CAAC;QAAC,IAAI,CAAC,CAAC;YACJ,IAAI,CAAC,QAAQ,CAAC,WAAW,CAAC,eAAe,EAAE,6BAAa,CAAC,CAAC;QAC9D,CAAC;IACL,CAAC;IAED;;OAEG;IACI,kCAAS,GAAhB;QAAA,iBAOC;QANG,IAAI,CAAC,OAAO,CAAC,OAAO,EAAE,CAAC;QACvB,MAAM,CAAC,IAAI,CAAC,QAAQ,CAAC,WAAW,EAAE,CAAC,SAAS,CAAC,iBAAU,CAAC,EAAE,CAAC,CAAC,OAAO,EAAE,EAAE,CAAC,CAAC,CAAC,CAAC,EAAE,CAAC;YAC1E,KAAI,CAAC,OAAO,CAAC,KAAK,EAAE,CAAC;QACzB,CAAC,EAAE;YACC,KAAI,CAAC,OAAO,CAAC,KAAK,EAAE,CAAC;QACzB,CAAC,CAAC,CAAC;IACP,CAAC;IAED;;;;OAIG;IACK,oCAAW,GAAnB,UAAoB,QAA8B,EAAE,QAAiB;QAArE,iBAOC;QANG,MAAM,CAAC,QAAQ,CAAC,GAAG,CAAC,UAAC,QAAQ;YACzB,KAAI,CAAC,OAAO,CAAC,UAAU,CAAC,EAAE,CAAC,CAAC;YAC5B,KAAI,CAAC,cAAc,CAAC,QAAQ,CAAC,CAAC;YAC9B,IAAI,cAAc,GAAG,QAAQ,CAAC,IAAI,EAAE,CAAC;YACrC,MAAM,CAAC,CAAE,MAAM,CAAC,MAAM,CAAC,cAAc,EAAE,EAAE,KAAK,EAAE,OAAO,EAAE,CAAC,EAAE,EAAE,CAAE,CAAC;QACrE,CAAC,CAAC,CAAC;IACP,CAAC;IAED;;;OAGG;IACI,8BAAK,GAAZ,UAAa,WAA8B;QAA3C,iBAYC;QAXG,IAAI,CAAC,OAAO,CAAC,OAAO,EAAE,CAAC;QACvB,IAAI,YAAY,GAAG,IAAI,CAAC,IAAI,CAAC,SAAS,CAAC,iBAAU,CAAC,EAAE,CAAC,WAAW,CAAC,CAAC,CAAC;QACnE,IAAI,YAAY,GAAG,IAAI,CAAC,WAAW,CAAC,YAAY,EAAE,WAAW,CAAC,QAAQ,CAAC,CAAC;QACxE,IAAI,gBAAgB,GAAG,IAAI,CAAC,QAAQ,CAAC,WAAW,EAAE,CAAC,SAAS,CAAC,YAAY,CAAC,CAAC;QAC3E,MAAM,CAAC,gBAAgB,CAAC,EAAE,CAAC,UAAC,KAAK;YAC7B,KAAI,CAAC,OAAO,CAAC,KAAK,EAAE,CAAC;YACrB,KAAI,CAAC,KAAK,CAAC,IAAI,CAAC,UAAU,CAAC,YAAY,CAAC,CAAC,CAAC;QAC9C,CAAC,EAAE,UAAC,KAAK;YACL,KAAI,CAAC,OAAO,CAAC,KAAK,EAAE,CAAC;YACrB,KAAI,CAAC,KAAK,CAAC,IAAI,CAAC,UAAU,CAAC,cAAc,CAAC,CAAC,CAAC;QAChD,CAAC,CAAC,CAAC;IACP,CAAC;IAED;;OAEG;IACI,+BAAM,GAAb;QAAA,iBAaC;QAZG,IAAI,CAAC,OAAO,CAAC,OAAO,EAAE,CAAC;QACvB,IAAI,QAAQ,GAAG,IAAI,CAAC,QAAQ,CAAC,WAAW,EAAE,CAAC;QAC3C,IAAI,QAAQ,GAAG,QAAQ,CAAC,SAAS,CAAC,iBAAU,CAAC,EAAE,CAAC,CAAC,OAAO,EAAE,EAAE,CAAC,CAAC,CAAC,CAAC,GAAG,CAAC,UAAC,QAAQ;YACzE,MAAM,CAAC,CAAE,QAAQ,EAAE,EAAE,CAAE,CAAC;QAC5B,CAAC,CAAC,CAAC;QACH,IAAI,WAAW,GAAG,QAAQ,CAAC,YAAY,CAAC,QAAQ,CAAC,CAAC;QAClD,MAAM,CAAC,WAAW,CAAC,EAAE,CAAC;YAClB,KAAI,CAAC,KAAK,CAAC,IAAI,CAAC,UAAU,CAAC,cAAc,CAAC,CAAC,CAAC;YAC5C,KAAI,CAAC,OAAO,CAAC,KAAK,EAAE,CAAC;QACzB,CAAC,EAAE;YACC,KAAI,CAAC,OAAO,CAAC,KAAK,EAAE,CAAC;QACzB,CAAC,CAAC,CAAC;IACP,CAAC;IAED;;OAEG;IACI,+BAAM,GAAb,UAAc,WAAoB;QAAlC,iBAQC;QAPG,IAAI,CAAC,OAAO,CAAC,OAAO,EAAE,CAAC;QACvB,IAAI,YAAY,GAAG,IAAI,CAAC,IAAI,CAAC,UAAU,CAAC,iBAAU,CAAC,EAAE,CAAC,WAAW,CAAC,CAAC,CAAC;QACpE,MAAM,CAAC,YAAY,CAAC,EAAE,CAAC;YACnB,KAAI,CAAC,OAAO,CAAC,KAAK,EAAE,CAAC;QACzB,CAAC,EAAE;YACC,KAAI,CAAC,OAAO,CAAC,KAAK,EAAE,CAAC;QACzB,CAAC,CAAC,CAAC;IACP,CAAC;IACL,qBAAC;AAAD,CAAC,AAnHD,IAmHC;AAnHY,cAAc;IAD1B,iBAAU,EAAE;IAOI,WAAA,aAAM,CAAC,iDAAsB,CAAC,CAAA,EAAoC,WAAA,aAAM,CAAC,gCAAkB,CAAC,CAAA,EAA4B,WAAA,aAAM,CAAC,MAAM,CAAC,CAAA,EAAkB,WAAA,aAAM,CAAC,gCAAc,CAAC,CAAA;qCAArI,iDAAsB,EAAoC,gCAAkB,EAA0B,MAAM,EAAmC,gCAAc;GAN1M,cAAc,CAmH1B;AAnHY,wCAAc","sourcesContent":["import { Injectable, Inject } from \"@angular/core\";\r\nimport { ReplaySubject, Observable } from \"rxjs\";\r\nimport { Http, Response } from \"@angular/http\";\r\nimport { DatabaseClient, IUserDoc } from \"../../database/database.module\";\r\nimport { AccountHttpService } from \"../../http/http.module\";\r\nimport { LoadingService } from \"../../main/load/loading.service\";\r\nimport { AccountDatabaseService } from \"../../database/account-database.service\";\r\nimport { InMemoryStore } from \"../../database/inMemoryStore\";\r\n\r\n/**\r\n * Data for creating user\r\n */\r\nexport interface ICreate {\r\n    email: string;\r\n    password: string;\r\n    name: string;\r\n    surname: string;\r\n    lastName: string;\r\n}\r\n\r\n/**\r\n * Login credentials\r\n */\r\nexport interface ILoginCredentials {\r\n    email: string;\r\n    password: string;\r\n    remember: boolean;\r\n}\r\n\r\n/**\r\n * Response from logging in\r\n */\r\nexport interface ILoginResponse {\r\n    token: string;\r\n    email: string;\r\n    roles: string[];\r\n    name: string;\r\n    surname: string;\r\n    lastName: string;\r\n}\r\n\r\n/**\r\n * States of account\r\n */\r\nexport enum TokenState {\r\n    \"pending\",\r\n    \"unauthorized\",\r\n    \"authorized\"\r\n}\r\n\r\n@Injectable()\r\nexport class AccountService {\r\n    private pouch: PouchDB.Static;\r\n    private http: AccountHttpService;\r\n    private database: AccountDatabaseService;\r\n    private loading: LoadingService;\r\n    public state: ReplaySubject<TokenState>;\r\n    constructor(@Inject(AccountDatabaseService) database: AccountDatabaseService, @Inject(AccountHttpService) http: AccountHttpService, @Inject(Window) window: Window, @Inject(LoadingService) loading: LoadingService) {\r\n        this.pouch = (window as any).PouchDB;\r\n        this.state = new ReplaySubject();\r\n        this.http = http;\r\n        this.loading = loading;\r\n        this.database = database;\r\n    }\r\n\r\n    /**\r\n     * Initializes account service\r\n     */\r\n    public initAccount() {\r\n        if (!this.database.getDatabase().isSetDb()) {\r\n            this.state.next(TokenState[\"pending\"]);\r\n            this.database.addDatabase(new this.pouch(\"user\", { auto_compaction: true }));\r\n            this.checkAuth().subscribe((response) => {\r\n                this.state.next(TokenState[\"authorized\"]);\r\n            }, (err) => {\r\n                this.state.next(TokenState[\"unauthorized\"]);\r\n            });\r\n        }\r\n    }\r\n\r\n    /**\r\n     * Sets database store to use either PouchDB or InMemoryStore\r\n     * @param persistent Will database data be persistent\r\n     */\r\n    private setProperStore(persistent: boolean) {\r\n        if (persistent) {\r\n            this.database.setProperDb(\"Te\", this.pouch, \"user\", { auto_compaction: true });\r\n        } else {\r\n            this.database.setProperDb(\"InMemoryStore\", InMemoryStore);\r\n        }\r\n    }\r\n\r\n    /**\r\n     * Checks if user is logged in\r\n     */\r\n    public checkAuth(): Observable<IUserDoc> {\r\n        this.loading.onStart();\r\n        return this.database.getDatabase().getRecord(Observable.of([\"token\", {}])).do(() => {\r\n            this.loading.onEnd();\r\n        }, () => {\r\n            this.loading.onEnd();\r\n        });\r\n    }\r\n\r\n    /**\r\n     * Handles login response\r\n     * @param response Observable with response\r\n     * @param remember Should token be remembered\r\n     */\r\n    private handleLogin(response: Observable<Response>, remember: boolean) {\r\n        return response.map((response) => {\r\n            this.loading.onComplete(50);\r\n            this.setProperStore(remember);\r\n            let parsedResponse = response.json();\r\n            return [ Object.assign(parsedResponse, { \"_id\": \"token\" }), {} ];\r\n        });\r\n    }\r\n\r\n    /**\r\n     * Logs in user\r\n     * @param credentials Login credentials and should auth be remembered\r\n     */\r\n    public logIn(credentials: ILoginCredentials): Observable<any> {\r\n        this.loading.onStart();\r\n        let httpResponse = this.http.loginUser(Observable.of(credentials));\r\n        let loginHandled = this.handleLogin(httpResponse, credentials.remember);\r\n        let databaseResponse = this.database.getDatabase().putRecord(loginHandled);\r\n        return databaseResponse.do((value) => {\r\n            this.loading.onEnd();\r\n            this.state.next(TokenState[\"authorized\"]);\r\n        }, (error) => {\r\n            this.loading.onEnd();\r\n            this.state.next(TokenState[\"unauthorized\"]);\r\n        });\r\n    }\r\n\r\n    /**\r\n     * Logs off user\r\n     */\r\n    public logOff() {\r\n        this.loading.onStart();\r\n        let database = this.database.getDatabase();\r\n        let getToken = database.getRecord(Observable.of([\"token\", {}])).map((response) => {\r\n            return [ response, {} ];\r\n        });\r\n        let deleteToken = database.removeRecord(getToken);\r\n        return deleteToken.do(() => {\r\n            this.state.next(TokenState[\"unauthorized\"]);\r\n            this.loading.onEnd();\r\n        }, () => {\r\n            this.loading.onEnd();\r\n        });\r\n    }\r\n\r\n    /**\r\n     * Creates user\r\n     */\r\n    public create(credentials: ICreate) {\r\n        this.loading.onStart();\r\n        let httpResponse = this.http.createUser(Observable.of(credentials));\r\n        return httpResponse.do(() => {\r\n            this.loading.onEnd();\r\n        }, () => {\r\n            this.loading.onEnd();\r\n        });\r\n    }\r\n}"]},"_coverageSchema":"332fd63041d2c1bcb487cc26dd0d5f7d97098a6c","hash":"8403c5a4460768ccad0195ca8ef52575f1125c5b","l":{"2":1,"3":1,"4":1,"5":0,"6":1,"8":1,"9":1,"11":1,"12":4,"14":1,"15":1,"16":1,"17":1,"18":1,"19":1,"20":1,"25":1,"26":1,"27":1,"28":1,"30":1,"32":24,"33":24,"34":24,"35":24,"36":24,"41":1,"42":4,"43":4,"44":4,"45":4,"46":4,"47":1,"49":1,"57":1,"58":6,"59":5,"62":1,"68":1,"69":7,"70":7,"71":7,"72":3,"74":1,"82":1,"83":9,"84":9,"85":6,"86":6,"87":6,"88":6,"95":1,"96":9,"97":9,"98":9,"99":9,"100":9,"101":9,"102":5,"103":5,"105":1,"106":1,"112":1,"113":5,"114":5,"115":5,"116":5,"117":1,"119":5,"120":5,"121":4,"122":4,"124":0,"130":1,"131":3,"132":3,"133":3,"134":3,"135":1,"137":0,"140":1,"142":1,"147":1}},
"C:\\Users\\Yashi\\Documents\\Projects\\zno-library\\client\\http\\http.module.ts":{"path":"C:\\Users\\Yashi\\Documents\\Projects\\zno-library\\client\\http\\http.module.ts","statementMap":{"0":{"start":{"line":2,"column":17},"end":{"line":7,"column":1}},"1":{"start":{"line":3,"column":12},"end":{"line":3,"column":28}},"2":{"start":{"line":3,"column":34},"end":{"line":3,"column":125}},"3":{"start":{"line":4,"column":4},"end":{"line":5,"column":150}},"4":{"start":{"line":4,"column":79},"end":{"line":4,"column":131}},"5":{"start":{"line":5,"column":9},"end":{"line":5,"column":150}},"6":{"start":{"line":5,"column":58},"end":{"line":5,"column":150}},"7":{"start":{"line":5,"column":81},"end":{"line":5,"column":150}},"8":{"start":{"line":6,"column":4},"end":{"line":6,"column":66}},"9":{"start":{"line":8,"column":0},"end":{"line":8,"column":62}},"10":{"start":{"line":9,"column":13},"end":{"line":9,"column":37}},"11":{"start":{"line":11,"column":29},"end":{"line":11,"column":62}},"12":{"start":{"line":12,"column":29},"end":{"line":12,"column":62}},"13":{"start":{"line":13,"column":28},"end":{"line":13,"column":60}},"14":{"start":{"line":14,"column":25},"end":{"line":14,"column":54}},"15":{"start":{"line":16,"column":29},"end":{"line":16,"column":62}},"16":{"start":{"line":17,"column":0},"end":{"line":17,"column":71}},"17":{"start":{"line":18,"column":29},"end":{"line":18,"column":62}},"18":{"start":{"line":19,"column":0},"end":{"line":19,"column":71}},"19":{"start":{"line":20,"column":28},"end":{"line":20,"column":60}},"20":{"start":{"line":21,"column":0},"end":{"line":21,"column":68}},"21":{"start":{"line":22,"column":25},"end":{"line":22,"column":54}},"22":{"start":{"line":23,"column":0},"end":{"line":23,"column":59}},"23":{"start":{"line":24,"column":21},"end":{"line":28,"column":3}},"24":{"start":{"line":27,"column":4},"end":{"line":27,"column":25}},"25":{"start":{"line":29,"column":0},"end":{"line":33,"column":18}},"26":{"start":{"line":34,"column":0},"end":{"line":34,"column":38}}},"fnMap":{"0":{"name":"(anonymous_0)","decl":{"start":{"line":2,"column":46},"end":{"line":2,"column":47}},"loc":{"start":{"line":2,"column":87},"end":{"line":7,"column":1}},"line":2},"1":{"name":"(anonymous_1)","decl":{"start":{"line":24,"column":21},"end":{"line":24,"column":22}},"loc":{"start":{"line":24,"column":33},"end":{"line":28,"column":1}},"line":24},"2":{"name":"AppHttpModule","decl":{"start":{"line":25,"column":13},"end":{"line":25,"column":26}},"loc":{"start":{"line":25,"column":29},"end":{"line":26,"column":5}},"line":25}},"branchMap":{"0":{"loc":{"start":{"line":2,"column":17},"end":{"line":7,"column":1}},"type":"binary-expr","locations":[{"start":{"line":2,"column":18},"end":{"line":2,"column":22}},{"start":{"line":2,"column":26},"end":{"line":2,"column":41}},{"start":{"line":2,"column":46},"end":{"line":7,"column":1}}],"line":2},"1":{"loc":{"start":{"line":3,"column":34},"end":{"line":3,"column":125}},"type":"cond-expr","locations":[{"start":{"line":3,"column":42},"end":{"line":3,"column":48}},{"start":{"line":3,"column":51},"end":{"line":3,"column":125}}],"line":3},"2":{"loc":{"start":{"line":3,"column":51},"end":{"line":3,"column":125}},"type":"cond-expr","locations":[{"start":{"line":3,"column":67},"end":{"line":3,"column":118}},{"start":{"line":3,"column":121},"end":{"line":3,"column":125}}],"line":3},"3":{"loc":{"start":{"line":4,"column":4},"end":{"line":5,"column":150}},"type":"if","locations":[{"start":{"line":4,"column":4},"end":{"line":5,"column":150}},{"start":{"line":4,"column":4},"end":{"line":5,"column":150}}],"line":4},"4":{"loc":{"start":{"line":4,"column":8},"end":{"line":4,"column":77}},"type":"binary-expr","locations":[{"start":{"line":4,"column":8},"end":{"line":4,"column":35}},{"start":{"line":4,"column":39},"end":{"line":4,"column":77}}],"line":4},"5":{"loc":{"start":{"line":5,"column":58},"end":{"line":5,"column":150}},"type":"if","locations":[{"start":{"line":5,"column":58},"end":{"line":5,"column":150}},{"start":{"line":5,"column":58},"end":{"line":5,"column":150}}],"line":5},"6":{"loc":{"start":{"line":5,"column":85},"end":{"line":5,"column":149}},"type":"binary-expr","locations":[{"start":{"line":5,"column":86},"end":{"line":5,"column":143}},{"start":{"line":5,"column":148},"end":{"line":5,"column":149}}],"line":5},"7":{"loc":{"start":{"line":5,"column":86},"end":{"line":5,"column":143}},"type":"cond-expr","locations":[{"start":{"line":5,"column":94},"end":{"line":5,"column":98}},{"start":{"line":5,"column":101},"end":{"line":5,"column":143}}],"line":5},"8":{"loc":{"start":{"line":5,"column":101},"end":{"line":5,"column":143}},"type":"cond-expr","locations":[{"start":{"line":5,"column":109},"end":{"line":5,"column":126}},{"start":{"line":5,"column":129},"end":{"line":5,"column":143}}],"line":5},"9":{"loc":{"start":{"line":6,"column":11},"end":{"line":6,"column":62}},"type":"binary-expr","locations":[{"start":{"line":6,"column":11},"end":{"line":6,"column":16}},{"start":{"line":6,"column":20},"end":{"line":6,"column":21}},{"start":{"line":6,"column":25},"end":{"line":6,"column":62}}],"line":6}},"s":{"0":1,"1":1,"2":1,"3":1,"4":1,"5":0,"6":0,"7":0,"8":1,"9":1,"10":1,"11":1,"12":1,"13":1,"14":1,"15":1,"16":1,"17":1,"18":1,"19":1,"20":1,"21":1,"22":1,"23":1,"24":1,"25":1,"26":1},"f":{"0":1,"1":1,"2":0},"b":{"0":[1,1,1],"1":[1,0],"2":[0,0],"3":[1,0],"4":[1,1],"5":[0,0],"6":[0,0],"7":[0,0],"8":[0,0],"9":[1,0,0]},"inputSourceMap":{"version":3,"file":"C:/Users/Yashi/Documents/Projects/zno-library/client/http/http.module.ts","sourceRoot":"C:/Users/Yashi/Documents/Projects/zno-library/","sources":["client\\http\\http.module.ts"],"names":[],"mappings":";;;;;;;;AAAA,sCAAyC;AACzC,UAAU;AACV,+DAA4D;AAC5D,+DAA4D;AAC5D,6DAA0D;AAC1D,uDAAoD;AACpD,UAAU;AACV,+DAA4D;AAAnD,oDAAA,kBAAkB,CAAA;AAC3B,+DAA4D;AAAnD,oDAAA,kBAAkB,CAAA;AAC3B,6DAA0D;AAAjD,kDAAA,iBAAiB,CAAA;AAC1B,uDAAoD;AAA3C,4CAAA,cAAc,CAAA;AAKvB,IAAa,aAAa;IAA1B;IAA4B,CAAC;IAAD,oBAAC;AAAD,CAAC,AAA7B,IAA6B;AAAhB,aAAa;IAHzB,eAAQ,CAAC;QACN,SAAS,EAAE,CAAE,yCAAkB,EAAE,yCAAkB,EAAE,uCAAiB,EAAE,iCAAc,CAAE;KAC3F,CAAC;GACW,aAAa,CAAG;AAAhB,sCAAa","sourcesContent":["import { NgModule } from \"@angular/core\";\r\n// imports\r\nimport { AccountHttpService } from \"./account-http.service\";\r\nimport { HistoryHttpService } from \"./history-http.service\";\r\nimport { CourseHttpService } from \"./course-http.service\";\r\nimport { TagHttpService } from \"./tag-http.service\";\r\n// exports\r\nexport { AccountHttpService } from \"./account-http.service\";\r\nexport { HistoryHttpService } from \"./history-http.service\";\r\nexport { CourseHttpService } from \"./course-http.service\";\r\nexport { TagHttpService } from \"./tag-http.service\";\r\n\r\n@NgModule({\r\n    providers: [ AccountHttpService, HistoryHttpService, CourseHttpService, TagHttpService ]\r\n})\r\nexport class AppHttpModule {}"]},"_coverageSchema":"332fd63041d2c1bcb487cc26dd0d5f7d97098a6c","hash":"0f4cee2af689ff00d554932a378d7542dedac6af","l":{"2":1,"3":1,"4":1,"5":0,"6":1,"8":1,"9":1,"11":1,"12":1,"13":1,"14":1,"16":1,"17":1,"18":1,"19":1,"20":1,"21":1,"22":1,"23":1,"24":1,"27":1,"29":1,"34":1}},
"C:\\Users\\Yashi\\Documents\\Projects\\zno-library\\client\\http\\account-http.service.ts":{"path":"C:\\Users\\Yashi\\Documents\\Projects\\zno-library\\client\\http\\account-http.service.ts","statementMap":{"0":{"start":{"line":2,"column":17},"end":{"line":7,"column":1}},"1":{"start":{"line":3,"column":12},"end":{"line":3,"column":28}},"2":{"start":{"line":3,"column":34},"end":{"line":3,"column":125}},"3":{"start":{"line":4,"column":4},"end":{"line":5,"column":150}},"4":{"start":{"line":4,"column":79},"end":{"line":4,"column":131}},"5":{"start":{"line":5,"column":9},"end":{"line":5,"column":150}},"6":{"start":{"line":5,"column":58},"end":{"line":5,"column":150}},"7":{"start":{"line":5,"column":81},"end":{"line":5,"column":150}},"8":{"start":{"line":6,"column":4},"end":{"line":6,"column":66}},"9":{"start":{"line":8,"column":17},"end":{"line":10,"column":1}},"10":{"start":{"line":9,"column":4},"end":{"line":9,"column":109}},"11":{"start":{"line":9,"column":79},"end":{"line":9,"column":109}},"12":{"start":{"line":11,"column":14},"end":{"line":13,"column":1}},"13":{"start":{"line":12,"column":4},"end":{"line":12,"column":73}},"14":{"start":{"line":12,"column":36},"end":{"line":12,"column":71}},"15":{"start":{"line":14,"column":0},"end":{"line":14,"column":62}},"16":{"start":{"line":15,"column":13},"end":{"line":15,"column":37}},"17":{"start":{"line":16,"column":13},"end":{"line":16,"column":37}},"18":{"start":{"line":17,"column":14},"end":{"line":17,"column":44}},"19":{"start":{"line":18,"column":26},"end":{"line":50,"column":3}},"20":{"start":{"line":20,"column":8},"end":{"line":20,"column":25}},"21":{"start":{"line":21,"column":8},"end":{"line":21,"column":27}},"22":{"start":{"line":27,"column":4},"end":{"line":35,"column":6}},"23":{"start":{"line":28,"column":20},"end":{"line":28,"column":24}},"24":{"start":{"line":29,"column":22},"end":{"line":29,"column":43}},"25":{"start":{"line":30,"column":22},"end":{"line":30,"column":69}},"26":{"start":{"line":31,"column":8},"end":{"line":34,"column":23}},"27":{"start":{"line":32,"column":27},"end":{"line":32,"column":112}},"28":{"start":{"line":33,"column":12},"end":{"line":33,"column":28}},"29":{"start":{"line":40,"column":4},"end":{"line":48,"column":6}},"30":{"start":{"line":41,"column":20},"end":{"line":41,"column":24}},"31":{"start":{"line":42,"column":22},"end":{"line":42,"column":43}},"32":{"start":{"line":43,"column":22},"end":{"line":43,"column":69}},"33":{"start":{"line":44,"column":8},"end":{"line":47,"column":23}},"34":{"start":{"line":45,"column":27},"end":{"line":45,"column":72}},"35":{"start":{"line":46,"column":12},"end":{"line":46,"column":28}},"36":{"start":{"line":49,"column":4},"end":{"line":49,"column":30}},"37":{"start":{"line":51,"column":0},"end":{"line":55,"column":23}},"38":{"start":{"line":56,"column":0},"end":{"line":56,"column":48}}},"fnMap":{"0":{"name":"(anonymous_0)","decl":{"start":{"line":2,"column":46},"end":{"line":2,"column":47}},"loc":{"start":{"line":2,"column":87},"end":{"line":7,"column":1}},"line":2},"1":{"name":"(anonymous_1)","decl":{"start":{"line":8,"column":46},"end":{"line":8,"column":47}},"loc":{"start":{"line":8,"column":62},"end":{"line":10,"column":1}},"line":8},"2":{"name":"(anonymous_2)","decl":{"start":{"line":11,"column":40},"end":{"line":11,"column":41}},"loc":{"start":{"line":11,"column":73},"end":{"line":13,"column":1}},"line":11},"3":{"name":"(anonymous_3)","decl":{"start":{"line":12,"column":11},"end":{"line":12,"column":12}},"loc":{"start":{"line":12,"column":34},"end":{"line":12,"column":73}},"line":12},"4":{"name":"(anonymous_4)","decl":{"start":{"line":18,"column":26},"end":{"line":18,"column":27}},"loc":{"start":{"line":18,"column":38},"end":{"line":50,"column":1}},"line":18},"5":{"name":"AccountHttpService","decl":{"start":{"line":19,"column":13},"end":{"line":19,"column":31}},"loc":{"start":{"line":19,"column":45},"end":{"line":22,"column":5}},"line":19},"6":{"name":"(anonymous_6)","decl":{"start":{"line":27,"column":45},"end":{"line":27,"column":46}},"loc":{"start":{"line":27,"column":68},"end":{"line":35,"column":5}},"line":27},"7":{"name":"(anonymous_7)","decl":{"start":{"line":31,"column":31},"end":{"line":31,"column":32}},"loc":{"start":{"line":31,"column":46},"end":{"line":34,"column":9}},"line":31},"8":{"name":"(anonymous_8)","decl":{"start":{"line":40,"column":46},"end":{"line":40,"column":47}},"loc":{"start":{"line":40,"column":69},"end":{"line":48,"column":5}},"line":40},"9":{"name":"(anonymous_9)","decl":{"start":{"line":44,"column":31},"end":{"line":44,"column":32}},"loc":{"start":{"line":44,"column":46},"end":{"line":47,"column":9}},"line":44}},"branchMap":{"0":{"loc":{"start":{"line":2,"column":17},"end":{"line":7,"column":1}},"type":"binary-expr","locations":[{"start":{"line":2,"column":18},"end":{"line":2,"column":22}},{"start":{"line":2,"column":26},"end":{"line":2,"column":41}},{"start":{"line":2,"column":46},"end":{"line":7,"column":1}}],"line":2},"1":{"loc":{"start":{"line":3,"column":34},"end":{"line":3,"column":125}},"type":"cond-expr","locations":[{"start":{"line":3,"column":42},"end":{"line":3,"column":48}},{"start":{"line":3,"column":51},"end":{"line":3,"column":125}}],"line":3},"2":{"loc":{"start":{"line":3,"column":51},"end":{"line":3,"column":125}},"type":"cond-expr","locations":[{"start":{"line":3,"column":67},"end":{"line":3,"column":118}},{"start":{"line":3,"column":121},"end":{"line":3,"column":125}}],"line":3},"3":{"loc":{"start":{"line":4,"column":4},"end":{"line":5,"column":150}},"type":"if","locations":[{"start":{"line":4,"column":4},"end":{"line":5,"column":150}},{"start":{"line":4,"column":4},"end":{"line":5,"column":150}}],"line":4},"4":{"loc":{"start":{"line":4,"column":8},"end":{"line":4,"column":77}},"type":"binary-expr","locations":[{"start":{"line":4,"column":8},"end":{"line":4,"column":35}},{"start":{"line":4,"column":39},"end":{"line":4,"column":77}}],"line":4},"5":{"loc":{"start":{"line":5,"column":58},"end":{"line":5,"column":150}},"type":"if","locations":[{"start":{"line":5,"column":58},"end":{"line":5,"column":150}},{"start":{"line":5,"column":58},"end":{"line":5,"column":150}}],"line":5},"6":{"loc":{"start":{"line":5,"column":85},"end":{"line":5,"column":149}},"type":"binary-expr","locations":[{"start":{"line":5,"column":86},"end":{"line":5,"column":143}},{"start":{"line":5,"column":148},"end":{"line":5,"column":149}}],"line":5},"7":{"loc":{"start":{"line":5,"column":86},"end":{"line":5,"column":143}},"type":"cond-expr","locations":[{"start":{"line":5,"column":94},"end":{"line":5,"column":98}},{"start":{"line":5,"column":101},"end":{"line":5,"column":143}}],"line":5},"8":{"loc":{"start":{"line":5,"column":101},"end":{"line":5,"column":143}},"type":"cond-expr","locations":[{"start":{"line":5,"column":109},"end":{"line":5,"column":126}},{"start":{"line":5,"column":129},"end":{"line":5,"column":143}}],"line":5},"9":{"loc":{"start":{"line":6,"column":11},"end":{"line":6,"column":62}},"type":"binary-expr","locations":[{"start":{"line":6,"column":11},"end":{"line":6,"column":16}},{"start":{"line":6,"column":20},"end":{"line":6,"column":21}},{"start":{"line":6,"column":25},"end":{"line":6,"column":62}}],"line":6},"10":{"loc":{"start":{"line":8,"column":17},"end":{"line":10,"column":1}},"type":"binary-expr","locations":[{"start":{"line":8,"column":18},"end":{"line":8,"column":22}},{"start":{"line":8,"column":26},"end":{"line":8,"column":41}},{"start":{"line":8,"column":46},"end":{"line":10,"column":1}}],"line":8},"11":{"loc":{"start":{"line":9,"column":4},"end":{"line":9,"column":109}},"type":"if","locations":[{"start":{"line":9,"column":4},"end":{"line":9,"column":109}},{"start":{"line":9,"column":4},"end":{"line":9,"column":109}}],"line":9},"12":{"loc":{"start":{"line":9,"column":8},"end":{"line":9,"column":77}},"type":"binary-expr","locations":[{"start":{"line":9,"column":8},"end":{"line":9,"column":35}},{"start":{"line":9,"column":39},"end":{"line":9,"column":77}}],"line":9},"13":{"loc":{"start":{"line":11,"column":14},"end":{"line":13,"column":1}},"type":"binary-expr","locations":[{"start":{"line":11,"column":15},"end":{"line":11,"column":19}},{"start":{"line":11,"column":23},"end":{"line":11,"column":35}},{"start":{"line":11,"column":40},"end":{"line":13,"column":1}}],"line":11}},"s":{"0":1,"1":1,"2":1,"3":1,"4":1,"5":0,"6":0,"7":0,"8":1,"9":1,"10":1,"11":1,"12":1,"13":2,"14":2,"15":1,"16":1,"17":1,"18":1,"19":1,"20":8,"21":8,"22":1,"23":4,"24":4,"25":4,"26":4,"27":4,"28":4,"29":1,"30":4,"31":4,"32":4,"33":4,"34":4,"35":4,"36":1,"37":1,"38":1},"f":{"0":1,"1":1,"2":2,"3":2,"4":1,"5":8,"6":4,"7":4,"8":4,"9":4},"b":{"0":[1,1,1],"1":[1,0],"2":[0,0],"3":[1,0],"4":[1,1],"5":[0,0],"6":[0,0],"7":[0,0],"8":[0,0],"9":[1,0,0],"10":[1,1,1],"11":[1,0],"12":[1,1],"13":[1,1,1]},"inputSourceMap":{"version":3,"file":"C:/Users/Yashi/Documents/Projects/zno-library/client/http/account-http.service.ts","sourceRoot":"C:/Users/Yashi/Documents/Projects/zno-library/","sources":["client\\http\\account-http.service.ts"],"names":[],"mappings":";;;;;;;;;;;;;;AAAA,sCAAmD;AACnD,sCAA+D;AAE/D,6CAA4C;AAI5C,IAAa,kBAAkB;IAG3B,4BAA0B,IAAU,EAAiB,KAAY;QAC7D,IAAI,CAAC,IAAI,GAAG,IAAI,CAAC;QACjB,IAAI,CAAC,KAAK,GAAG,KAAK,CAAC;IACvB,CAAC;IAED;;;OAGG;IACI,sCAAS,GAAhB,UAAiB,WAA0C;QAA3D,iBAOC;QANG,IAAI,OAAO,GAAG,IAAI,CAAC,KAAK,CAAC,QAAQ,EAAE,CAAC;QACpC,IAAI,OAAO,GAAG,IAAI,qBAAc,CAAC,EAAE,OAAO,EAAE,OAAO,EAAE,CAAC,CAAC;QACvD,MAAM,CAAC,WAAW,CAAC,GAAG,CAAC,UAAC,GAAG;YACvB,IAAI,QAAQ,GAAG,KAAI,CAAC,IAAI,CAAC,IAAI,CAAC,aAAa,EAAE,EAAE,KAAK,EAAE,GAAG,CAAC,KAAK,EAAE,QAAQ,EAAE,GAAG,CAAC,QAAQ,EAAE,EAAE,OAAO,CAAC,CAAC;YACpG,MAAM,CAAC,QAAQ,CAAC;QACpB,CAAC,CAAC,CAAC,SAAS,EAAE,CAAC;IACnB,CAAC;IAED;;;OAGG;IACI,uCAAU,GAAjB,UAAkB,WAAgC;QAAlD,iBAOC;QANG,IAAI,OAAO,GAAG,IAAI,CAAC,KAAK,CAAC,QAAQ,EAAE,CAAC;QACpC,IAAI,OAAO,GAAG,IAAI,qBAAc,CAAC,EAAE,OAAO,EAAE,OAAO,EAAE,CAAC,CAAC;QACvD,MAAM,CAAC,WAAW,CAAC,GAAG,CAAC,UAAC,GAAG;YACvB,IAAI,QAAQ,GAAG,KAAI,CAAC,IAAI,CAAC,IAAI,CAAC,cAAc,EAAE,GAAG,EAAE,OAAO,CAAC,CAAC;YAC5D,MAAM,CAAC,QAAQ,CAAC;QACpB,CAAC,CAAC,CAAC,SAAS,EAAE,CAAC;IACnB,CAAC;IACL,yBAAC;AAAD,CAAC,AAjCD,IAiCC;AAjCY,kBAAkB;IAD9B,iBAAU,EAAE;IAII,WAAA,aAAM,CAAC,WAAI,CAAC,CAAA,EAAc,WAAA,aAAM,CAAC,aAAK,CAAC,CAAA;qCAApB,WAAI,EAAwB,aAAK;GAHxD,kBAAkB,CAiC9B;AAjCY,gDAAkB","sourcesContent":["import { Injectable, Inject } from \"@angular/core\";\r\nimport { Http, RequestOptions, Response } from \"@angular/http\";\r\nimport { ILoginCredentials, ICreate } from \"../account/services/account.service\";\r\nimport { Utils } from \"../main/utils/utils\";\r\nimport { Observable } from \"rxjs\";\r\n\r\n@Injectable()\r\nexport class AccountHttpService {\r\n    private http: Http;\r\n    private utils: Utils;\r\n    constructor(@Inject(Http) http: Http, @Inject(Utils) utils: Utils) {\r\n        this.http = http;\r\n        this.utils = utils;\r\n    }\r\n\r\n    /**\r\n     * Logs in user\r\n     * @param credentials Observable of login credentials\r\n     */\r\n    public loginUser(credentials: Observable<ILoginCredentials>): Observable<Response> {\r\n        let content = this.utils.JsonType();\r\n        let options = new RequestOptions({ headers: content });\r\n        return credentials.map((req) => {\r\n            let response = this.http.post(\"auth/login/\", { email: req.email, password: req.password }, options);\r\n            return response;\r\n        }).concatAll();\r\n    }\r\n\r\n    /**\r\n     * Creates new user\r\n     * @param credentials Observable of create credentials\r\n     */\r\n    public createUser(credentials: Observable<ICreate>) {\r\n        let content = this.utils.JsonType();\r\n        let options = new RequestOptions({ headers: content });\r\n        return credentials.map((req) => {\r\n            let response = this.http.post(\"auth/create/\", req, options);\r\n            return response;\r\n        }).concatAll();\r\n    }\r\n}"]},"_coverageSchema":"332fd63041d2c1bcb487cc26dd0d5f7d97098a6c","hash":"8a9b4e9816ba461cdde5dec1c21e31ed9c00cd7a","l":{"2":1,"3":1,"4":1,"5":0,"6":1,"8":1,"9":1,"11":1,"12":2,"14":1,"15":1,"16":1,"17":1,"18":1,"20":8,"21":8,"27":1,"28":4,"29":4,"30":4,"31":4,"32":4,"33":4,"40":1,"41":4,"42":4,"43":4,"44":4,"45":4,"46":4,"49":1,"51":1,"56":1}},
"C:\\Users\\Yashi\\Documents\\Projects\\zno-library\\client\\main\\utils\\utils.ts":{"path":"C:\\Users\\Yashi\\Documents\\Projects\\zno-library\\client\\main\\utils\\utils.ts","statementMap":{"0":{"start":{"line":2,"column":0},"end":{"line":2,"column":62}},"1":{"start":{"line":3,"column":13},"end":{"line":3,"column":28}},"2":{"start":{"line":4,"column":13},"end":{"line":4,"column":37}},"3":{"start":{"line":5,"column":21},"end":{"line":5,"column":46}},"4":{"start":{"line":6,"column":22},"end":{"line":6,"column":48}},"5":{"start":{"line":10,"column":13},"end":{"line":70,"column":3}},"6":{"start":{"line":15,"column":8},"end":{"line":17,"column":10}},"7":{"start":{"line":23,"column":4},"end":{"line":25,"column":6}},"8":{"start":{"line":24,"column":8},"end":{"line":24,"column":106}},"9":{"start":{"line":30,"column":4},"end":{"line":41,"column":6}},"10":{"start":{"line":31,"column":25},"end":{"line":31,"column":39}},"11":{"start":{"line":32,"column":20},"end":{"line":32,"column":89}},"12":{"start":{"line":32,"column":67},"end":{"line":32,"column":86}},"13":{"start":{"line":33,"column":23},"end":{"line":33,"column":42}},"14":{"start":{"line":34,"column":23},"end":{"line":34,"column":45}},"15":{"start":{"line":35,"column":8},"end":{"line":40,"column":9}},"16":{"start":{"line":36,"column":12},"end":{"line":36,"column":68}},"17":{"start":{"line":39,"column":12},"end":{"line":39,"column":56}},"18":{"start":{"line":46,"column":4},"end":{"line":48,"column":6}},"19":{"start":{"line":47,"column":8},"end":{"line":47,"column":58}},"20":{"start":{"line":53,"column":4},"end":{"line":55,"column":6}},"21":{"start":{"line":54,"column":8},"end":{"line":54,"column":55}},"22":{"start":{"line":60,"column":4},"end":{"line":62,"column":6}},"23":{"start":{"line":61,"column":8},"end":{"line":61,"column":92}},"24":{"start":{"line":61,"column":55},"end":{"line":61,"column":88}},"25":{"start":{"line":66,"column":4},"end":{"line":68,"column":6}},"26":{"start":{"line":67,"column":8},"end":{"line":67,"column":74}},"27":{"start":{"line":69,"column":4},"end":{"line":69,"column":17}},"28":{"start":{"line":71,"column":0},"end":{"line":71,"column":22}},"29":{"start":{"line":75,"column":0},"end":{"line":75,"column":60}}},"fnMap":{"0":{"name":"(anonymous_0)","decl":{"start":{"line":10,"column":13},"end":{"line":10,"column":14}},"loc":{"start":{"line":10,"column":25},"end":{"line":70,"column":1}},"line":10},"1":{"name":"Utils","decl":{"start":{"line":11,"column":13},"end":{"line":11,"column":18}},"loc":{"start":{"line":11,"column":21},"end":{"line":18,"column":5}},"line":11},"2":{"name":"(anonymous_2)","decl":{"start":{"line":23,"column":33},"end":{"line":23,"column":34}},"loc":{"start":{"line":23,"column":50},"end":{"line":25,"column":5}},"line":23},"3":{"name":"(anonymous_3)","decl":{"start":{"line":30,"column":45},"end":{"line":30,"column":46}},"loc":{"start":{"line":30,"column":65},"end":{"line":41,"column":5}},"line":30},"4":{"name":"(anonymous_4)","decl":{"start":{"line":32,"column":49},"end":{"line":32,"column":50}},"loc":{"start":{"line":32,"column":65},"end":{"line":32,"column":88}},"line":32},"5":{"name":"(anonymous_5)","decl":{"start":{"line":46,"column":45},"end":{"line":46,"column":46}},"loc":{"start":{"line":46,"column":62},"end":{"line":48,"column":5}},"line":46},"6":{"name":"(anonymous_6)","decl":{"start":{"line":53,"column":37},"end":{"line":53,"column":38}},"loc":{"start":{"line":53,"column":57},"end":{"line":55,"column":5}},"line":53},"7":{"name":"(anonymous_7)","decl":{"start":{"line":60,"column":34},"end":{"line":60,"column":35}},"loc":{"start":{"line":60,"column":54},"end":{"line":62,"column":5}},"line":60},"8":{"name":"(anonymous_8)","decl":{"start":{"line":61,"column":30},"end":{"line":61,"column":31}},"loc":{"start":{"line":61,"column":53},"end":{"line":61,"column":90}},"line":61},"9":{"name":"(anonymous_9)","decl":{"start":{"line":66,"column":31},"end":{"line":66,"column":32}},"loc":{"start":{"line":66,"column":43},"end":{"line":68,"column":5}},"line":66}},"branchMap":{"0":{"loc":{"start":{"line":35,"column":8},"end":{"line":40,"column":9}},"type":"if","locations":[{"start":{"line":35,"column":8},"end":{"line":40,"column":9}},{"start":{"line":35,"column":8},"end":{"line":40,"column":9}}],"line":35},"1":{"loc":{"start":{"line":35,"column":12},"end":{"line":35,"column":46}},"type":"binary-expr","locations":[{"start":{"line":35,"column":12},"end":{"line":35,"column":27}},{"start":{"line":35,"column":31},"end":{"line":35,"column":46}}],"line":35}},"s":{"0":1,"1":1,"2":1,"3":1,"4":1,"5":1,"6":51,"7":1,"8":1,"9":1,"10":6,"11":6,"12":18,"13":6,"14":6,"15":6,"16":5,"17":1,"18":1,"19":0,"20":1,"21":5,"22":1,"23":0,"24":0,"25":1,"26":8,"27":1,"28":1,"29":1},"f":{"0":1,"1":51,"2":1,"3":6,"4":18,"5":0,"6":5,"7":0,"8":0,"9":8},"b":{"0":[5,1],"1":[6,5]},"inputSourceMap":{"version":3,"file":"C:/Users/Yashi/Documents/Projects/zno-library/client/main/utils/utils.ts","sourceRoot":"C:/Users/Yashi/Documents/Projects/zno-library/","sources":["client\\main\\utils\\utils.ts"],"names":[],"mappings":";;AAEA,6BAAkC;AAClC,sCAAwC;AACxC,+CAA6F;AAE7F,iDAA6C;AAO7C;;GAEG;AACH;IAAA;QAEI;;WAEG;QACI,eAAU,GAAG;YAChB,UAAU,EAAE,0BAAU;SACzB,CAAC;IAwDN,CAAC;IAtDG;;;OAGG;IACK,0BAAU,GAAlB,UAAmB,KAAa;QAC5B,MAAM,CAAC,iDAAY,kCAAmB,CAAC,KAAK,CAAG,CAAC;IACpD,CAAC;IAED;;;OAGG;IACI,sCAAsB,GAA7B,UAA8B,QAAuB;QACjD,IAAI,UAAU,GAAG,QAAQ,CAAC,KAAK,CAAC;QAChC,IAAI,KAAK,GAAI,UAAqB,CAAC,KAAK,CAAC,GAAG,CAAC,CAAC,MAAM,CAAC,UAAC,IAAI,IAAO,MAAM,CAAC,IAAI,KAAK,EAAE,CAAC,CAAC,CAAC,CAAC,CAAC;QACxF,IAAI,QAAQ,GAAG,KAAK,CAAC,OAAO,CAAC,IAAI,CAAC,CAAC;QACnC,IAAI,QAAQ,GAAG,KAAK,CAAC,OAAO,CAAC,OAAO,CAAC,CAAC;QACtC,EAAE,CAAC,CAAE,QAAQ,KAAK,CAAC,CAAC,IAAI,QAAQ,KAAK,CAAC,CAAC,CAAC,CAAC,CAAC;YACtC,MAAM,CAAC,oCAAqB,CAAC,UAAU,CAAC,CAAC;QAC7C,CAAC;QAAC,IAAI,CAAC,CAAC;YACJ,MAAM,CAAC,IAAI,CAAC,UAAU,CAAC,KAAK,CAAC,QAAQ,GAAG,CAAC,CAAC,CAAC,CAAC;QAChD,CAAC;IACL,CAAC;IAED;;;OAGG;IACI,sCAAsB,GAA7B,UAA8B,KAAU;QACpC,MAAM,CAAC,8BAAe,CAAC,KAAK,CAAC,IAAI,CAAC,CAAC;IACvC,CAAC;IAED;;;OAGG;IACI,8BAAc,GAArB,UAAyB,QAAqB;QAC1C,MAAM,CAAC,iBAAU,CAAC,WAAW,CAAC,QAAQ,CAAC,CAAC;IAC5C,CAAC;IAED;;;OAGG;IACI,2BAAW,GAAlB,UAAsB,QAAwB;QAC1C,MAAM,CAAC,QAAQ,CAAC,KAAK,CAAC,UAAC,GAAG,EAAE,MAAM,IAAO,MAAM,CAAC,iBAAU,CAAC,EAAE,CAAC,GAAG,CAAC,CAAC,CAAC,CAAC,CAAC,CAAC;IAC3E,CAAC;IAED;;OAEG;IACI,wBAAQ,GAAf;QACI,MAAM,CAAC,IAAI,cAAO,CAAC,EAAE,cAAc,EAAE,kBAAkB,EAAE,CAAC,CAAC;IAC/D,CAAC;IACL,YAAC;AAAD,CAAC,AA/DD,IA+DC;AA/DY,sBAAK;AAiElB;;GAEG;AACU,QAAA,aAAa,GAAG,EAAE,OAAO,EAAE,KAAK,EAAE,QAAQ,EAAE,KAAK,EAAE,CAAC","sourcesContent":["// Input\r\nimport { FormBuilder } from \"@angular/forms\";\r\nimport { Observable } from \"rxjs\";\r\nimport { Headers } from \"@angular/http\";\r\nimport { BACKEND_ERROR_MAPPING, BACKEND_AUTH_FIELDS, DATABASE_ERRORS } from \"./errorMapping\";\r\nimport { Response } from \"@angular/http\";\r\nimport { sameFields } from \"./sameValidator\";\r\n\r\n/**\r\n * Response with error\r\n */\r\nexport type errorResponse = { error: string };\r\n\r\n/**\r\n * Class with utils\r\n */\r\nexport class Utils {\r\n\r\n    /**\r\n     * Collection of input validators\r\n     */\r\n    public Validators = {\r\n        sameFields: sameFields\r\n    };\r\n\r\n    /**\r\n     * Constructs error message for no field error\r\n     * @param field Field name\r\n     */\r\n    private noFieldErr(field: string) {\r\n        return `Нет поля ${BACKEND_AUTH_FIELDS[field]}`;\r\n    }\r\n\r\n    /**\r\n     * Translates database error\r\n     * @param response Error response object\r\n     */\r\n    public translateErrorResponse(response: errorResponse) {\r\n        let errContent = response.error;\r\n        let words = (errContent as string).split(\" \").filter((word) => { return word !== \"\"; });\r\n        let nofield1 = words.indexOf(\"No\");\r\n        let nofield2 = words.indexOf(\"field\");\r\n        if ( nofield1 === -1 && nofield2 === -1) {\r\n            return BACKEND_ERROR_MAPPING[errContent];\r\n        } else {\r\n            return this.noFieldErr(words[nofield1 + 1]);\r\n        }\r\n    }\r\n\r\n    /**\r\n     * Translates database errors\r\n     * @param error Error object\r\n     */\r\n    public translateDatabaseError(error: any) {\r\n        return DATABASE_ERRORS[error.name];\r\n    }\r\n\r\n    /**\r\n     * Handles resource promise responses and errors\r\n     * @param response Promise with response\r\n     */\r\n    public handleResponse<T>(response:  Promise<T>): Observable<T> {\r\n        return Observable.fromPromise(response);\r\n    }\r\n\r\n    /**\r\n     * Handles resource observable responses and errors\r\n     * @param response Observable with response\r\n     */\r\n    public handleError<T>(response:  Observable<T>): Observable<T> {\r\n        return response.catch((err, caught) => { return Observable.of(err); });\r\n    }\r\n\r\n    /**\r\n     * Returns content-type header for json request body\r\n     */\r\n    public JsonType() {\r\n        return new Headers({ \"Content-Type\": \"application/json\" });\r\n    }\r\n}\r\n\r\n/**\r\n * Provides handler for application resources\r\n */\r\nexport const utilsProvider = { provide: Utils, useClass: Utils };"]},"_coverageSchema":"332fd63041d2c1bcb487cc26dd0d5f7d97098a6c","hash":"7607b0592a8b6572cf5625aaf8b55b4702266a3d","l":{"2":1,"3":1,"4":1,"5":1,"6":1,"10":1,"15":51,"23":1,"24":1,"30":1,"31":6,"32":18,"33":6,"34":6,"35":6,"36":5,"39":1,"46":1,"47":0,"53":1,"54":5,"60":1,"61":0,"66":1,"67":8,"69":1,"71":1,"75":1}},
"C:\\Users\\Yashi\\Documents\\Projects\\zno-library\\client\\main\\utils\\errorMapping.ts":{"path":"C:\\Users\\Yashi\\Documents\\Projects\\zno-library\\client\\main\\utils\\errorMapping.ts","statementMap":{"0":{"start":{"line":2,"column":0},"end":{"line":2,"column":62}},"1":{"start":{"line":3,"column":0},"end":{"line":11,"column":2}},"2":{"start":{"line":12,"column":0},"end":{"line":18,"column":2}},"3":{"start":{"line":19,"column":0},"end":{"line":21,"column":2}}},"fnMap":{},"branchMap":{},"s":{"0":1,"1":1,"2":1,"3":1},"f":{},"b":{},"inputSourceMap":{"version":3,"file":"C:/Users/Yashi/Documents/Projects/zno-library/client/main/utils/errorMapping.ts","sourceRoot":"C:/Users/Yashi/Documents/Projects/zno-library/","sources":["client\\main\\utils\\errorMapping.ts"],"names":[],"mappings":";;AAEa,QAAA,qBAAqB,GAAG;IACjC,oBAAoB,EAAE,4BAA4B;IAClD,uBAAuB,EAAE,4BAA4B;IACrD,mBAAmB,EAAE,2BAA2B;IAChD,sBAAsB,EAAE,6BAA6B;IACrD,wBAAwB,EAAE,8BAA8B;IACxD,wBAAwB,EAAE,uBAAuB;IACjD,4BAA4B,EAAE,+BAA+B;CAChE,CAAC;AAEW,QAAA,mBAAmB,GAAG;IAC/B,OAAO,EAAE,OAAO;IAChB,UAAU,EAAE,QAAQ;IACpB,MAAM,EAAE,KAAK;IACb,SAAS,EAAE,SAAS;IACpB,UAAU,EAAE,UAAU;CACzB,CAAC;AAEW,QAAA,eAAe,GAAG;IAC3B,WAAW,EAAE,YAAY;CAC5B,CAAC","sourcesContent":["import { Response } from \"@angular/http\";\r\n\r\nexport const BACKEND_ERROR_MAPPING = {\r\n    \"Email is incorrect\": \"Неправельный формат емейла\",\r\n    \"Password is incorrect\": \"Неправельный формат пароля\",\r\n    \"Name is incorrect\": \"Неправельный формат имени\",\r\n    \"Surname is incorrect\": \"Неправельный формат фамилии\",\r\n    \"Last name is incorrect\": \"Неправельный формат отчества\",\r\n    \"Email was already used\": \"Емейл уже использован\",\r\n    \"Password or email is wrong\": \"Пароль или емейл неправельный\"\r\n};\r\n\r\nexport const BACKEND_AUTH_FIELDS = {\r\n    \"email\": \"емейл\",\r\n    \"password\": \"пароль\",\r\n    \"name\": \"имя\",\r\n    \"surname\": \"фамилия\",\r\n    \"lastName\": \"отчество\"\r\n};\r\n\r\nexport const DATABASE_ERRORS = {\r\n    \"not_found\": \"Не найдено\"\r\n};"]},"_coverageSchema":"332fd63041d2c1bcb487cc26dd0d5f7d9709
[...]
n":150}},"8":{"start":{"line":6,"column":4},"end":{"line":6,"column":66}},"9":{"start":{"line":8,"column":17},"end":{"line":10,"column":1}},"10":{"start":{"line":9,"column":4},"end":{"line":9,"column":109}},"11":{"start":{"line":9,"column":79},"end":{"line":9,"column":109}},"12":{"start":{"line":11,"column":0},"end":{"line":11,"column":62}},"13":{"start":{"line":12,"column":13},"end":{"line":12,"column":37}},"14":{"start":{"line":13,"column":14},"end":{"line":13,"column":39}},"15":{"start":{"line":14,"column":14},"end":{"line":14,"column":50}},"16":{"start":{"line":15,"column":17},"end":{"line":15,"column":45}},"17":{"start":{"line":16,"column":27},"end":{"line":16,"column":71}},"18":{"start":{"line":17,"column":0},"end":{"line":20,"column":2}},"19":{"start":{"line":21,"column":26},"end":{"line":102,"column":3}},"20":{"start":{"line":23,"column":8},"end":{"line":23,"column":27}},"21":{"start":{"line":24,"column":8},"end":{"line":24,"column":31}},"22":{"start":{"line":25,"column":8},"end":{"line":25,"column":21}},"23":{"start":{"line":26,"column":8},"end":{"line":26,"column":33}},"24":{"start":{"line":27,"column":8},"end":{"line":27,"column":29}},"25":{"start":{"line":28,"column":8},"end":{"line":28,"column":39}},"26":{"start":{"line":29,"column":8},"end":{"line":29,"column":30}},"27":{"start":{"line":34,"column":4},"end":{"line":36,"column":6}},"28":{"start":{"line":35,"column":8},"end":{"line":35,"column":24}},"29":{"start":{"line":40,"column":4},"end":{"line":47,"column":6}},"30":{"start":{"line":41,"column":8},"end":{"line":46,"column":11}},"31":{"start":{"line":52,"column":4},"end":{"line":60,"column":6}},"32":{"start":{"line":53,"column":22},"end":{"line":53,"column":47}},"33":{"start":{"line":54,"column":8},"end":{"line":54,"column":30}},"34":{"start":{"line":55,"column":8},"end":{"line":55,"column":40}},"35":{"start":{"line":56,"column":20},"end":{"line":56,"column":53}},"36":{"start":{"line":57,"column":8},"end":{"line":59,"column":9}},"37":{"start":{"line":58,"column":12},"end":{"line":58,"column":43}},"38":{"start":{"line":65,"column":4},"end":{"line":74,"column":6}},"39":{"start":{"line":66,"column":22},"end":{"line":66,"column":47}},"40":{"start":{"line":67,"column":8},"end":{"line":69,"column":11}},"41":{"start":{"line":70,"column":20},"end":{"line":70,"column":53}},"42":{"start":{"line":71,"column":8},"end":{"line":73,"column":9}},"43":{"start":{"line":72,"column":12},"end":{"line":72,"column":35}},"44":{"start":{"line":78,"column":4},"end":{"line":89,"column":6}},"45":{"start":{"line":79,"column":20},"end":{"line":79,"column":24}},"46":{"start":{"line":80,"column":26},"end":{"line":80,"column":54}},"47":{"start":{"line":81,"column":8},"end":{"line":88,"column":9}},"48":{"start":{"line":82,"column":12},"end":{"line":87,"column":15}},"49":{"start":{"line":84,"column":16},"end":{"line":84,"column":52}},"50":{"start":{"line":86,"column":16},"end":{"line":86,"column":50}},"51":{"start":{"line":93,"column":4},"end":{"line":96,"column":6}},"52":{"start":{"line":94,"column":8},"end":{"line":94,"column":31}},"53":{"start":{"line":95,"column":8},"end":{"line":95,"column":34}},"54":{"start":{"line":100,"column":4},"end":{"line":100,"column":61}},"55":{"start":{"line":101,"column":4},"end":{"line":101,"column":30}},"56":{"start":{"line":103,"column":0},"end":{"line":106,"column":54}},"57":{"start":{"line":107,"column":0},"end":{"line":110,"column":52}},"58":{"start":{"line":111,"column":0},"end":{"line":114,"column":56}},"59":{"start":{"line":115,"column":0},"end":{"line":121,"column":23}},"60":{"start":{"line":122,"column":0},"end":{"line":122,"column":48}}},"fnMap":{"0":{"name":"(anonymous_0)","decl":{"start":{"line":2,"column":46},"end":{"line":2,"column":47}},"loc":{"start":{"line":2,"column":87},"end":{"line":7,"column":1}},"line":2},"1":{"name":"(anonymous_1)","decl":{"start":{"line":8,"column":46},"end":{"line":8,"column":47}},"loc":{"start":{"line":8,"column":62},"end":{"line":10,"column":1}},"line":8},"2":{"name":"(anonymous_2)","decl":{"start":{"line":21,"column":26},"end":{"line":21,"column":27}},"loc":{"start":{"line":21,"column":38},"end":{"line":102,"column":1}},"line":21},"3":{"name":"AddCourseComponent","decl":{"start":{"line":22,"column":13},"end":{"line":22,"column":31}},"loc":{"start":{"line":22,"column":70},"end":{"line":30,"column":5}},"line":22},"4":{"name":"(anonymous_4)","decl":{"start":{"line":34,"column":44},"end":{"line":34,"column":45}},"loc":{"start":{"line":34,"column":56},"end":{"line":36,"column":5}},"line":34},"5":{"name":"(anonymous_5)","decl":{"start":{"line":40,"column":44},"end":{"line":40,"column":45}},"loc":{"start":{"line":40,"column":56},"end":{"line":47,"column":5}},"line":40},"6":{"name":"(anonymous_6)","decl":{"start":{"line":52,"column":52},"end":{"line":52,"column":53}},"loc":{"start":{"line":52,"column":71},"end":{"line":60,"column":5}},"line":52},"7":{"name":"(anonymous_7)","decl":{"start":{"line":65,"column":50},"end":{"line":65,"column":51}},"loc":{"start":{"line":65,"column":69},"end":{"line":74,"column":5}},"line":65},"8":{"name":"(anonymous_8)","decl":{"start":{"line":78,"column":51},"end":{"line":78,"column":52}},"loc":{"start":{"line":78,"column":63},"end":{"line":89,"column":5}},"line":78},"9":{"name":"(anonymous_9)","decl":{"start":{"line":83,"column":27},"end":{"line":83,"column":28}},"loc":{"start":{"line":83,"column":41},"end":{"line":85,"column":13}},"line":83},"10":{"name":"(anonymous_10)","decl":{"start":{"line":85,"column":15},"end":{"line":85,"column":16}},"loc":{"start":{"line":85,"column":30},"end":{"line":87,"column":13}},"line":85},"11":{"name":"(anonymous_11)","decl":{"start":{"line":93,"column":46},"end":{"line":93,"column":47}},"loc":{"start":{"line":93,"column":70},"end":{"line":96,"column":5}},"line":93},"12":{"name":"(anonymous_12)","decl":{"start":{"line":100,"column":45},"end":{"line":100,"column":46}},"loc":{"start":{"line":100,"column":57},"end":{"line":100,"column":60}},"line":100}},"branchMap":{"0":{"loc":{"start":{"line":2,"column":17},"end":{"line":7,"column":1}},"type":"binary-expr","locations":[{"start":{"line":2,"column":18},"end":{"line":2,"column":22}},{"start":{"line":2,"column":26},"end":{"line":2,"column":41}},{"start":{"line":2,"column":46},"end":{"line":7,"column":1}}],"line":2},"1":{"loc":{"start":{"line":3,"column":34},"end":{"line":3,"column":125}},"type":"cond-expr","locations":[{"start":{"line":3,"column":42},"end":{"line":3,"column":48}},{"start":{"line":3,"column":51},"end":{"line":3,"column":125}}],"line":3},"2":{"loc":{"start":{"line":3,"column":51},"end":{"line":3,"column":125}},"type":"cond-expr","locations":[{"start":{"line":3,"column":67},"end":{"line":3,"column":118}},{"start":{"line":3,"column":121},"end":{"line":3,"column":125}}],"line":3},"3":{"loc":{"start":{"line":4,"column":4},"end":{"line":5,"column":150}},"type":"if","locations":[{"start":{"line":4,"column":4},"end":{"line":5,"column":150}},{"start":{"line":4,"column":4},"end":{"line":5,"column":150}}],"line":4},"4":{"loc":{"start":{"line":4,"column":8},"end":{"line":4,"column":77}},"type":"binary-expr","locations":[{"start":{"line":4,"column":8},"end":{"line":4,"column":35}},{"start":{"line":4,"column":39},"end":{"line":4,"column":77}}],"line":4},"5":{"loc":{"start":{"line":5,"column":58},"end":{"line":5,"column":150}},"type":"if","locations":[{"start":{"line":5,"column":58},"end":{"line":5,"column":150}},{"start":{"line":5,"column":58},"end":{"line":5,"column":150}}],"line":5},"6":{"loc":{"start":{"line":5,"column":85},"end":{"line":5,"column":149}},"type":"binary-expr","locations":[{"start":{"line":5,"column":86},"end":{"line":5,"column":143}},{"start":{"line":5,"column":148},"end":{"line":5,"column":149}}],"line":5},"7":{"loc":{"start":{"line":5,"column":86},"end":{"line":5,"column":143}},"type":"cond-expr","locations":[{"start":{"line":5,"column":94},"end":{"line":5,"column":98}},{"start":{"line":5,"column":101},"end":{"line":5,"column":143}}],"line":5},"8":{"loc":{"start":{"line":5,"column":101},"end":{"line":5,"column":143}},"type":"cond-expr","locations":[{"start":{"line":5,"column":109},"end":{"line":5,"column":126}},{"start":{"line":5,"column":129},"end":{"line":5,"column":143}}],"line":5},"9":{"loc":{"start":{"line":6,"column":11},"end":{"line":6,"column":62}},"type":"binary-expr","locations":[{"start":{"line":6,"column":11},"end":{"line":6,"column":16}},{"start":{"line":6,"column":20},"end":{"line":6,"column":21}},{"start":{"line":6,"column":25},"end":{"line":6,"column":62}}],"line":6},"10":{"loc":{"start":{"line":8,"column":17},"end":{"line":10,"column":1}},"type":"binary-expr","locations":[{"start":{"line":8,"column":18},"end":{"line":8,"column":22}},{"start":{"line":8,"column":26},"end":{"line":8,"column":41}},{"start":{"line":8,"column":46},"end":{"line":10,"column":1}}],"line":8},"11":{"loc":{"start":{"line":9,"column":4},"end":{"line":9,"column":109}},"type":"if","locations":[{"start":{"line":9,"column":4},"end":{"line":9,"column":109}},{"start":{"line":9,"column":4},"end":{"line":9,"column":109}}],"line":9},"12":{"loc":{"start":{"line":9,"column":8},"end":{"line":9,"column":77}},"type":"binary-expr","locations":[{"start":{"line":9,"column":8},"end":{"line":9,"column":35}},{"start":{"line":9,"column":39},"end":{"line":9,"column":77}}],"line":9},"13":{"loc":{"start":{"line":57,"column":8},"end":{"line":59,"column":9}},"type":"if","locations":[{"start":{"line":57,"column":8},"end":{"line":59,"column":9}},{"start":{"line":57,"column":8},"end":{"line":59,"column":9}}],"line":57},"14":{"loc":{"start":{"line":71,"column":8},"end":{"line":73,"column":9}},"type":"if","locations":[{"start":{"line":71,"column":8},"end":{"line":73,"column":9}},{"start":{"line":71,"column":8},"end":{"line":73,"column":9}}],"line":71},"15":{"loc":{"start":{"line":81,"column":8},"end":{"line":88,"column":9}},"type":"if","locations":[{"start":{"line":81,"column":8},"end":{"line":88,"column":9}},{"start":{"line":81,"column":8},"end":{"line":88,"column":9}}],"line":81}},"s":{"0":1,"1":4,"2":4,"3":4,"4":4,"5":0,"6":0,"7":0,"8":4,"9":1,"10":4,"11":4,"12":1,"13":1,"14":1,"15":1,"16":1,"17":1,"18":1,"19":1,"20":2,"21":2,"22":2,"23":2,"24":2,"25":2,"26":2,"27":1,"28":2,"29":1,"30":2,"31":1,"32":1,"33":1,"34":1,"35":1,"36":1,"37":1,"38":1,"39":1,"40":1,"41":1,"42":1,"43":1,"44":1,"45":2,"46":2,"47":2,"48":2,"49":1,"50":1,"51":1,"52":0,"53":0,"54":1,"55":1,"56":1,"57":1,"58":1,"59":1,"60":1},"f":{"0":4,"1":4,"2":1,"3":2,"4":2,"5":2,"6":1,"7":1,"8":2,"9":1,"10":1,"11":0,"12":0},"b":{"0":[1,1,1],"1":[1,3],"2":[0,3],"3":[4,0],"4":[4,4],"5":[0,0],"6":[0,0],"7":[0,0],"8":[0,0],"9":[4,3,0],"10":[1,1,1],"11":[4,0],"12":[4,4],"13":[1,0],"14":[1,0],"15":[2,0]},"inputSourceMap":{"version":3,"file":"C:/Users/Yashi/Documents/Projects/zno-library/client/panel/components/course/add-course.component.ts","sourceRoot":"C:/Users/Yashi/Documents/Projects/zno-library/","sources":["client\\panel\\components\\course\\add-course.component.ts"],"names":[],"mappings":";;;;;;;;;;;AAAA,sCAA0D;AAC1D,wCAAkG;AAClG,mDAAkD;AAClD,8CAAyD;AAEzD,wEAAqE;AAGxD,QAAA,OAAO,GAAmB;IACnC,QAAQ,EAAE,iCAAiC;IAC3C,SAAS,EAAE,uBAAuB;CACrC,CAAC;AAkDF,IAAa,kBAAkB;IAW3B,4BAAY,KAAY,EAAE,OAAyB,EAAE,EAAe,EAAE,QAAoB,EAAE,MAAgB;QACxG,IAAI,CAAC,KAAK,GAAG,KAAK,CAAC;QACnB,IAAI,CAAC,OAAO,GAAG,OAAO,CAAC;QACvB,IAAI,CAAC,EAAE,GAAG,EAAE,CAAC;QACb,IAAI,CAAC,QAAQ,GAAG,QAAQ,CAAC;QACzB,IAAI,CAAC,MAAM,GAAG,MAAM,CAAC;QACrB,IAAI,CAAC,OAAO,GAAG,eAAO,CAAC;QACvB,IAAI,CAAC,WAAW,GAAG,EAAE,CAAC;IAC1B,CAAC;IAED;;OAEG;IACK,qCAAQ,GAAf;QACG,IAAI,CAAC,QAAQ,EAAE,CAAC;IACpB,CAAC;IAED;;OAEG;IACK,qCAAQ,GAAhB;QACI,IAAI,CAAC,SAAS,GAAG,IAAI,CAAC,EAAE,CAAC,KAAK,CAAC;YAC3B,IAAI,EAAE,IAAI,CAAC,EAAE,CAAC,OAAO,CAAC,EAAE,EAAE,CAAE,kBAAU,CAAC,QAAQ,CAAE,CAAC;YAClD,MAAM,EAAE,IAAI,CAAC,EAAE,CAAC,OAAO,CAAC,EAAE,CAAC;YAC3B,WAAW,EAAE,IAAI,CAAC,EAAE,CAAC,OAAO,CAAC,EAAE,CAAC;YAChC,KAAK,EAAE,IAAI,CAAC,EAAE,CAAC,OAAO,CAAC,EAAE,CAAC;SAC7B,CAAC,CAAC;IACP,CAAC;IAED;;;OAGG;IACK,6CAAgB,GAAxB,UAAyB,OAAwB;QAC7C,IAAI,OAAO,GAAG,yBAAyB,CAAC;QACxC,OAAO,CAAC,SAAS,CAAC,EAAE,CAAC,CAAC;QACtB,OAAO,CAAC,QAAQ,CAAC,OAAO,CAAC,KAAK,CAAC,CAAC;QAChC,IAAI,KAAK,GAAG,IAAI,CAAC,WAAW,CAAC,OAAO,CAAC,OAAO,CAAC,CAAC;QAC9C,EAAE,CAAC,CAAC,KAAK,KAAK,CAAC,CAAC,CAAC,CAAC,CAAC;YACf,IAAI,CAAC,WAAW,CAAC,IAAI,CAAC,OAAO,CAAC,CAAC;QACnC,CAAC;IACL,CAAC;IAED;;;OAGG;IACK,2CAAc,GAAtB,UAAuB,OAAwB;QAC3C,IAAI,OAAO,GAAG,yBAAyB,CAAC;QACxC,OAAO,CAAC,SAAS,CAAC;YACd,SAAS,EAAE,IAAI;SAClB,CAAC,CAAC;QACH,IAAI,KAAK,GAAG,IAAI,CAAC,WAAW,CAAC,OAAO,CAAC,OAAO,CAAC,CAAC;QAC9C,EAAE,CAAC,CAAC,KAAK,KAAK,CAAC,CAAC,CAAC,CAAC,CAAC;YACf,IAAI,CAAC,WAAW,CAAC,GAAG,EAAE,CAAC;QAC3B,CAAC;IACL,CAAC;IAED;;OAEG;IACI,4CAAe,GAAtB;QAAA,iBAUC;QATG,IAAI,WAAW,GAAG,IAAI,CAAC,SAAS,CAAC,QAAQ,CAAC,IAAI,CAAC;QAC/C,EAAE,CAAC,CAAC,WAAW,CAAC,KAAK,CAAC,CAAC,CAAC;YACpB,IAAI,CAAC,OAAO,CAAC,aAAa,CAAC,WAAW,CAAC,KAAK,CAAC;iBAC5C,SAAS,CAAC,UAAC,EAAE;gBACV,KAAI,CAAC,gBAAgB,CAAC,WAAW,CAAC,CAAC;YACvC,CAAC,EAAE,UAAC,GAAG;gBACH,KAAI,CAAC,cAAc,CAAC,WAAW,CAAC,CAAC;YACrC,CAAC,CAAC,CAAC;QACP,CAAC;IACL,CAAC;IAED;;OAEG;IACH,uCAAU,GAAV,UAAW,KAAc,EAAE,KAAU;QACjC,KAAK,CAAC,cAAc,EAAE,CAAC;QACvB,OAAO,CAAC,GAAG,CAAC,KAAK,EAAE,KAAK,CAAC,CAAC;IAC9B,CAAC;IAED;;OAEG;IACH,sCAAS,GAAT,cAAa,CAAC;IAClB,yBAAC;AAAD,CAAC,AAhGD,IAgGC;AAxFa;IAAT,aAAM,EAAE;8BAAmB,iBAAS;qDAAC;AAC5B;IAAT,aAAM,EAAE;;mDAAgC;AAC/B;IAAT,aAAM,EAAE;;uDAA8B;AAV9B,kBAAkB;IA3C9B,gBAAS,CAAC;QACP,QAAQ,EAAE,YAAY;QACtB,QAAQ,EAAE,6sFAuCT;KACJ,CAAC;qCAYqB,aAAK,EAAW,qCAAgB,EAAM,mBAAW,EAAY,qBAAU,EAAU,mBAAQ;GAXnG,kBAAkB,CAgG9B;AAhGY,gDAAkB","sourcesContent":["import { Component, OnInit, Output } from \"@angular/core\";\r\nimport { FormGroup, FormControl, Validators, FormBuilder, AbstractControl } from \"@angular/forms\";\r\nimport { Utils } from \"../../../main/utils/utils\";\r\nimport { MdSnackBar, MdDialog } from \"@angular/material\";\r\nimport { Router } from \"@angular/router\";\r\nimport { AddCourseService } from \"../../services/add-course.service\";\r\nimport { IErrorMessages } from \"../../../main/inputs/reactive-input.component\";\r\n\r\nexport const errList: IErrorMessages = {\r\n    required: \"Поле обязательно для заполнения\",\r\n    nameError: \"Данное имя уже занято\"\r\n};\r\n\r\nexport interface IIdError {\r\n    isErr: boolean;\r\n    message: string;\r\n}\r\n\r\n@Component({\r\n    selector: \"add-course\",\r\n    template: `\r\n    <md-card class=\"course-history-item\">\r\n        <md-card-header>\r\n            <md-card-title><h2>Добавить Курс</h2></md-card-title>\r\n        </md-card-header>\r\n        <md-card-content>\r\n            <form [formGroup]=\"addCourse\" (ngSubmit)=\"submitForm($event, addCourse.value)\">\r\n                <md-list>\r\n                    <md-list-item class=\"form-input form-item\">\r\n                        <reactive-input (refresh)=\"checkCourseName()\" [hintList]=\"nameIsValid\" [group]=\"addCourse\" [errorList]=\"errList\" [controlName]=\"'name'\" [type]=\"'text'\" [placeholder]=\"'Название курса'\" required=\"true\">\r\n                        </reactive-input>\r\n                    </md-list-item>\r\n                    <add-tag></add-tag>\r\n                    <md-divider></md-divider>\r\n                    <file-input [label]=\"'Картинка курса:'\" formControlName=\"banner\"></file-input>\r\n                    <md-divider></md-divider>\r\n                    <file-input [label]=\"'Текст описания:'\" formControlName=\"description\"></file-input>\r\n                    <md-divider></md-divider>\r\n                    <file-input [label]=\"'Текст вводной части'\" formControlName=\"intro\"></file-input>\r\n                    <md-divider></md-divider>\r\n                    <md-list-item>\r\n                        <h3>Главы:</h3>\r\n                    </md-list-item>\r\n                    <md-list>\r\n                        <create-chapter></create-chapter>\r\n                        <md-grid-list cols=\"2\" rowHeight=\"48px\">\r\n                            <md-grid-tile>\r\n                                <button md-raised-button type=\"button\"><md-icon>note_add</md-icon>Добавить главу</button>\r\n                            </md-grid-tile>\r\n                            <md-grid-tile>\r\n                                <button md-raised-button type=\"button\"><md-icon>date_range</md-icon>Добавить тест</button>\r\n                            </md-grid-tile>\r\n                        </md-grid-list>\r\n                    </md-list>\r\n                </md-list>\r\n                <button md-raised-button class=\"send-login\" type=\"submit\">Отправить</button>\r\n            </form>\r\n        </md-card-content>\r\n    </md-card>\r\n    `\r\n})\r\nexport class AddCourseComponent implements OnInit {\r\n    // services\r\n    private utils: Utils;\r\n    private manager: AddCourseService;\r\n    private fb: FormBuilder;\r\n    private snackbar: MdSnackBar;\r\n    private dialog: MdDialog;\r\n    // form\r\n    @Output() public addCourse: FormGroup;\r\n    @Output() public errList: IErrorMessages;\r\n    @Output() public nameIsValid: string[];\r\n    constructor(utils: Utils, manager: AddCourseService, fb: FormBuilder, snackbar: MdSnackBar, dialog: MdDialog) {\r\n        this.utils = utils;\r\n        this.manager = manager;\r\n        this.fb = fb;\r\n        this.snackbar = snackbar;\r\n        this.dialog = dialog;\r\n        this.errList = errList;\r\n        this.nameIsValid = [];\r\n    }\r\n\r\n    /**\r\n     * Initializes component\r\n     */\r\n     public ngOnInit() {\r\n        this.initForm();\r\n    }\r\n\r\n    /**\r\n     * Initializes form\r\n     */\r\n    private initForm() {\r\n        this.addCourse = this.fb.group({\r\n            name: this.fb.control(\"\", [ Validators.required ]),\r\n            banner: this.fb.control(\"\"),\r\n            description: this.fb.control(\"\"),\r\n            intro: this.fb.control(\"\")\r\n        });\r\n    }\r\n\r\n    /**\r\n     * Handles course adding response\r\n     * @param control Course name control\r\n     */\r\n    private addCourseHandler(control: AbstractControl) {\r\n        let message = \"Название курса свободно\";\r\n        control.setErrors({});\r\n        control.setValue(control.value);\r\n        let index = this.nameIsValid.indexOf(message);\r\n        if (index === -1) {\r\n            this.nameIsValid.push(message);\r\n        }\r\n    }\r\n\r\n    /**\r\n     * Handles course adding error\r\n     * @param control Course name control\r\n     */\r\n    private addCourseError(control: AbstractControl) {\r\n        let message = \"Название курса свободно\";\r\n        control.setErrors({\r\n            nameError: true\r\n        });\r\n        let index = this.nameIsValid.indexOf(message);\r\n        if (index === -1) {\r\n            this.nameIsValid.pop();\r\n        }\r\n    }\r\n\r\n    /**\r\n     * Checks course name\r\n     */\r\n    public checkCourseName() {\r\n        let nameControl = this.addCourse.controls.name;\r\n        if (nameControl.value) {\r\n            this.manager.addCourseName(nameControl.value)\r\n            .subscribe((id) => {\r\n                this.addCourseHandler(nameControl);\r\n            }, (err) => {\r\n                this.addCourseError(nameControl);\r\n            });\r\n        }\r\n    }\r\n\r\n    /**\r\n     * Handles form submit\r\n     */\r\n    submitForm(event: UIEvent, value: any) {\r\n        event.preventDefault();\r\n        console.log(event, value);\r\n    }\r\n\r\n    /**\r\n     * Handles form reset\r\n     */\r\n    resetForm() {}\r\n}"]},"_coverageSchema":"332fd63041d2c1bcb487cc26dd0d5f7d97098a6c","hash":"4fd6027607f1a4dd44c708fa10df84cbefad011c","l":{"2":1,"3":4,"4":4,"5":0,"6":4,"8":1,"9":4,"11":1,"12":1,"13":1,"14":1,"15":1,"16":1,"17":1,"21":1,"23":2,"24":2,"25":2,"26":2,"27":2,"28":2,"29":2,"34":1,"35":2,"40":1,"41":2,"52":1,"53":1,"54":1,"55":1,"56":1,"57":1,"58":1,"65":1,"66":1,"67":1,"70":1,"71":1,"72":1,"78":1,"79":2,"80":2,"81":2,"82":2,"84":1,"86":1,"93":1,"94":0,"95":0,"100":1,"101":1,"103":1,"107":1,"111":1,"115":1,"122":1}}}
