{
"C:\\Users\\Yashi\\Documents\\Projects\\zno-library\\client\\account\\components\\create.component.ts":{"path":"C:\\Users\\Yashi\\Documents\\Projects\\zno-library\\client\\account\\components\\create.component.ts","statementMap":{"0":{"start":{"line":2,"column":17},"end":{"line":7,"column":1}},"1":{"start":{"line":3,"column":12},"end":{"line":3,"column":28}},"2":{"start":{"line":3,"column":34},"end":{"line":3,"column":125}},"3":{"start":{"line":4,"column":4},"end":{"line":5,"column":150}},"4":{"start":{"line":4,"column":79},"end":{"line":4,"column":131}},"5":{"start":{"line":5,"column":9},"end":{"line":5,"column":150}},"6":{"start":{"line":5,"column":58},"end":{"line":5,"column":150}},"7":{"start":{"line":5,"column":81},"end":{"line":5,"column":150}},"8":{"start":{"line":6,"column":4},"end":{"line":6,"column":66}},"9":{"start":{"line":8,"column":17},"end":{"line":10,"column":1}},"10":{"start":{"line":9,"column":4},"end":{"line":9,"column":109}},"11":{"start":{"line":9,"column":79},"end":{"line":9,"column":109}},"12":{"start":{"line":11,"column":0},"end":{"line":11,"column":62}},"13":{"start":{"line":12,"column":13},"end":{"line":12,"column":37}},"14":{"start":{"line":13,"column":24},"end":{"line":13,"column":62}},"15":{"start":{"line":14,"column":14},"end":{"line":14,"column":39}},"16":{"start":{"line":15,"column":14},"end":{"line":15,"column":47}},"17":{"start":{"line":16,"column":15},"end":{"line":16,"column":41}},"18":{"start":{"line":17,"column":17},"end":{"line":17,"column":45}},"19":{"start":{"line":18,"column":0},"end":{"line":21,"column":2}},"20":{"start":{"line":22,"column":0},"end":{"line":27,"column":2}},"21":{"start":{"line":28,"column":27},"end":{"line":109,"column":3}},"22":{"start":{"line":30,"column":8},"end":{"line":30,"column":21}},"23":{"start":{"line":31,"column":8},"end":{"line":31,"column":31}},"24":{"start":{"line":32,"column":8},"end":{"line":32,"column":51}},"25":{"start":{"line":33,"column":8},"end":{"line":33,"column":33}},"26":{"start":{"line":34,"column":8},"end":{"line":34,"column":29}},"27":{"start":{"line":35,"column":8},"end":{"line":35,"column":27}},"28":{"start":{"line":37,"column":4},"end":{"line":39,"column":6}},"29":{"start":{"line":38,"column":8},"end":{"line":38,"column":24}},"30":{"start":{"line":43,"column":4},"end":{"line":58,"column":6}},"31":{"start":{"line":44,"column":8},"end":{"line":44,"column":139}},"32":{"start":{"line":45,"column":8},"end":{"line":45,"column":142}},"33":{"start":{"line":46,"column":8},"end":{"line":46,"column":143}},"34":{"start":{"line":47,"column":8},"end":{"line":47,"column":131}},"35":{"start":{"line":48,"column":8},"end":{"line":48,"column":141}},"36":{"start":{"line":49,"column":8},"end":{"line":49,"column":209}},"37":{"start":{"line":50,"column":8},"end":{"line":57,"column":11}},"38":{"start":{"line":62,"column":4},"end":{"line":64,"column":6}},"39":{"start":{"line":63,"column":8},"end":{"line":63,"column":32}},"40":{"start":{"line":69,"column":4},"end":{"line":73,"column":6}},"41":{"start":{"line":70,"column":8},"end":{"line":70,"column":29}},"42":{"start":{"line":71,"column":8},"end":{"line":71,"column":71}},"43":{"start":{"line":72,"column":8},"end":{"line":72,"column":48}},"44":{"start":{"line":78,"column":4},"end":{"line":83,"column":6}},"45":{"start":{"line":79,"column":26},"end":{"line":79,"column":38}},"46":{"start":{"line":80,"column":8},"end":{"line":80,"column":29}},"47":{"start":{"line":81,"column":8},"end":{"line":81,"column":144}},"48":{"start":{"line":82,"column":8},"end":{"line":82,"column":28}},"49":{"start":{"line":89,"column":4},"end":{"line":99,"column":6}},"50":{"start":{"line":90,"column":20},"end":{"line":90,"column":24}},"51":{"start":{"line":91,"column":8},"end":{"line":91,"column":31}},"52":{"start":{"line":92,"column":8},"end":{"line":98,"column":9}},"53":{"start":{"line":93,"column":12},"end":{"line":97,"column":15}},"54":{"start":{"line":94,"column":16},"end":{"line":94,"column":40}},"55":{"start":{"line":96,"column":16},"end":{"line":96,"column":37}},"56":{"start":{"line":104,"column":4},"end":{"line":107,"column":6}},"57":{"start":{"line":105,"column":8},"end":{"line":105,"column":28}},"58":{"start":{"line":106,"column":8},"end":{"line":106,"column":31}},"59":{"start":{"line":108,"column":4},"end":{"line":108,"column":31}},"60":{"start":{"line":110,"column":0},"end":{"line":116,"column":24}},"61":{"start":{"line":117,"column":0},"end":{"line":117,"column":50}}},"fnMap":{"0":{"name":"(anonymous_0)","decl":{"start":{"line":2,"column":46},"end":{"line":2,"column":47}},"loc":{"start":{"line":2,"column":87},"end":{"line":7,"column":1}},"line":2},"1":{"name":"(anonymous_1)","decl":{"start":{"line":8,"column":46},"end":{"line":8,"column":47}},"loc":{"start":{"line":8,"column":62},"end":{"line":10,"column":1}},"line":8},"2":{"name":"(anonymous_2)","decl":{"start":{"line":28,"column":27},"end":{"line":28,"column":28}},"loc":{"start":{"line":28,"column":39},"end":{"line":109,"column":1}},"line":28},"3":{"name":"CreateUserComponent","decl":{"start":{"line":29,"column":13},"end":{"line":29,"column":32}},"loc":{"start":{"line":29,"column":71},"end":{"line":36,"column":5}},"line":29},"4":{"name":"(anonymous_4)","decl":{"start":{"line":37,"column":45},"end":{"line":37,"column":46}},"loc":{"start":{"line":37,"column":57},"end":{"line":39,"column":5}},"line":37},"5":{"name":"(anonymous_5)","decl":{"start":{"line":43,"column":45},"end":{"line":43,"column":46}},"loc":{"start":{"line":43,"column":57},"end":{"line":58,"column":5}},"line":43},"6":{"name":"(anonymous_6)","decl":{"start":{"line":62,"column":50},"end":{"line":62,"column":51}},"loc":{"start":{"line":62,"column":62},"end":{"line":64,"column":5}},"line":62},"7":{"name":"(anonymous_7)","decl":{"start":{"line":69,"column":49},"end":{"line":69,"column":50}},"loc":{"start":{"line":69,"column":69},"end":{"line":73,"column":5}},"line":69},"8":{"name":"(anonymous_8)","decl":{"start":{"line":78,"column":46},"end":{"line":78,"column":47}},"loc":{"start":{"line":78,"column":63},"end":{"line":83,"column":5}},"line":78},"9":{"name":"(anonymous_9)","decl":{"start":{"line":89,"column":47},"end":{"line":89,"column":48}},"loc":{"start":{"line":89,"column":71},"end":{"line":99,"column":5}},"line":89},"10":{"name":"(anonymous_10)","decl":{"start":{"line":93,"column":160},"end":{"line":93,"column":161}},"loc":{"start":{"line":93,"column":175},"end":{"line":95,"column":13}},"line":93},"11":{"name":"(anonymous_11)","decl":{"start":{"line":95,"column":15},"end":{"line":95,"column":16}},"loc":{"start":{"line":95,"column":30},"end":{"line":97,"column":13}},"line":95},"12":{"name":"(anonymous_12)","decl":{"start":{"line":104,"column":46},"end":{"line":104,"column":47}},"loc":{"start":{"line":104,"column":63},"end":{"line":107,"column":5}},"line":104}},"branchMap":{"0":{"loc":{"start":{"line":2,"column":17},"end":{"line":7,"column":1}},"type":"binary-expr","locations":[{"start":{"line":2,"column":18},"end":{"line":2,"column":22}},{"start":{"line":2,"column":26},"end":{"line":2,"column":41}},{"start":{"line":2,"column":46},"end":{"line":7,"column":1}}],"line":2},"1":{"loc":{"start":{"line":3,"column":34},"end":{"line":3,"column":125}},"type":"cond-expr","locations":[{"start":{"line":3,"column":42},"end":{"line":3,"column":48}},{"start":{"line":3,"column":51},"end":{"line":3,"column":125}}],"line":3},"2":{"loc":{"start":{"line":3,"column":51},"end":{"line":3,"column":125}},"type":"cond-expr","locations":[{"start":{"line":3,"column":67},"end":{"line":3,"column":118}},{"start":{"line":3,"column":121},"end":{"line":3,"column":125}}],"line":3},"3":{"loc":{"start":{"line":4,"column":4},"end":{"line":5,"column":150}},"type":"if","locations":[{"start":{"line":4,"column":4},"end":{"line":5,"column":150}},{"start":{"line":4,"column":4},"end":{"line":5,"column":150}}],"line":4},"4":{"loc":{"start":{"line":4,"column":8},"end":{"line":4,"column":77}},"type":"binary-expr","locations":[{"start":{"line":4,"column":8},"end":{"line":4,"column":35}},{"start":{"line":4,"column":39},"end":{"line":4,"column":77}}],"line":4},"5":{"loc":{"start":{"line":5,"column":58},"end":{"line":5,"column":150}},"type":"if","locations":[{"start":{"line":5,"column":58},"end":{"line":5,"column":150}},{"start":{"line":5,"column":58},"end":{"line":5,"column":150}}],"line":5},"6":{"loc":{"start":{"line":5,"column":85},"end":{"line":5,"column":149}},"type":"binary-expr","locations":[{"start":{"line":5,"column":86},"end":{"line":5,"column":143}},{"start":{"line":5,"column":148},"end":{"line":5,"column":149}}],"line":5},"7":{"loc":{"start":{"line":5,"column":86},"end":{"line":5,"column":143}},"type":"cond-expr","locations":[{"start":{"line":5,"column":94},"end":{"line":5,"column":98}},{"start":{"line":5,"column":101},"end":{"line":5,"column":143}}],"line":5},"8":{"loc":{"start":{"line":5,"column":101},"end":{"line":5,"column":143}},"type":"cond-expr","locations":[{"start":{"line":5,"column":109},"end":{"line":5,"column":126}},{"start":{"line":5,"column":129},"end":{"line":5,"column":143}}],"line":5},"9":{"loc":{"start":{"line":6,"column":11},"end":{"line":6,"column":62}},"type":"binary-expr","locations":[{"start":{"line":6,"column":11},"end":{"line":6,"column":16}},{"start":{"line":6,"column":20},"end":{"line":6,"column":21}},{"start":{"line":6,"column":25},"end":{"line":6,"column":62}}],"line":6},"10":{"loc":{"start":{"line":8,"column":17},"end":{"line":10,"column":1}},"type":"binary-expr","locations":[{"start":{"line":8,"column":18},"end":{"line":8,"column":22}},{"start":{"line":8,"column":26},"end":{"line":8,"column":41}},{"start":{"line":8,"column":46},"end":{"line":10,"column":1}}],"line":8},"11":{"loc":{"start":{"line":9,"column":4},"end":{"line":9,"column":109}},"type":"if","locations":[{"start":{"line":9,"column":4},"end":{"line":9,"column":109}},{"start":{"line":9,"column":4},"end":{"line":9,"column":109}}],"line":9},"12":{"loc":{"start":{"line":9,"column":8},"end":{"line":9,"column":77}},"type":"binary-expr","locations":[{"start":{"line":9,"column":8},"end":{"line":9,"column":35}},{"start":{"line":9,"column":39},"end":{"line":9,"column":77}}],"line":9},"13":{"loc":{"start":{"line":92,"column":8},"end":{"line":98,"column":9}},"type":"if","locations":[{"start":{"line":92,"column":8},"end":{"line":98,"column":9}},{"start":{"line":92,"column":8},"end":{"line":98,"column":9}}],"line":92}},"s":{"0":1,"1":1,"2":1,"3":1,"4":1,"5":0,"6":0,"7":0,"8":1,"9":1,"10":1,"11":1,"12":1,"13":1,"14":1,"15":1,"16":1,"17":1,"18":1,"19":1,"20":1,"21":1,"22":21,"23":21,"24":21,"25":21,"26":21,"27":21,"28":1,"29":21,"30":1,"31":21,"32":21,"33":21,"34":21,"35":21,"36":21,"37":21,"38":1,"39":5,"40":1,"41":3,"42":3,"43":3,"44":1,"45":2,"46":2,"47":2,"48":2,"49":1,"50":6,"51":6,"52":6,"53":5,"54":3,"55":2,"56":1,"57":2,"58":2,"59":1,"60":1,"61":1},"f":{"0":1,"1":1,"2":1,"3":21,"4":21,"5":21,"6":5,"7":3,"8":2,"9":6,"10":3,"11":2,"12":2},"b":{"0":[1,1,1],"1":[1,0],"2":[0,0],"3":[1,0],"4":[1,1],"5":[0,0],"6":[0,0],"7":[0,0],"8":[0,0],"9":[1,0,0],"10":[1,1,1],"11":[1,0],"12":[1,1],"13":[5,1]},"inputSourceMap":{"version":3,"file":"C:/Users/Yashi/Documents/Projects/zno-library/client/account/components/create.component.ts","sourceRoot":"C:/Users/Yashi/Documents/Projects/zno-library/","sources":["client\\account\\components\\create.component.ts"],"names":[],"mappings":";;;;;;;;;;;AAAA,sCAAkD;AAClD,+DAA6D;AAC7D,wCAAiF;AACjF,gDAAuF;AAEvF,0CAAyC;AACzC,8CAA+C;AAEpC,QAAA,iBAAiB,GAAG;IAC3B,QAAQ,EAAE,iCAAiC;IAC3C,SAAS,EAAE,qBAAqB;CACnC,CAAC;AAES,QAAA,gBAAgB,GAAG;IAC1B,KAAK,EAAE,oBAAoB;IAC3B,SAAS,EAAE,wCAAwC;IACnD,QAAQ,EAAE,iCAAiC;IAC3C,UAAU,EAAE,yBAAyB;CACxC,CAAC;AAwDF,IAAa,mBAAmB;IAgB5B,6BAAY,EAAe,EAAE,OAAuB,EAAE,KAAY,EAAE,QAAoB,EAAE,MAAc;QACpG,IAAI,CAAC,EAAE,GAAG,EAAE,CAAC;QACb,IAAI,CAAC,OAAO,GAAG,OAAO,CAAC;QACvB,IAAI,CAAC,YAAY,GAAG,KAAK,CAAC,YAAY,CAAC,EAAE,CAAC,CAAC;QAC3C,IAAI,CAAC,QAAQ,GAAG,QAAQ,CAAC;QACzB,IAAI,CAAC,MAAM,GAAG,MAAM,CAAC;QACrB,IAAI,CAAC,KAAK,GAAG,KAAK,CAAC;IACvB,CAAC;IACM,sCAAQ,GAAf;QACI,IAAI,CAAC,QAAQ,EAAE,CAAC;IACpB,CAAC;IAED;;OAEG;IACI,sCAAQ,GAAf;QACI,IAAI,CAAC,SAAS,GAAG,IAAI,CAAC,YAAY,CAAC,EAAE,EAAE,CAAE,kBAAU,CAAC,QAAQ,EAAE,kBAAU,CAAC,SAAS,CAAC,EAAE,CAAC,CAAE,EAAE,yBAAiB,CAAC,CAAC;QAC7G,IAAI,CAAC,YAAY,GAAG,IAAI,CAAC,YAAY,CAAC,EAAE,EAAE,CAAE,kBAAU,CAAC,QAAQ,EAAE,kBAAU,CAAC,SAAS,CAAC,EAAE,CAAC,CAAE,EAAE,yBAAiB,CAAC,CAAC;QAChH,IAAI,CAAC,aAAa,GAAG,IAAI,CAAC,YAAY,CAAC,EAAE,EAAE,CAAE,kBAAU,CAAC,QAAQ,EAAE,kBAAU,CAAC,SAAS,CAAC,EAAE,CAAC,CAAE,EAAE,yBAAiB,CAAC,CAAC;QACjH,IAAI,CAAC,UAAU,GAAG,IAAI,CAAC,YAAY,CAAC,EAAE,EAAE,CAAE,kBAAU,CAAC,QAAQ,EAAE,kBAAU,CAAC,KAAK,CAAE,EAAE,wBAAgB,CAAC,CAAC;QACrG,IAAI,CAAC,aAAa,GAAG,IAAI,CAAC,YAAY,CAAC,EAAE,EAAE,CAAE,kBAAU,CAAC,QAAQ,EAAE,kBAAU,CAAC,SAAS,CAAC,CAAC,CAAC,CAAE,EAAE,wBAAgB,CAAC,CAAC;QAC/G,IAAI,CAAC,mBAAmB,GAAG,IAAI,CAAC,YAAY,CAAC,EAAE,EAAE,CAAE,kBAAU,CAAC,QAAQ,EAAE,kBAAU,CAAC,SAAS,CAAC,CAAC,CAAC,EAAE,IAAI,CAAC,KAAK,CAAC,UAAU,CAAC,UAAU,CAAC,IAAI,CAAC,aAAa,CAAC,OAAO,CAAC,CAAE,EAAE,wBAAgB,CAAC,CAAC;QACnL,IAAI,CAAC,MAAM,GAAG,IAAI,CAAC,EAAE,CAAC,KAAK,CAAC;YACxB,IAAI,EAAE,IAAI,CAAC,SAAS,CAAC,OAAO;YAC5B,OAAO,EAAE,IAAI,CAAC,YAAY,CAAC,OAAO;YAClC,QAAQ,EAAE,IAAI,CAAC,aAAa,CAAC,OAAO;YACpC,KAAK,EAAE,IAAI,CAAC,UAAU,CAAC,OAAO;YAC9B,QAAQ,EAAE,IAAI,CAAC,aAAa,CAAC,OAAO;YACpC,cAAc,EAAE,IAAI,CAAC,mBAAmB,CAAC,OAAO;SACnD,CAAC,CAAC;IACP,CAAC;IAED;;OAEG;IACK,2CAAa,GAArB;QACI,IAAI,CAAC,QAAQ,CAAC,OAAO,EAAE,CAAC;IAC5B,CAAC;IAED;;;OAGG;IACK,0CAAY,GAApB,UAAqB,QAAkB;QACnC,IAAI,CAAC,aAAa,EAAE,CAAC;QACrB,IAAI,CAAC,QAAQ,CAAC,IAAI,CAAC,gBAAgB,EAAE,IAAI,EAAE,EAAE,QAAQ,EAAE,IAAI,EAAE,CAAC,CAAC;QAC/D,IAAI,CAAC,MAAM,CAAC,QAAQ,CAAC,CAAC,MAAM,EAAE,OAAO,CAAC,CAAC,CAAC;IAC5C,CAAC;IAED;;;OAGG;IACK,uCAAS,GAAjB,UAAkB,KAAe;QAC7B,IAAI,WAAW,GAAG,KAAK,CAAC,IAAI,EAAE,CAAC;QAC/B,IAAI,CAAC,aAAa,EAAE,CAAC;QACrB,IAAI,CAAC,QAAQ,CAAC,IAAI,CAAC,2CAAW,IAAI,CAAC,KAAK,CAAC,sBAAsB,CAAC,WAAW,CAAG,EAAE,IAAI,EAAE,EAAE,QAAQ,EAAE,IAAI,EAAE,CAAC,CAAC;QAC1G,IAAI,CAAC,MAAM,CAAC,KAAK,EAAE,CAAC;IACxB,CAAC;IAED;;;;OAIG;IACI,wCAAU,GAAjB,UAAkB,KAAY,EAAE,KAAU;QAA1C,iBASC;QARG,KAAK,CAAC,cAAc,EAAE,CAAC;QACvB,EAAE,CAAC,CAAC,IAAI,CAAC,MAAM,CAAC,KAAK,CAAC,CAAC,CAAC;YACpB,IAAI,CAAC,OAAO,CAAC,MAAM,CAAC,EAAE,KAAK,EAAE,KAAK,CAAC,KAAK,EAAE,QAAQ,EAAE,KAAK,CAAC,QAAQ,EAAE,IAAI,EAAE,KAAK,CAAC,IAAI,EAAE,OAAO,EAAE,KAAK,CAAC,OAAO,EAAE,QAAQ,EAAE,KAAK,CAAC,QAAQ,EAAE,CAAC,CAAC,SAAS,CAAC,UAAC,GAAG;gBACpJ,KAAI,CAAC,YAAY,CAAC,GAAG,CAAC,CAAC;YAC3B,CAAC,EAAE,UAAC,GAAG;gBACH,KAAI,CAAC,SAAS,CAAC,GAAG,CAAC,CAAC;YACxB,CAAC,CAAC,CAAC;QACP,CAAC;IACL,CAAC;IAED;;;OAGG;IACI,uCAAS,GAAhB,UAAiB,KAAY;QACzB,IAAI,CAAC,MAAM,CAAC,KAAK,EAAE,CAAC;QACpB,KAAK,CAAC,cAAc,EAAE,CAAC;IAC3B,CAAC;IACL,0BAAC;AAAD,CAAC,AApGD,IAoGC;AApGY,mBAAmB;IAtD/B,gBAAS,CAAC;QACP,QAAQ,EAAE,aAAa;QACvB,QAAQ,EAAE,o+GAkDF;KACX,CAAC;qCAiBkB,mBAAW,EAAW,gCAAc,EAAS,aAAK,EAAY,qBAAU,EAAU,eAAM;GAhB/F,mBAAmB,CAoG/B;AApGY,kDAAmB","sourcesContent":["import { Component, OnInit } from \"@angular/core\";\r\nimport { AccountService } from \"../services/account.service\";\r\nimport { FormGroup, FormControl, Validators, FormBuilder } from \"@angular/forms\";\r\nimport { Utils, ErrorInput, IErrorMessages, buildInput } from \"../../main/utils/utils\";\r\nimport { Response } from \"@angular/http\";\r\nimport { Router } from \"@angular/router\";\r\nimport { MdSnackBar } from \"@angular/material\";\r\n\r\nexport let infoErrorMessages = {\r\n    required: \"Поле обязательно для заполнения\",\r\n    maxlength: \"Не более 40 сиволов\"\r\n};\r\n\r\nexport let accErrorMessages = {\r\n    email: \"Неправильный email\",\r\n    minlength: \"Пароль должен быть не менее 6 символов\",\r\n    required: \"Поле обязательно для заполнения\",\r\n    sameFields: \"Пароли должны совпадать\"\r\n};\r\n\r\n@Component({\r\n    selector: \"create-user\",\r\n    template: `\r\n    <form class=\"login-form\" [formGroup]=\"create\" (ngSubmit)=\"submitForm($event, create.value)\">\r\n        <md-list class=\"content-window\">\r\n            <md-list-item class=\"form-item\"><h1>Создать аккаунт</h1></md-list-item>\r\n            <md-list-item class=\"form-input form-item\">\r\n                <md-input-container>\r\n                    <input mdInput required placeholder=\"Имя\" type=\"text\" formControlName=\"name\" />\r\n                    <md-error *ngIf=\"nameInput.isErr\">{{ nameInput.errorMessage }}</md-error>\r\n                </md-input-container>\r\n            </md-list-item>\r\n            <md-list-item class=\"form-input form-item\">\r\n                <md-input-container>\r\n                    <input mdInput required placeholder=\"Фамилия\" type=\"text\" formControlName=\"surname\" />\r\n                    <md-error *ngIf=\"surnameInput.isErr\">{{ surnameInput.errorMessage }}</md-error>\r\n                </md-input-container>\r\n            </md-list-item>\r\n            <md-list-item class=\"form-input form-item\">\r\n                <md-input-container>\r\n                    <input mdInput required placeholder=\"Отчество\" type=\"text\" formControlName=\"lastName\" />\r\n                    <md-error *ngIf=\"lastNameInput.isErr\">{{ lastNameInput.errorMessage }}</md-error>\r\n                </md-input-container>\r\n            </md-list-item>\r\n            <md-list-item class=\"form-input form-item\">\r\n                <md-input-container>\r\n                    <input mdInput required placeholder=\"Email\" type=\"email\" formControlName=\"email\" />\r\n                    <md-error *ngIf=\"emailInput.isErr\">{{ emailInput.errorMessage }}</md-error>\r\n                </md-input-container>\r\n            </md-list-item>\r\n            <md-list-item class=\"form-input form-item\">\r\n                <md-input-container>\r\n                    <input mdInput required placeholder=\"Пароль\" type=\"password\" formControlName=\"password\" />\r\n                    <md-error *ngIf=\"passwordInput.isErr\">{{ passwordInput.errorMessage }}</md-error>\r\n                </md-input-container>\r\n            </md-list-item>\r\n            <md-list-item class=\"form-input form-item\">\r\n                <md-input-container>\r\n                    <input mdInput required placeholder=\"Повторите пароль\" type=\"password\" formControlName=\"repeatPassword\" />\r\n                    <md-error *ngIf=\"repeatPasswordInput.isErr\">{{ repeatPasswordInput.errorMessage }}</md-error>\r\n                </md-input-container>\r\n            </md-list-item>\r\n            <md-list-item class=\"form-item\">\r\n                <div class=\"link-wrapper\">\r\n                    <a routerLink=\"../login\" routerLinkActive=\"active\">Уже есть аккаунт?</a>\r\n                </div>\r\n                <div class=\"button-wrapper\">\r\n                    <button md-raised-button class=\"clean-login\" type=\"reset\" (click)=\"resetForm($event)\">Очистить</button>\r\n                    <button md-raised-button class=\"send-login\" type=\"submit\">Отправить</button>\r\n                </div>\r\n            </md-list-item>\r\n        </md-list>\r\n    </form>`\r\n})\r\nexport class CreateUserComponent implements OnInit {\r\n    // services\r\n    private fb: FormBuilder;\r\n    private account: AccountService;\r\n    private inputFactory: buildInput;\r\n    private snackbar: MdSnackBar;\r\n    private router: Router;\r\n    private utils: Utils;\r\n    // inputs\r\n    public create: FormGroup;\r\n    public nameInput: ErrorInput;\r\n    public surnameInput: ErrorInput;\r\n    public lastNameInput: ErrorInput;\r\n    public emailInput: ErrorInput;\r\n    public passwordInput: ErrorInput;\r\n    public repeatPasswordInput: ErrorInput;\r\n    constructor(fb: FormBuilder, account: AccountService, utils: Utils, snackbar: MdSnackBar, router: Router) {\r\n        this.fb = fb;\r\n        this.account = account;\r\n        this.inputFactory = utils.inputFactory(fb);\r\n        this.snackbar = snackbar;\r\n        this.router = router;\r\n        this.utils = utils;\r\n    }\r\n    public ngOnInit() {\r\n        this.initForm();\r\n    }\r\n\r\n    /**\r\n     * Initializes form\r\n     */\r\n    public initForm() {\r\n        this.nameInput = this.inputFactory(\"\", [ Validators.required, Validators.maxLength(40) ], infoErrorMessages);\r\n        this.surnameInput = this.inputFactory(\"\", [ Validators.required, Validators.maxLength(40) ], infoErrorMessages);\r\n        this.lastNameInput = this.inputFactory(\"\", [ Validators.required, Validators.maxLength(40) ], infoErrorMessages);\r\n        this.emailInput = this.inputFactory(\"\", [ Validators.required, Validators.email ], accErrorMessages);\r\n        this.passwordInput = this.inputFactory(\"\", [ Validators.required, Validators.minLength(6) ], accErrorMessages);\r\n        this.repeatPasswordInput = this.inputFactory(\"\", [ Validators.required, Validators.minLength(6), this.utils.Validators.sameFields(this.passwordInput.element) ], accErrorMessages);\r\n        this.create = this.fb.group({\r\n            name: this.nameInput.element,\r\n            surname: this.surnameInput.element,\r\n            lastName: this.lastNameInput.element,\r\n            email: this.emailInput.element,\r\n            password: this.passwordInput.element,\r\n            repeatPassword: this.repeatPasswordInput.element\r\n        });\r\n    }\r\n\r\n    /**\r\n     * Closes snackbar\r\n     */\r\n    private resetSnackbar() {\r\n        this.snackbar.dismiss();\r\n    }\r\n\r\n    /**\r\n     * Handles user creation\r\n     * @param response Successful http response\r\n     */\r\n    private handleCreate(response: Response) {\r\n        this.resetSnackbar();\r\n        this.snackbar.open(\"Аккаунт создан\", \"Ok\", { duration: 5000 });\r\n        this.router.navigate([\"user\", \"login\"]);\r\n    }\r\n\r\n    /**\r\n     * Handles user creation error\r\n     * @param error Http error\r\n     */\r\n    private handleErr(error: Response) {\r\n        let parsedError = error.json();\r\n        this.resetSnackbar();\r\n        this.snackbar.open(`Ошибка: ${this.utils.translateErrorResponse(parsedError)}`, \"Ok\", { duration: 5000 });\r\n        this.create.reset();\r\n    }\r\n\r\n    /**\r\n     * Called on form submit\r\n     * @param event Submit event\r\n     * @param value Submit value\r\n     */\r\n    public submitForm(event: Event, value: any) {\r\n        event.preventDefault();\r\n        if (this.create.valid) {\r\n            this.account.create({ email: value.email, password: value.password, name: value.name, surname: value.surname, lastName: value.lastName }).subscribe((res) => {\r\n                this.handleCreate(res);\r\n            }, (err) => {\r\n                this.handleErr(err);\r\n            });\r\n        }\r\n    }\r\n\r\n    /**\r\n     * Called on form reset\r\n     * @param event Reset event\r\n     */\r\n    public resetForm(event: Event) {\r\n        this.create.reset();\r\n        event.preventDefault();\r\n    }\r\n}"]},"_coverageSchema":"332fd63041d2c1bcb487cc26dd0d5f7d97098a6c","hash":"9057dc488bcea20bd458d5f84b5a5a37d43d34a9","l":{"2":1,"3":1,"4":1,"5":0,"6":1,"8":1,"9":1,"11":1,"12":1,"13":1,"14":1,"15":1,"16":1,"17":1,"18":1,"22":1,"28":1,"30":21,"31":21,"32":21,"33":21,"34":21,"35":21,"37":1,"38":21,"43":1,"44":21,"45":21,"46":21,"47":21,"48":21,"49":21,"50":21,"62":1,"63":5,"69":1,"70":3,"71":3,"72":3,"78":1,"79":2,"80":2,"81":2,"82":2,"89":1,"90":6,"91":6,"92":6,"93":5,"94":3,"96":2,"104":1,"105":2,"106":2,"108":1,"110":1,"117":1}},
"C:\\Users\\Yashi\\Documents\\Projects\\zno-library\\client\\account\\services\\account.service.ts":{"path":"C:\\Users\\Yashi\\Documents\\Projects\\zno-library\\client\\account\\services\\account.service.ts","statementMap":{"0":{"start":{"line":2,"column":17},"end":{"line":7,"column":1}},"1":{"start":{"line":3,"column":12},"end":{"line":3,"column":28}},"2":{"start":{"line":3,"column":34},"end":{"line":3,"column":125}},"3":{"start":{"line":4,"column":4},"end":{"line":5,"column":150}},"4":{"start":{"line":4,"column":79},"end":{"line":4,"column":131}},"5":{"start":{"line":5,"column":9},"end":{"line":5,"column":150}},"6":{"start":{"line":5,"column":58},"end":{"line":5,"column":150}},"7":{"start":{"line":5,"column":81},"end":{"line":5,"column":150}},"8":{"start":{"line":6,"column":4},"end":{"line":6,"column":66}},"9":{"start":{"line":8,"column":17},"end":{"line":10,"column":1}},"10":{"start":{"line":9,"column":4},"end":{"line":9,"column":109}},"11":{"start":{"line":9,"column":79},"end":{"line":9,"column":109}},"12":{"start":{"line":11,"column":14},"end":{"line":13,"column":1}},"13":{"start":{"line":12,"column":4},"end":{"line":12,"column":73}},"14":{"start":{"line":12,"column":36},"end":{"line":12,"column":71}},"15":{"start":{"line":14,"column":0},"end":{"line":14,"column":62}},"16":{"start":{"line":15,"column":13},"end":{"line":15,"column":37}},"17":{"start":{"line":16,"column":13},"end":{"line":16,"column":28}},"18":{"start":{"line":17,"column":20},"end":{"line":17,"column":53}},"19":{"start":{"line":18,"column":24},"end":{"line":18,"column":66}},"20":{"start":{"line":19,"column":33},"end":{"line":19,"column":83}},"21":{"start":{"line":20,"column":22},"end":{"line":20,"column":61}},"22":{"start":{"line":25,"column":0},"end":{"line":29,"column":65}},"23":{"start":{"line":26,"column":4},"end":{"line":26,"column":54}},"24":{"start":{"line":27,"column":4},"end":{"line":27,"column":64}},"25":{"start":{"line":28,"column":4},"end":{"line":28,"column":60}},"26":{"start":{"line":30,"column":22},"end":{"line":141,"column":3}},"27":{"start":{"line":32,"column":8},"end":{"line":32,"column":36}},"28":{"start":{"line":33,"column":8},"end":{"line":33,"column":48}},"29":{"start":{"line":34,"column":8},"end":{"line":34,"column":25}},"30":{"start":{"line":35,"column":8},"end":{"line":35,"column":31}},"31":{"start":{"line":36,"column":8},"end":{"line":36,"column":33}},"32":{"start":{"line":41,"column":4},"end":{"line":52,"column":6}},"33":{"start":{"line":42,"column":20},"end":{"line":42,"column":24}},"34":{"start":{"line":43,"column":8},"end":{"line":51,"column":9}},"35":{"start":{"line":44,"column":12},"end":{"line":44,"column":51}},"36":{"start":{"line":45,"column":12},"end":{"line":45,"column":89}},"37":{"start":{"line":46,"column":12},"end":{"line":50,"column":15}},"38":{"start":{"line":47,"column":16},"end":{"line":47,"column":59}},"39":{"start":{"line":49,"column":16},"end":{"line":49,"column":61}},"40":{"start":{"line":57,"column":4},"end":{"line":64,"column":6}},"41":{"start":{"line":58,"column":8},"end":{"line":63,"column":9}},"42":{"start":{"line":59,"column":12},"end":{"line":59,"column":91}},"43":{"start":{"line":62,"column":12},"end":{"line":62,"column":86}},"44":{"start":{"line":68,"column":4},"end":{"line":76,"column":6}},"45":{"start":{"line":69,"column":20},"end":{"line":69,"column":24}},"46":{"start":{"line":70,"column":8},"end":{"line":70,"column":31}},"47":{"start":{"line":71,"column":8},"end":{"line":75,"column":11}},"48":{"start":{"line":72,"column":12},"end":{"line":72,"column":34}},"49":{"start":{"line":74,"column":12},"end":{"line":74,"column":34}},"50":{"start":{"line":82,"column":4},"end":{"line":90,"column":6}},"51":{"start":{"line":83,"column":20},"end":{"line":83,"column":24}},"52":{"start":{"line":84,"column":8},"end":{"line":89,"column":11}},"53":{"start":{"line":85,"column":12},"end":{"line":85,"column":41}},"54":{"start":{"line":86,"column":12},"end":{"line":86,"column":43}},"55":{"start":{"line":87,"column":33},"end":{"line":87,"column":48}},"56":{"start":{"line":88,"column":12},"end":{"line":88,"column":75}},"57":{"start":{"line":95,"column":4},"end":{"line":108,"column":6}},"58":{"start":{"line":96,"column":20},"end":{"line":96,"column":24}},"59":{"start":{"line":97,"column":8},"end":{"line":97,"column":31}},"60":{"start":{"line":98,"column":27},"end":{"line":98,"column":81}},"61":{"start":{"line":99,"column":27},"end":{"line":99,"column":79}},"62":{"start":{"line":100,"column":31},"end":{"line":100,"column":82}},"63":{"start":{"line":101,"column":8},"end":{"line":107,"column":11}},"64":{"start":{"line":102,"column":12},"end":{"line":102,"column":34}},"65":{"start":{"line":103,"column":12},"end":{"line":103,"column":55}},"66":{"start":{"line":105,"column":12},"end":{"line":105,"column":34}},"67":{"start":{"line":106,"column":12},"end":{"line":106,"column":57}},"68":{"start":{"line":112,"column":4},"end":{"line":126,"column":6}},"69":{"start":{"line":113,"column":20},"end":{"line":113,"column":24}},"70":{"start":{"line":114,"column":8},"end":{"line":114,"column":31}},"71":{"start":{"line":115,"column":23},"end":{"line":115,"column":50}},"72":{"start":{"line":116,"column":23},"end":{"line":118,"column":10}},"73":{"start":{"line":117,"column":12},"end":{"line":117,"column":34}},"74":{"start":{"line":119,"column":26},"end":{"line":119,"column":57}},"75":{"start":{"line":120,"column":8},"end":{"line":125,"column":11}},"76":{"start":{"line":121,"column":12},"end":{"line":121,"column":57}},"77":{"start":{"line":122,"column":12},"end":{"line":122,"column":34}},"78":{"start":{"line":124,"column":12},"end":{"line":124,"column":34}},"79":{"start":{"line":130,"column":4},"end":{"line":139,"column":6}},"80":{"start":{"line":131,"column":20},"end":{"line":131,"column":24}},"81":{"start":{"line":132,"column":8},"end":{"line":132,"column":31}},"82":{"start":{"line":133,"column":27},"end":{"line":133,"column":82}},"83":{"start":{"line":134,"column":8},"end":{"line":138,"column":11}},"84":{"start":{"line":135,"column":12},"end":{"line":135,"column":34}},"85":{"start":{"line":137,"column":12},"end":{"line":137,"column":34}},"86":{"start":{"line":140,"column":4},"end":{"line":140,"column":26}},"87":{"start":{"line":142,"column":0},"end":{"line":146,"column":19}},"88":{"start":{"line":147,"column":0},"end":{"line":147,"column":40}}},"fnMap":{"0":{"name":"(anonymous_0)","decl":{"start":{"line":2,"column":46},"end":{"line":2,"column":47}},"loc":{"start":{"line":2,"column":87},"end":{"line":7,"column":1}},"line":2},"1":{"name":"(anonymous_1)","decl":{"start":{"line":8,"column":46},"end":{"line":8,"column":47}},"loc":{"start":{"line":8,"column":62},"end":{"line":10,"column":1}},"line":8},"2":{"name":"(anonymous_2)","decl":{"start":{"line":11,"column":40},"end":{"line":11,"column":41}},"loc":{"start":{"line":11,"column":73},"end":{"line":13,"column":1}},"line":11},"3":{"name":"(anonymous_3)","decl":{"start":{"line":12,"column":11},"end":{"line":12,"column":12}},"loc":{"start":{"line":12,"column":34},"end":{"line":12,"column":73}},"line":12},"4":{"name":"(anonymous_4)","decl":{"start":{"line":25,"column":1},"end":{"line":25,"column":2}},"loc":{"start":{"line":25,"column":23},"end":{"line":29,"column":1}},"line":25},"5":{"name":"(anonymous_5)","decl":{"start":{"line":30,"column":22},"end":{"line":30,"column":23}},"loc":{"start":{"line":30,"column":34},"end":{"line":141,"column":1}},"line":30},"6":{"name":"AccountService","decl":{"start":{"line":31,"column":13},"end":{"line":31,"column":27}},"loc":{"start":{"line":31,"column":61},"end":{"line":37,"column":5}},"line":31},"7":{"name":"(anonymous_7)","decl":{"start":{"line":41,"column":43},"end":{"line":41,"column":44}},"loc":{"start":{"line":41,"column":55},"end":{"line":52,"column":5}},"line":41},"8":{"name":"(anonymous_8)","decl":{"start":{"line":46,"column":39},"end":{"line":46,"column":40}},"loc":{"start":{"line":46,"column":59},"end":{"line":48,"column":13}},"line":46},"9":{"name":"(anonymous_9)","decl":{"start":{"line":48,"column":15},"end":{"line":48,"column":16}},"loc":{"start":{"line":48,"column":30},"end":{"line":50,"column":13}},"line":48},"10":{"name":"(anonymous_10)","decl":{"start":{"line":57,"column":46},"end":{"line":57,"column":47}},"loc":{"start":{"line":57,"column":68},"end":{"line":64,"column":5}},"line":57},"11":{"name":"(anonymous_11)","decl":{"start":{"line":68,"column":41},"end":{"line":68,"column":42}},"loc":{"start":{"line":68,"column":53},"end":{"line":76,"column":5}},"line":68},"12":{"name":"(anonymous_12)","decl":{"start":{"line":71,"column":93},"end":{"line":71,"column":94}},"loc":{"start":{"line":71,"column":105},"end":{"line":73,"column":9}},"line":71},"13":{"name":"(anonymous_13)","decl":{"start":{"line":73,"column":11},"end":{"line":73,"column":12}},"loc":{"start":{"line":73,"column":23},"end":{"line":75,"column":9}},"line":73},"14":{"name":"(anonymous_14)","decl":{"start":{"line":82,"column":43},"end":{"line":82,"column":44}},"loc":{"start":{"line":82,"column":73},"end":{"line":90,"column":5}},"line":82},"15":{"name":"(anonymous_15)","decl":{"start":{"line":84,"column":28},"end":{"line":84,"column":29}},"loc":{"start":{"line":84,"column":48},"end":{"line":89,"column":9}},"line":84},"16":{"name":"(anonymous_16)","decl":{"start":{"line":95,"column":37},"end":{"line":95,"column":38}},"loc":{"start":{"line":95,"column":60},"end":{"line":108,"column":5}},"line":95},"17":{"name":"(anonymous_17)","decl":{"start":{"line":101,"column":35},"end":{"line":101,"column":36}},"loc":{"start":{"line":101,"column":52},"end":{"line":104,"column":9}},"line":101},"18":{"name":"(anonymous_18)","decl":{"start":{"line":104,"column":11},"end":{"line":104,"column":12}},"loc":{"start":{"line":104,"column":28},"end":{"line":107,"column":9}},"line":104},"19":{"name":"(anonymous_19)","decl":{"start":{"line":112,"column":38},"end":{"line":112,"column":39}},"loc":{"start":{"line":112,"column":50},"end":{"line":126,"column":5}},"line":112},"20":{"name":"(anonymous_20)","decl":{"start":{"line":116,"column":83},"end":{"line":116,"column":84}},"loc":{"start":{"line":116,"column":103},"end":{"line":118,"column":9}},"line":116},"21":{"name":"(anonymous_21)","decl":{"start":{"line":120,"column":30},"end":{"line":120,"column":31}},"loc":{"start":{"line":120,"column":42},"end":{"line":123,"column":9}},"line":120},"22":{"name":"(anonymous_22)","decl":{"start":{"line":123,"column":11},"end":{"line":123,"column":12}},"loc":{"start":{"line":123,"column":23},"end":{"line":125,"column":9}},"line":123},"23":{"name":"(anonymous_23)","decl":{"start":{"line":130,"column":38},"end":{"line":130,"column":39}},"loc":{"start":{"line":130,"column":61},"end":{"line":139,"column":5}},"line":130},"24":{"name":"(anonymous_24)","decl":{"start":{"line":134,"column":31},"end":{"line":134,"column":32}},"loc":{"start":{"line":134,"column":43},"end":{"line":136,"column":9}},"line":134},"25":{"name":"(anonymous_25)","decl":{"start":{"line":136,"column":11},"end":{"line":136,"column":12}},"loc":{"start":{"line":136,"column":23},"end":{"line":138,"column":9}},"line":136}},"branchMap":{"0":{"loc":{"start":{"line":2,"column":17},"end":{"line":7,"column":1}},"type":"binary-expr","locations":[{"start":{"line":2,"column":18},"end":{"line":2,"column":22}},{"start":{"line":2,"column":26},"end":{"line":2,"column":41}},{"start":{"line":2,"column":46},"end":{"line":7,"column":1}}],"line":2},"1":{"loc":{"start":{"line":3,"column":34},"end":{"line":3,"column":125}},"type":"cond-expr","locations":[{"start":{"line":3,"column":42},"end":{"line":3,"column":48}},{"start":{"line":3,"column":51},"end":{"line":3,"column":125}}],"line":3},"2":{"loc":{"start":{"line":3,"column":51},"end":{"line":3,"column":125}},"type":"cond-expr","locations":[{"start":{"line":3,"column":67},"end":{"line":3,"column":118}},{"start":{"line":3,"column":121},"end":{"line":3,"column":125}}],"line":3},"3":{"loc":{"start":{"line":4,"column":4},"end":{"line":5,"column":150}},"type":"if","locations":[{"start":{"line":4,"column":4},"end":{"line":5,"column":150}},{"start":{"line":4,"column":4},"end":{"line":5,"column":150}}],"line":4},"4":{"loc":{"start":{"line":4,"column":8},"end":{"line":4,"column":77}},"type":"binary-expr","locations":[{"start":{"line":4,"column":8},"end":{"line":4,"column":35}},{"start":{"line":4,"column":39},"end":{"line":4,"column":77}}],"line":4},"5":{"loc":{"start":{"line":5,"column":58},"end":{"line":5,"column":150}},"type":"if","locations":[{"start":{"line":5,"column":58},"end":{"line":5,"column":150}},{"start":{"line":5,"column":58},"end":{"line":5,"column":150}}],"line":5},"6":{"loc":{"start":{"line":5,"column":85},"end":{"line":5,"column":149}},"type":"binary-expr","locations":[{"start":{"line":5,"column":86},"end":{"line":5,"column":143}},{"start":{"line":5,"column":148},"end":{"line":5,"column":149}}],"line":5},"7":{"loc":{"start":{"line":5,"column":86},"end":{"line":5,"column":143}},"type":"cond-expr","locations":[{"start":{"line":5,"column":94},"end":{"line":5,"column":98}},{"start":{"line":5,"column":101},"end":{"line":5,"column":143}}],"line":5},"8":{"loc":{"start":{"line":5,"column":101},"end":{"line":5,"column":143}},"type":"cond-expr","locations":[{"start":{"line":5,"column":109},"end":{"line":5,"column":126}},{"start":{"line":5,"column":129},"end":{"line":5,"column":143}}],"line":5},"9":{"loc":{"start":{"line":6,"column":11},"end":{"line":6,"column":62}},"type":"binary-expr","locations":[{"start":{"line":6,"column":11},"end":{"line":6,"column":16}},{"start":{"line":6,"column":20},"end":{"line":6,"column":21}},{"start":{"line":6,"column":25},"end":{"line":6,"column":62}}],"line":6},"10":{"loc":{"start":{"line":8,"column":17},"end":{"line":10,"column":1}},"type":"binary-expr","locations":[{"start":{"line":8,"column":18},"end":{"line":8,"column":22}},{"start":{"line":8,"column":26},"end":{"line":8,"column":41}},{"start":{"line":8,"column":46},"end":{"line":10,"column":1}}],"line":8},"11":{"loc":{"start":{"line":9,"column":4},"end":{"line":9,"column":109}},"type":"if","locations":[{"start":{"line":9,"column":4},"end":{"line":9,"column":109}},{"start":{"line":9,"column":4},"end":{"line":9,"column":109}}],"line":9},"12":{"loc":{"start":{"line":9,"column":8},"end":{"line":9,"column":77}},"type":"binary-expr","locations":[{"start":{"line":9,"column":8},"end":{"line":9,"column":35}},{"start":{"line":9,"column":39},"end":{"line":9,"column":77}}],"line":9},"13":{"loc":{"start":{"line":11,"column":14},"end":{"line":13,"column":1}},"type":"binary-expr","locations":[{"start":{"line":11,"column":15},"end":{"line":11,"column":19}},{"start":{"line":11,"column":23},"end":{"line":11,"column":35}},{"start":{"line":11,"column":40},"end":{"line":13,"column":1}}],"line":11},"14":{"loc":{"start":{"line":29,"column":16},"end":{"line":29,"column":63}},"type":"binary-expr","locations":[{"start":{"line":29,"column":16},"end":{"line":29,"column":34}},{"start":{"line":29,"column":39},"end":{"line":29,"column":62}}],"line":29},"15":{"loc":{"start":{"line":43,"column":8},"end":{"line":51,"column":9}},"type":"if","locations":[{"start":{"line":43,"column":8},"end":{"line":51,"column":9}},{"start":{"line":43,"column":8},"end":{"line":51,"column":9}}],"line":43},"16":{"loc":{"start":{"line":58,"column":8},"end":{"line":63,"column":9}},"type":"if","locations":[{"start":{"line":58,"column":8},"end":{"line":63,"column":9}},{"start":{"line":58,"column":8},"end":{"line":63,"column":9}}],"line":58}},"s":{"0":1,"1":1,"2":1,"3":1,"4":1,"5":0,"6":0,"7":0,"8":1,"9":1,"10":1,"11":1,"12":1,"13":4,"14":4,"15":1,"16":1,"17":1,"18":1,"19":1,"20":1,"21":1,"22":1,"23":1,"24":1,"25":1,"26":1,"27":24,"28":24,"29":24,"30":24,"31":24,"32":1,"33":4,"34":4,"35":4,"36":4,"37":4,"38":1,"39":1,"40":1,"41":6,"42":5,"43":1,"44":1,"45":7,"46":7,"47":7,"48":3,"49":1,"50":1,"51":9,"52":9,"53":6,"54":6,"55":6,"56":6,"57":1,"58":9,"59":9,"60":9,"61":9,"62":9,"63":9,"64":5,"65":5,"66":1,"67":1,"68":1,"69":5,"70":5,"71":5,"72":5,"73":1,"74":5,"75":5,"76":4,"77":4,"78":0,"79":1,"80":3,"81":3,"82":3,"83":3,"84":1,"85":0,"86":1,"87":1,"88":1},"f":{"0":1,"1":1,"2":4,"3":4,"4":1,"5":1,"6":24,"7":4,"8":1,"9":1,"10":6,"11":7,"12":3,"13":1,"14":9,"15":6,"16":9,"17":5,"18":1,"19":5,"20":1,"21":4,"22":0,"23":3,"24":1,"25":0},"b":{"0":[1,1,1],"1":[1,0],"2":[0,0],"3":[1,0],"4":[1,1],"5":[0,0],"6":[0,0],"7":[0,0],"8":[0,0],"9":[1,0,0],"10":[1,1,1],"11":[1,0],"12":[1,1],"13":[1,1,1],"14":[1,1],"15":[4,0],"16":[5,1]},"inputSourceMap":{"version":3,"file":"C:/Users/Yashi/Documents/Projects/zno-library/client/account/services/account.service.ts","sourceRoot":"C:/Users/Yashi/Documents/Projects/zno-library/","sources":["client\\account\\services\\account.service.ts"],"names":[],"mappings":";;;;;;;;;;;;;;AAAA,sCAAmD;AACnD,6BAAiD;AAGjD,sDAA4D;AAC5D,mEAAiE;AACjE,oFAAiF;AACjF,8DAA6D;AAkC7D;;GAEG;AACH,IAAY,UAIX;AAJD,WAAY,UAAU;IAClB,iDAAS,CAAA;IACT,2DAAc,CAAA;IACd,uDAAY,CAAA;AAChB,CAAC,EAJW,UAAU,GAAV,kBAAU,KAAV,kBAAU,QAIrB;AAGD,IAAa,cAAc;IAMvB,wBAA4C,QAAgC,EAA8B,IAAwB,EAAkB,MAAc,EAA0B,OAAuB;QAC/M,IAAI,CAAC,KAAK,GAAI,MAAc,CAAC,OAAO,CAAC;QACrC,IAAI,CAAC,KAAK,GAAG,IAAI,oBAAa,EAAE,CAAC;QACjC,IAAI,CAAC,IAAI,GAAG,IAAI,CAAC;QACjB,IAAI,CAAC,OAAO,GAAG,OAAO,CAAC;QACvB,IAAI,CAAC,QAAQ,GAAG,QAAQ,CAAC;IAC7B,CAAC;IAED;;OAEG;IACI,oCAAW,GAAlB;QAAA,iBAUC;QATG,EAAE,CAAC,CAAC,CAAC,IAAI,CAAC,QAAQ,CAAC,WAAW,EAAE,CAAC,OAAO,EAAE,CAAC,CAAC,CAAC;YACzC,IAAI,CAAC,KAAK,CAAC,IAAI,CAAC,UAAU,CAAC,SAAS,CAAC,CAAC,CAAC;YACvC,IAAI,CAAC,QAAQ,CAAC,WAAW,CAAC,IAAI,IAAI,CAAC,KAAK,CAAC,MAAM,EAAE,EAAE,eAAe,EAAE,IAAI,EAAE,CAAC,CAAC,CAAC;YAC7E,IAAI,CAAC,SAAS,EAAE,CAAC,SAAS,CAAC,UAAC,QAAQ;gBAChC,KAAI,CAAC,KAAK,CAAC,IAAI,CAAC,UAAU,CAAC,YAAY,CAAC,CAAC,CAAC;YAC9C,CAAC,EAAE,UAAC,GAAG;gBACH,KAAI,CAAC,KAAK,CAAC,IAAI,CAAC,UAAU,CAAC,cAAc,CAAC,CAAC,CAAC;YAChD,CAAC,CAAC,CAAC;QACP,CAAC;IACL,CAAC;IAED;;;OAGG;IACK,uCAAc,GAAtB,UAAuB,UAAmB;QACtC,EAAE,CAAC,CAAC,UAAU,CAAC,CAAC,CAAC;YACb,IAAI,CAAC,QAAQ,CAAC,WAAW,CAAC,IAAI,EAAE,IAAI,CAAC,KAAK,EAAE,MAAM,EAAE,EAAE,eAAe,EAAE,IAAI,EAAE,CAAC,CAAC;QACnF,CAAC;QAAC,IAAI,CAAC,CAAC;YACJ,IAAI,CAAC,QAAQ,CAAC,WAAW,CAAC,eAAe,EAAE,6BAAa,CAAC,CAAC;QAC9D,CAAC;IACL,CAAC;IAED;;OAEG;IACI,kCAAS,GAAhB;QAAA,iBAOC;QANG,IAAI,CAAC,OAAO,CAAC,OAAO,EAAE,CAAC;QACvB,MAAM,CAAC,IAAI,CAAC,QAAQ,CAAC,WAAW,EAAE,CAAC,SAAS,CAAC,iBAAU,CAAC,EAAE,CAAC,CAAC,OAAO,EAAE,EAAE,CAAC,CAAC,CAAC,CAAC,EAAE,CAAC;YAC1E,KAAI,CAAC,OAAO,CAAC,KAAK,EAAE,CAAC;QACzB,CAAC,EAAE;YACC,KAAI,CAAC,OAAO,CAAC,KAAK,EAAE,CAAC;QACzB,CAAC,CAAC,CAAC;IACP,CAAC;IAED;;;;OAIG;IACK,oCAAW,GAAnB,UAAoB,QAA8B,EAAE,QAAiB;QAArE,iBAOC;QANG,MAAM,CAAC,QAAQ,CAAC,GAAG,CAAC,UAAC,QAAQ;YACzB,KAAI,CAAC,OAAO,CAAC,UAAU,CAAC,EAAE,CAAC,CAAC;YAC5B,KAAI,CAAC,cAAc,CAAC,QAAQ,CAAC,CAAC;YAC9B,IAAI,cAAc,GAAG,QAAQ,CAAC,IAAI,EAAE,CAAC;YACrC,MAAM,CAAC,CAAE,MAAM,CAAC,MAAM,CAAC,cAAc,EAAE,EAAE,KAAK,EAAE,OAAO,EAAE,CAAC,EAAE,EAAE,CAAE,CAAC;QACrE,CAAC,CAAC,CAAC;IACP,CAAC;IAED;;;OAGG;IACI,8BAAK,GAAZ,UAAa,WAA8B;QAA3C,iBAYC;QAXG,IAAI,CAAC,OAAO,CAAC,OAAO,EAAE,CAAC;QACvB,IAAI,YAAY,GAAG,IAAI,CAAC,IAAI,CAAC,SAAS,CAAC,iBAAU,CAAC,EAAE,CAAC,WAAW,CAAC,CAAC,CAAC;QACnE,IAAI,YAAY,GAAG,IAAI,CAAC,WAAW,CAAC,YAAY,EAAE,WAAW,CAAC,QAAQ,CAAC,CAAC;QACxE,IAAI,gBAAgB,GAAG,IAAI,CAAC,QAAQ,CAAC,WAAW,EAAE,CAAC,SAAS,CAAC,YAAY,CAAC,CAAC;QAC3E,MAAM,CAAC,gBAAgB,CAAC,EAAE,CAAC,UAAC,KAAK;YAC7B,KAAI,CAAC,OAAO,CAAC,KAAK,EAAE,CAAC;YACrB,KAAI,CAAC,KAAK,CAAC,IAAI,CAAC,UAAU,CAAC,YAAY,CAAC,CAAC,CAAC;QAC9C,CAAC,EAAE,UAAC,KAAK;YACL,KAAI,CAAC,OAAO,CAAC,KAAK,EAAE,CAAC;YACrB,KAAI,CAAC,KAAK,CAAC,IAAI,CAAC,UAAU,CAAC,cAAc,CAAC,CAAC,CAAC;QAChD,CAAC,CAAC,CAAC;IACP,CAAC;IAED;;OAEG;IACI,+BAAM,GAAb;QAAA,iBAaC;QAZG,IAAI,CAAC,OAAO,CAAC,OAAO,EAAE,CAAC;QACvB,IAAI,QAAQ,GAAG,IAAI,CAAC,QAAQ,CAAC,WAAW,EAAE,CAAC;QAC3C,IAAI,QAAQ,GAAG,QAAQ,CAAC,SAAS,CAAC,iBAAU,CAAC,EAAE,CAAC,CAAC,OAAO,EAAE,EAAE,CAAC,CAAC,CAAC,CAAC,GAAG,CAAC,UAAC,QAAQ;YACzE,MAAM,CAAC,CAAE,QAAQ,EAAE,EAAE,CAAE,CAAC;QAC5B,CAAC,CAAC,CAAC;QACH,IAAI,WAAW,GAAG,QAAQ,CAAC,YAAY,CAAC,QAAQ,CAAC,CAAC;QAClD,MAAM,CAAC,WAAW,CAAC,EAAE,CAAC;YAClB,KAAI,CAAC,KAAK,CAAC,IAAI,CAAC,UAAU,CAAC,cAAc,CAAC,CAAC,CAAC;YAC5C,KAAI,CAAC,OAAO,CAAC,KAAK,EAAE,CAAC;QACzB,CAAC,EAAE;YACC,KAAI,CAAC,OAAO,CAAC,KAAK,EAAE,CAAC;QACzB,CAAC,CAAC,CAAC;IACP,CAAC;IAED;;OAEG;IACI,+BAAM,GAAb,UAAc,WAAoB;QAAlC,iBAQC;QAPG,IAAI,CAAC,OAAO,CAAC,OAAO,EAAE,CAAC;QACvB,IAAI,YAAY,GAAG,IAAI,CAAC,IAAI,CAAC,UAAU,CAAC,iBAAU,CAAC,EAAE,CAAC,WAAW,CAAC,CAAC,CAAC;QACpE,MAAM,CAAC,YAAY,CAAC,EAAE,CAAC;YACnB,KAAI,CAAC,OAAO,CAAC,KAAK,EAAE,CAAC;QACzB,CAAC,EAAE;YACC,KAAI,CAAC,OAAO,CAAC,KAAK,EAAE,CAAC;QACzB,CAAC,CAAC,CAAC;IACP,CAAC;IACL,qBAAC;AAAD,CAAC,AAnHD,IAmHC;AAnHY,cAAc;IAD1B,iBAAU,EAAE;IAOI,WAAA,aAAM,CAAC,iDAAsB,CAAC,CAAA,EAAoC,WAAA,aAAM,CAAC,gCAAkB,CAAC,CAAA,EAA4B,WAAA,aAAM,CAAC,MAAM,CAAC,CAAA,EAAkB,WAAA,aAAM,CAAC,gCAAc,CAAC,CAAA;qCAArI,iDAAsB,EAAoC,gCAAkB,EAA0B,MAAM,EAAmC,gCAAc;GAN1M,cAAc,CAmH1B;AAnHY,wCAAc","sourcesContent":["import { Injectable, Inject } from \"@angular/core\";\r\nimport { ReplaySubject, Observable } from \"rxjs\";\r\nimport { Http, Response } from \"@angular/http\";\r\nimport { DatabaseClient, IUserDoc } from \"../../database/database.module\";\r\nimport { AccountHttpService } from \"../../http/http.module\";\r\nimport { LoadingService } from \"../../main/load/loading.service\";\r\nimport { AccountDatabaseService } from \"../../database/account-database.service\";\r\nimport { InMemoryStore } from \"../../database/inMemoryStore\";\r\n\r\n/**\r\n * Data for creating user\r\n */\r\nexport interface ICreate {\r\n    email: string;\r\n    password: string;\r\n    name: string;\r\n    surname: string;\r\n    lastName: string;\r\n}\r\n\r\n/**\r\n * Login credentials\r\n */\r\nexport interface ILoginCredentials {\r\n    email: string;\r\n    password: string;\r\n    remember: boolean;\r\n}\r\n\r\n/**\r\n * Response from logging in\r\n */\r\nexport interface ILoginResponse {\r\n    token: string;\r\n    email: string;\r\n    roles: string[];\r\n    name: string;\r\n    surname: string;\r\n    lastName: string;\r\n}\r\n\r\n/**\r\n * States of account\r\n */\r\nexport enum TokenState {\r\n    \"pending\",\r\n    \"unauthorized\",\r\n    \"authorized\"\r\n}\r\n\r\n@Injectable()\r\nexport class AccountService {\r\n    private pouch: PouchDB.Static;\r\n    private http: AccountHttpService;\r\n    private database: AccountDatabaseService;\r\n    private loading: LoadingService;\r\n    public state: ReplaySubject<TokenState>;\r\n    constructor(@Inject(AccountDatabaseService) database: AccountDatabaseService, @Inject(AccountHttpService) http: AccountHttpService, @Inject(Window) window: Window, @Inject(LoadingService) loading: LoadingService) {\r\n        this.pouch = (window as any).PouchDB;\r\n        this.state = new ReplaySubject();\r\n        this.http = http;\r\n        this.loading = loading;\r\n        this.database = database;\r\n    }\r\n\r\n    /**\r\n     * Initializes account service\r\n     */\r\n    public initAccount() {\r\n        if (!this.database.getDatabase().isSetDb()) {\r\n            this.state.next(TokenState[\"pending\"]);\r\n            this.database.addDatabase(new this.pouch(\"user\", { auto_compaction: true }));\r\n            this.checkAuth().subscribe((response) => {\r\n                this.state.next(TokenState[\"authorized\"]);\r\n            }, (err) => {\r\n                this.state.next(TokenState[\"unauthorized\"]);\r\n            });\r\n        }\r\n    }\r\n\r\n    /**\r\n     * Sets database store to use either PouchDB or InMemoryStore\r\n     * @param persistent Will database data be persistent\r\n     */\r\n    private setProperStore(persistent: boolean) {\r\n        if (persistent) {\r\n            this.database.setProperDb(\"Te\", this.pouch, \"user\", { auto_compaction: true });\r\n        } else {\r\n            this.database.setProperDb(\"InMemoryStore\", InMemoryStore);\r\n        }\r\n    }\r\n\r\n    /**\r\n     * Checks if user is logged in\r\n     */\r\n    public checkAuth(): Observable<IUserDoc> {\r\n        this.loading.onStart();\r\n        return this.database.getDatabase().getRecord(Observable.of([\"token\", {}])).do(() => {\r\n            this.loading.onEnd();\r\n        }, () => {\r\n            this.loading.onEnd();\r\n        });\r\n    }\r\n\r\n    /**\r\n     * Handles login response\r\n     * @param response Observable with response\r\n     * @param remember Should token be remembered\r\n     */\r\n    private handleLogin(response: Observable<Response>, remember: boolean) {\r\n        return response.map((response) => {\r\n            this.loading.onComplete(50);\r\n            this.setProperStore(remember);\r\n            let parsedResponse = response.json();\r\n            return [ Object.assign(parsedResponse, { \"_id\": \"token\" }), {} ];\r\n        });\r\n    }\r\n\r\n    /**\r\n     * Logs in user\r\n     * @param credentials Login credentials and should auth be remembered\r\n     */\r\n    public logIn(credentials: ILoginCredentials): Observable<any> {\r\n        this.loading.onStart();\r\n        let httpResponse = this.http.loginUser(Observable.of(credentials));\r\n        let loginHandled = this.handleLogin(httpResponse, credentials.remember);\r\n        let databaseResponse = this.database.getDatabase().putRecord(loginHandled);\r\n        return databaseResponse.do((value) => {\r\n            this.loading.onEnd();\r\n            this.state.next(TokenState[\"authorized\"]);\r\n        }, (error) => {\r\n            this.loading.onEnd();\r\n            this.state.next(TokenState[\"unauthorized\"]);\r\n        });\r\n    }\r\n\r\n    /**\r\n     * Logs off user\r\n     */\r\n    public logOff() {\r\n        this.loading.onStart();\r\n        let database = this.database.getDatabase();\r\n        let getToken = database.getRecord(Observable.of([\"token\", {}])).map((response) => {\r\n            return [ response, {} ];\r\n        });\r\n        let deleteToken = database.removeRecord(getToken);\r\n        return deleteToken.do(() => {\r\n            this.state.next(TokenState[\"unauthorized\"]);\r\n            this.loading.onEnd();\r\n        }, () => {\r\n            this.loading.onEnd();\r\n        });\r\n    }\r\n\r\n    /**\r\n     * Creates user\r\n     */\r\n    public create(credentials: ICreate) {\r\n        this.loading.onStart();\r\n        let httpResponse = this.http.createUser(Observable.of(credentials));\r\n        return httpResponse.do(() => {\r\n            this.loading.onEnd();\r\n        }, () => {\r\n            this.loading.onEnd();\r\n        });\r\n    }\r\n}"]},"_coverageSchema":"332fd63041d2c1bcb487cc26dd0d5f7d97098a6c","hash":"8403c5a4460768ccad0195ca8ef52575f1125c5b","l":{"2":1,"3":1,"4":1,"5":0,"6":1,"8":1,"9":1,"11":1,"12":4,"14":1,"15":1,"16":1,"17":1,"18":1,"19":1,"20":1,"25":1,"26":1,"27":1,"28":1,"30":1,"32":24,"33":24,"34":24,"35":24,"36":24,"41":1,"42":4,"43":4,"44":4,"45":4,"46":4,"47":1,"49":1,"57":1,"58":6,"59":5,"62":1,"68":1,"69":7,"70":7,"71":7,"72":3,"74":1,"82":1,"83":9,"84":9,"85":6,"86":6,"87":6,"88":6,"95":1,"96":9,"97":9,"98":9,"99":9,"100":9,"101":9,"102":5,"103":5,"105":1,"106":1,"112":1,"113":5,"114":5,"115":5,"116":5,"117":1,"119":5,"120":5,"121":4,"122":4,"124":0,"130":1,"131":3,"132":3,"133":3,"134":3,"135":1,"137":0,"140":1,"142":1,"147":1}},
"C:\\Users\\Yashi\\Documents\\Projects\\zno-library\\client\\http\\http.module.ts":{"path":"C:\\Users\\Yashi\\Documents\\Projects\\zno-library\\client\\http\\http.module.ts","statementMap":{"0":{"start":{"line":2,"column":17},"end":{"line":7,"column":1}},"1":{"start":{"line":3,"column":12},"end":{"line":3,"column":28}},"2":{"start":{"line":3,"column":34},"end":{"line":3,"column":125}},"3":{"start":{"line":4,"column":4},"end":{"line":5,"column":150}},"4":{"start":{"line":4,"column":79},"end":{"line":4,"column":131}},"5":{"start":{"line":5,"column":9},"end":{"line":5,"column":150}},"6":{"start":{"line":5,"column":58},"end":{"line":5,"column":150}},"7":{"start":{"line":5,"column":81},"end":{"line":5,"column":150}},"8":{"start":{"line":6,"column":4},"end":{"line":6,"column":66}},"9":{"start":{"line":8,"column":0},"end":{"line":8,"column":62}},"10":{"start":{"line":9,"column":13},"end":{"line":9,"column":37}},"11":{"start":{"line":11,"column":29},"end":{"line":11,"column":62}},"12":{"start":{"line":12,"column":29},"end":{"line":12,"column":62}},"13":{"start":{"line":13,"column":32},"end":{"line":13,"column":68}},"14":{"start":{"line":15,"column":29},"end":{"line":15,"column":62}},"15":{"start":{"line":16,"column":0},"end":{"line":16,"column":71}},"16":{"start":{"line":17,"column":29},"end":{"line":17,"column":62}},"17":{"start":{"line":18,"column":0},"end":{"line":18,"column":71}},"18":{"start":{"line":19,"column":32},"end":{"line":19,"column":68}},"19":{"start":{"line":20,"column":0},"end":{"line":20,"column":78}},"20":{"start":{"line":21,"column":21},"end":{"line":25,"column":3}},"21":{"start":{"line":24,"column":4},"end":{"line":24,"column":25}},"22":{"start":{"line":26,"column":0},"end":{"line":30,"column":18}},"23":{"start":{"line":31,"column":0},"end":{"line":31,"column":38}}},"fnMap":{"0":{"name":"(anonymous_0)","decl":{"start":{"line":2,"column":46},"end":{"line":2,"column":47}},"loc":{"start":{"line":2,"column":87},"end":{"line":7,"column":1}},"line":2},"1":{"name":"(anonymous_1)","decl":{"start":{"line":21,"column":21},"end":{"line":21,"column":22}},"loc":{"start":{"line":21,"column":33},"end":{"line":25,"column":1}},"line":21},"2":{"name":"AppHttpModule","decl":{"start":{"line":22,"column":13},"end":{"line":22,"column":26}},"loc":{"start":{"line":22,"column":29},"end":{"line":23,"column":5}},"line":22}},"branchMap":{"0":{"loc":{"start":{"line":2,"column":17},"end":{"line":7,"column":1}},"type":"binary-expr","locations":[{"start":{"line":2,"column":18},"end":{"line":2,"column":22}},{"start":{"line":2,"column":26},"end":{"line":2,"column":41}},{"start":{"line":2,"column":46},"end":{"line":7,"column":1}}],"line":2},"1":{"loc":{"start":{"line":3,"column":34},"end":{"line":3,"column":125}},"type":"cond-expr","locations":[{"start":{"line":3,"column":42},"end":{"line":3,"column":48}},{"start":{"line":3,"column":51},"end":{"line":3,"column":125}}],"line":3},"2":{"loc":{"start":{"line":3,"column":51},"end":{"line":3,"column":125}},"type":"cond-expr","locations":[{"start":{"line":3,"column":67},"end":{"line":3,"column":118}},{"start":{"line":3,"column":121},"end":{"line":3,"column":125}}],"line":3},"3":{"loc":{"start":{"line":4,"column":4},"end":{"line":5,"column":150}},"type":"if","locations":[{"start":{"line":4,"column":4},"end":{"line":5,"column":150}},{"start":{"line":4,"column":4},"end":{"line":5,"column":150}}],"line":4},"4":{"loc":{"start":{"line":4,"column":8},"end":{"line":4,"column":77}},"type":"binary-expr","locations":[{"start":{"line":4,"column":8},"end":{"line":4,"column":35}},{"start":{"line":4,"column":39},"end":{"line":4,"column":77}}],"line":4},"5":{"loc":{"start":{"line":5,"column":58},"end":{"line":5,"column":150}},"type":"if","locations":[{"start":{"line":5,"column":58},"end":{"line":5,"column":150}},{"start":{"line":5,"column":58},"end":{"line":5,"column":150}}],"line":5},"6":{"loc":{"start":{"line":5,"column":85},"end":{"line":5,"column":149}},"type":"binary-expr","locations":[{"start":{"line":5,"column":86},"end":{"line":5,"column":143}},{"start":{"line":5,"column":148},"end":{"line":5,"column":149}}],"line":5},"7":{"loc":{"start":{"line":5,"column":86},"end":{"line":5,"column":143}},"type":"cond-expr","locations":[{"start":{"line":5,"column":94},"end":{"line":5,"column":98}},{"start":{"line":5,"column":101},"end":{"line":5,"column":143}}],"line":5},"8":{"loc":{"start":{"line":5,"column":101},"end":{"line":5,"column":143}},"type":"cond-expr","locations":[{"start":{"line":5,"column":109},"end":{"line":5,"column":126}},{"start":{"line":5,"column":129},"end":{"line":5,"column":143}}],"line":5},"9":{"loc":{"start":{"line":6,"column":11},"end":{"line":6,"column":62}},"type":"binary-expr","locations":[{"start":{"line":6,"column":11},"end":{"line":6,"column":16}},{"start":{"line":6,"column":20},"end":{"line":6,"column":21}},{"start":{"line":6,"column":25},"end":{"line":6,"column":62}}],"line":6}},"s":{"0":1,"1":1,"2":1,"3":1,"4":1,"5":0,"6":0,"7":0,"8":1,"9":1,"10":1,"11":1,"12":1,"13":1,"14":1,"15":1,"16":1,"17":1,"18":1,"19":1,"20":1,"21":1,"22":1,"23":1},"f":{"0":1,"1":1,"2":0},"b":{"0":[1,1,1],"1":[1,0],"2":[0,0],"3":[1,0],"4":[1,1],"5":[0,0],"6":[0,0],"7":[0,0],"8":[0,0],"9":[1,0,0]},"inputSourceMap":{"version":3,"file":"C:/Users/Yashi/Documents/Projects/zno-library/client/http/http.module.ts","sourceRoot":"C:/Users/Yashi/Documents/Projects/zno-library/","sources":["client\\http\\http.module.ts"],"names":[],"mappings":";;;;;;;;AAAA,sCAAyC;AACzC,UAAU;AACV,+DAA4D;AAC5D,+DAA4D;AAC5D,qEAAiE;AACjE,UAAU;AACV,+DAA4D;AAAnD,oDAAA,kBAAkB,CAAA;AAC3B,+DAA4D;AAAnD,oDAAA,kBAAkB,CAAA;AAC3B,qEAAiE;AAAxD,yDAAA,oBAAoB,CAAA;AAK7B,IAAa,aAAa;IAA1B;IAA4B,CAAC;IAAD,oBAAC;AAAD,CAAC,AAA7B,IAA6B;AAAhB,aAAa;IAHzB,eAAQ,CAAC;QACN,SAAS,EAAE,CAAE,yCAAkB,EAAE,yCAAkB,EAAE,8CAAoB,CAAE;KAC9E,CAAC;GACW,aAAa,CAAG;AAAhB,sCAAa","sourcesContent":["import { NgModule } from \"@angular/core\";\r\n// imports\r\nimport { AccountHttpService } from \"./account-http.service\";\r\nimport { HistoryHttpService } from \"./history-http.service\";\r\nimport { AddCourseHttpService } from \"./add-course-http.service\";\r\n// exports\r\nexport { AccountHttpService } from \"./account-http.service\";\r\nexport { HistoryHttpService } from \"./history-http.service\";\r\nexport { AddCourseHttpService } from \"./add-course-http.service\";\r\n\r\n@NgModule({\r\n    providers: [ AccountHttpService, HistoryHttpService, AddCourseHttpService ]\r\n})\r\nexport class AppHttpModule {}"]},"_coverageSchema":"332fd63041d2c1bcb487cc26dd0d5f7d97098a6c","hash":"b9060d5a69401d5c8cab198f3bd5e4bc62a10e47","l":{"2":1,"3":1,"4":1,"5":0,"6":1,"8":1,"9":1,"11":1,"12":1,"13":1,"15":1,"16":1,"17":1,"18":1,"19":1,"20":1,"21":1,"24":1,"26":1,"31":1}},
"C:\\Users\\Yashi\\Documents\\Projects\\zno-library\\client\\http\\account-http.service.ts":{"path":"C:\\Users\\Yashi\\Documents\\Projects\\zno-library\\client\\http\\account-http.service.ts","statementMap":{"0":{"start":{"line":2,"column":17},"end":{"line":7,"column":1}},"1":{"start":{"line":3,"column":12},"end":{"line":3,"column":28}},"2":{"start":{"line":3,"column":34},"end":{"line":3,"column":125}},"3":{"start":{"line":4,"column":4},"end":{"line":5,"column":150}},"4":{"start":{"line":4,"column":79},"end":{"line":4,"column":131}},"5":{"start":{"line":5,"column":9},"end":{"line":5,"column":150}},"6":{"start":{"line":5,"column":58},"end":{"line":5,"column":150}},"7":{"start":{"line":5,"column":81},"end":{"line":5,"column":150}},"8":{"start":{"line":6,"column":4},"end":{"line":6,"column":66}},"9":{"start":{"line":8,"column":17},"end":{"line":10,"column":1}},"10":{"start":{"line":9,"column":4},"end":{"line":9,"column":109}},"11":{"start":{"line":9,"column":79},"end":{"line":9,"column":109}},"12":{"start":{"line":11,"column":14},"end":{"line":13,"column":1}},"13":{"start":{"line":12,"column":4},"end":{"line":12,"column":73}},"14":{"start":{"line":12,"column":36},"end":{"line":12,"column":71}},"15":{"start":{"line":14,"column":0},"end":{"line":14,"column":62}},"16":{"start":{"line":15,"column":13},"end":{"line":15,"column":37}},"17":{"start":{"line":16,"column":13},"end":{"line":16,"column":37}},"18":{"start":{"line":17,"column":14},"end":{"line":17,"column":44}},"19":{"start":{"line":18,"column":26},"end":{"line":50,"column":3}},"20":{"start":{"line":20,"column":8},"end":{"line":20,"column":25}},"21":{"start":{"line":21,"column":8},"end":{"line":21,"column":27}},"22":{"start":{"line":27,"column":4},"end":{"line":35,"column":6}},"23":{"start":{"line":28,"column":20},"end":{"line":28,"column":24}},"24":{"start":{"line":29,"column":22},"end":{"line":29,"column":43}},"25":{"start":{"line":30,"column":22},"end":{"line":30,"column":69}},"26":{"start":{"line":31,"column":8},"end":{"line":34,"column":23}},"27":{"start":{"line":32,"column":27},"end":{"line":32,"column":112}},"28":{"start":{"line":33,"column":12},"end":{"line":33,"column":28}},"29":{"start":{"line":40,"column":4},"end":{"line":48,"column":6}},"30":{"start":{"line":41,"column":20},"end":{"line":41,"column":24}},"31":{"start":{"line":42,"column":22},"end":{"line":42,"column":43}},"32":{"start":{"line":43,"column":22},"end":{"line":43,"column":69}},"33":{"start":{"line":44,"column":8},"end":{"line":47,"column":23}},"34":{"start":{"line":45,"column":27},"end":{"line":45,"column":72}},"35":{"start":{"line":46,"column":12},"end":{"line":46,"column":28}},"36":{"start":{"line":49,"column":4},"end":{"line":49,"column":30}},"37":{"start":{"line":51,"column":0},"end":{"line":55,"column":23}},"38":{"start":{"line":56,"column":0},"end":{"line":56,"column":48}}},"fnMap":{"0":{"name":"(anonymous_0)","decl":{"start":{"line":2,"column":46},"end":{"line":2,"column":47}},"loc":{"start":{"line":2,"column":87},"end":{"line":7,"column":1}},"line":2},"1":{"name":"(anonymous_1)","decl":{"start":{"line":8,"column":46},"end":{"line":8,"column":47}},"loc":{"start":{"line":8,"column":62},"end":{"line":10,"column":1}},"line":8},"2":{"name":"(anonymous_2)","decl":{"start":{"line":11,"column":40},"end":{"line":11,"column":41}},"loc":{"start":{"line":11,"column":73},"end":{"line":13,"column":1}},"line":11},"3":{"name":"(anonymous_3)","decl":{"start":{"line":12,"column":11},"end":{"line":12,"column":12}},"loc":{"start":{"line":12,"column":34},"end":{"line":12,"column":73}},"line":12},"4":{"name":"(anonymous_4)","decl":{"start":{"line":18,"column":26},"end":{"line":18,"column":27}},"loc":{"start":{"line":18,"column":38},"end":{"line":50,"column":1}},"line":18},"5":{"name":"AccountHttpService","decl":{"start":{"line":19,"column":13},"end":{"line":19,"column":31}},"loc":{"start":{"line":19,"column":45},"end":{"line":22,"column":5}},"line":19},"6":{"name":"(anonymous_6)","decl":{"start":{"line":27,"column":45},"end":{"line":27,"column":46}},"loc":{"start":{"line":27,"column":68},"end":{"line":35,"column":5}},"line":27},"7":{"name":"(anonymous_7)","decl":{"start":{"line":31,"column":31},"end":{"line":31,"column":32}},"loc":{"start":{"line":31,"column":46},"end":{"line":34,"column":9}},"line":31},"8":{"name":"(anonymous_8)","decl":{"start":{"line":40,"column":46},"end":{"line":40,"column":47}},"loc":{"start":{"line":40,"column":69},"end":{"line":48,"column":5}},"line":40},"9":{"name":"(anonymous_9)","decl":{"start":{"line":44,"column":31},"end":{"line":44,"column":32}},"loc":{"start":{"line":44,"column":46},"end":{"line":47,"column":9}},"line":44}},"branchMap":{"0":{"loc":{"start":{"line":2,"column":17},"end":{"line":7,"column":1}},"type":"binary-expr","locations":[{"start":{"line":2,"column":18},"end":{"line":2,"column":22}},{"start":{"line":2,"column":26},"end":{"line":2,"column":41}},{"start":{"line":2,"column":46},"end":{"line":7,"column":1}}],"line":2},"1":{"loc":{"start":{"line":3,"column":34},"end":{"line":3,"column":125}},"type":"cond-expr","locations":[{"start":{"line":3,"column":42},"end":{"line":3,"column":48}},{"start":{"line":3,"column":51},"end":{"line":3,"column":125}}],"line":3},"2":{"loc":{"start":{"line":3,"column":51},"end":{"line":3,"column":125}},"type":"cond-expr","locations":[{"start":{"line":3,"column":67},"end":{"line":3,"column":118}},{"start":{"line":3,"column":121},"end":{"line":3,"column":125}}],"line":3},"3":{"loc":{"start":{"line":4,"column":4},"end":{"line":5,"column":150}},"type":"if","locations":[{"start":{"line":4,"column":4},"end":{"line":5,"column":150}},{"start":{"line":4,"column":4},"end":{"line":5,"column":150}}],"line":4},"4":{"loc":{"start":{"line":4,"column":8},"end":{"line":4,"column":77}},"type":"binary-expr","locations":[{"start":{"line":4,"column":8},"end":{"line":4,"column":35}},{"start":{"line":4,"column":39},"end":{"line":4,"column":77}}],"line":4},"5":{"loc":{"start":{"line":5,"column":58},"end":{"line":5,"column":150}},"type":"if","locations":[{"start":{"line":5,"column":58},"end":{"line":5,"column":150}},{"start":{"line":5,"column":58},"end":{"line":5,"column":150}}],"line":5},"6":{"loc":{"start":{"line":5,"column":85},"end":{"line":5,"column":149}},"type":"binary-expr","locations":[{"start":{"line":5,"column":86},"end":{"line":5,"column":143}},{"start":{"line":5,"column":148},"end":{"line":5,"column":149}}],"line":5},"7":{"loc":{"start":{"line":5,"column":86},"end":{"line":5,"column":143}},"type":"cond-expr","locations":[{"start":{"line":5,"column":94},"end":{"line":5,"column":98}},{"start":{"line":5,"column":101},"end":{"line":5,"column":143}}],"line":5},"8":{"loc":{"start":{"line":5,"column":101},"end":{"line":5,"column":143}},"type":"cond-expr","locations":[{"start":{"line":5,"column":109},"end":{"line":5,"column":126}},{"start":{"line":5,"column":129},"end":{"line":5,"column":143}}],"line":5},"9":{"loc":{"start":{"line":6,"column":11},"end":{"line":6,"column":62}},"type":"binary-expr","locations":[{"start":{"line":6,"column":11},"end":{"line":6,"column":16}},{"start":{"line":6,"column":20},"end":{"line":6,"column":21}},{"start":{"line":6,"column":25},"end":{"line":6,"column":62}}],"line":6},"10":{"loc":{"start":{"line":8,"column":17},"end":{"line":10,"column":1}},"type":"binary-expr","locations":[{"start":{"line":8,"column":18},"end":{"line":8,"column":22}},{"start":{"line":8,"column":26},"end":{"line":8,"column":41}},{"start":{"line":8,"column":46},"end":{"line":10,"column":1}}],"line":8},"11":{"loc":{"start":{"line":9,"column":4},"end":{"line":9,"column":109}},"type":"if","locations":[{"start":{"line":9,"column":4},"end":{"line":9,"column":109}},{"start":{"line":9,"column":4},"end":{"line":9,"column":109}}],"line":9},"12":{"loc":{"start":{"line":9,"column":8},"end":{"line":9,"column":77}},"type":"binary-expr","locations":[{"start":{"line":9,"column":8},"end":{"line":9,"column":35}},{"start":{"line":9,"column":39},"end":{"line":9,"column":77}}],"line":9},"13":{"loc":{"start":{"line":11,"column":14},"end":{"line":13,"column":1}},"type":"binary-expr","locations":[{"start":{"line":11,"column":15},"end":{"line":11,"column":19}},{"start":{"line":11,"column":23},"end":{"line":11,"column":35}},{"start":{"line":11,"column":40},"end":{"line":13,"column":1}}],"line":11}},"s":{"0":1,"1":1,"2":1,"3":1,"4":1,"5":0,"6":0,"7":0,"8":1,"9":1,"10":1,"11":1,"12":1,"13":2,"14":2,"15":1,"16":1,"17":1,"18":1,"19":1,"20":8,"21":8,"22":1,"23":4,"24":4,"25":4,"26":4,"27":4,"28":4,"29":1,"30":4,"31":4,"32":4,"33":4,"34":4,"35":4,"36":1,"37":1,"38":1},"f":{"0":1,"1":1,"2":2,"3":2,"4":1,"5":8,"6":4,"7":4,"8":4,"9":4},"b":{"0":[1,1,1],"1":[1,0],"2":[0,0],"3":[1,0],"4":[1,1],"5":[0,0],"6":[0,0],"7":[0,0],"8":[0,0],"9":[1,0,0],"10":[1,1,1],"11":[1,0],"12":[1,1],"13":[1,1,1]},"inputSourceMap":{"version":3,"file":"C:/Users/Yashi/Documents/Projects/zno-library/client/http/account-http.service.ts","sourceRoot":"C:/Users/Yashi/Documents/Projects/zno-library/","sources":["client\\http\\account-http.service.ts"],"names":[],"mappings":";;;;;;;;;;;;;;AAAA,sCAAmD;AACnD,sCAA+D;AAE/D,6CAA4C;AAI5C,IAAa,kBAAkB;IAG3B,4BAA0B,IAAU,EAAiB,KAAY;QAC7D,IAAI,CAAC,IAAI,GAAG,IAAI,CAAC;QACjB,IAAI,CAAC,KAAK,GAAG,KAAK,CAAC;IACvB,CAAC;IAED;;;OAGG;IACI,sCAAS,GAAhB,UAAiB,WAA0C;QAA3D,iBAOC;QANG,IAAI,OAAO,GAAG,IAAI,CAAC,KAAK,CAAC,QAAQ,EAAE,CAAC;QACpC,IAAI,OAAO,GAAG,IAAI,qBAAc,CAAC,EAAE,OAAO,EAAE,OAAO,EAAE,CAAC,CAAC;QACvD,MAAM,CAAC,WAAW,CAAC,GAAG,CAAC,UAAC,GAAG;YACvB,IAAI,QAAQ,GAAG,KAAI,CAAC,IAAI,CAAC,IAAI,CAAC,aAAa,EAAE,EAAE,KAAK,EAAE,GAAG,CAAC,KAAK,EAAE,QAAQ,EAAE,GAAG,CAAC,QAAQ,EAAE,EAAE,OAAO,CAAC,CAAC;YACpG,MAAM,CAAC,QAAQ,CAAC;QACpB,CAAC,CAAC,CAAC,SAAS,EAAE,CAAC;IACnB,CAAC;IAED;;;OAGG;IACI,uCAAU,GAAjB,UAAkB,WAAgC;QAAlD,iBAOC;QANG,IAAI,OAAO,GAAG,IAAI,CAAC,KAAK,CAAC,QAAQ,EAAE,CAAC;QACpC,IAAI,OAAO,GAAG,IAAI,qBAAc,CAAC,EAAE,OAAO,EAAE,OAAO,EAAE,CAAC,CAAC;QACvD,MAAM,CAAC,WAAW,CAAC,GAAG,CAAC,UAAC,GAAG;YACvB,IAAI,QAAQ,GAAG,KAAI,CAAC,IAAI,CAAC,IAAI,CAAC,cAAc,EAAE,GAAG,EAAE,OAAO,CAAC,CAAC;YAC5D,MAAM,CAAC,QAAQ,CAAC;QACpB,CAAC,CAAC,CAAC,SAAS,EAAE,CAAC;IACnB,CAAC;IACL,yBAAC;AAAD,CAAC,AAjCD,IAiCC;AAjCY,kBAAkB;IAD9B,iBAAU,EAAE;IAII,WAAA,aAAM,CAAC,WAAI,CAAC,CAAA,EAAc,WAAA,aAAM,CAAC,aAAK,CAAC,CAAA;qCAApB,WAAI,EAAwB,aAAK;GAHxD,kBAAkB,CAiC9B;AAjCY,gDAAkB","sourcesContent":["import { Injectable, Inject } from \"@angular/core\";\r\nimport { Http, RequestOptions, Response } from \"@angular/http\";\r\nimport { ILoginCredentials, ICreate } from \"../account/services/account.service\";\r\nimport { Utils } from \"../main/utils/utils\";\r\nimport { Observable } from \"rxjs\";\r\n\r\n@Injectable()\r\nexport class AccountHttpService {\r\n    private http: Http;\r\n    private utils: Utils;\r\n    constructor(@Inject(Http) http: Http, @Inject(Utils) utils: Utils) {\r\n        this.http = http;\r\n        this.utils = utils;\r\n    }\r\n\r\n    /**\r\n     * Logs in user\r\n     * @param credentials Observable of login credentials\r\n     */\r\n    public loginUser(credentials: Observable<ILoginCredentials>): Observable<Response> {\r\n        let content = this.utils.JsonType();\r\n        let options = new RequestOptions({ headers: content });\r\n        return credentials.map((req) => {\r\n            let response = this.http.post(\"auth/login/\", { email: req.email, password: req.password }, options);\r\n            return response;\r\n        }).concatAll();\r\n    }\r\n\r\n    /**\r\n     * Creates new user\r\n     * @param credentials Observable of create credentials\r\n     */\r\n    public createUser(credentials: Observable<ICreate>) {\r\n        let content = this.utils.JsonType();\r\n        let options = new RequestOptions({ headers: content });\r\n        return credentials.map((req) => {\r\n            let response = this.http.post(\"auth/create/\", req, options);\r\n            return response;\r\n        }).concatAll();\r\n    }\r\n}"]},"_coverageSchema":"332fd63041d2c1bcb487cc26dd0d5f7d97098a6c","hash":"8a9b4e9816ba461cdde5dec1c21e31ed9c00cd7a","l":{"2":1,"3":1,"4":1,"5":0,"6":1,"8":1,"9":1,"11":1,"12":2,"14":1,"15":1,"16":1,"17":1,"18":1,"20":8,"21":8,"27":1,"28":4,"29":4,"30":4,"31":4,"32":4,"33":4,"40":1,"41":4,"42":4,"43":4,"44":4,"45":4,"46":4,"49":1,"51":1,"56":1}},
"C:\\Users\\Yashi\\Documents\\Projects\\zno-library\\client\\main\\utils\\utils.ts":{"path":"C:\\Users\\Yashi\\Documents\\Projects\\zno-library\\client\\main\\utils\\utils.ts","statementMap":{"0":{"start":{"line":2,"column":0},"end":{"line":2,"column":62}},"1":{"start":{"line":3,"column":21},"end":{"line":3,"column":46}},"2":{"start":{"line":4,"column":13},"end":{"line":4,"column":28}},"3":{"start":{"line":5,"column":13},"end":{"line":5,"column":37}},"4":{"start":{"line":6,"column":21},"end":{"line":6,"column":46}},"5":{"start":{"line":7,"column":22},"end":{"line":7,"column":48}},"6":{"start":{"line":9,"column":21},"end":{"line":9,"column":46}},"7":{"start":{"line":10,"column":0},"end":{"line":10,"column":47}},"8":{"start":{"line":14,"column":13},"end":{"line":83,"column":3}},"9":{"start":{"line":19,"column":8},"end":{"line":21,"column":10}},"10":{"start":{"line":27,"column":4},"end":{"line":29,"column":6}},"11":{"start":{"line":28,"column":8},"end":{"line":28,"column":106}},"12":{"start":{"line":34,"column":4},"end":{"line":45,"column":6}},"13":{"start":{"line":35,"column":25},"end":{"line":35,"column":39}},"14":{"start":{"line":36,"column":20},"end":{"line":36,"column":89}},"15":{"start":{"line":36,"column":67},"end":{"line":36,"column":86}},"16":{"start":{"line":37,"column":23},"end":{"line":37,"column":42}},"17":{"start":{"line":38,"column":23},"end":{"line":38,"column":45}},"18":{"start":{"line":39,"column":8},"end":{"line":44,"column":9}},"19":{"start":{"line":40,"column":12},"end":{"line":40,"column":68}},"20":{"start":{"line":43,"column":12},"end":{"line":43,"column":56}},"21":{"start":{"line":50,"column":4},"end":{"line":52,"column":6}},"22":{"start":{"line":51,"column":8},"end":{"line":51,"column":58}},"23":{"start":{"line":57,"column":4},"end":{"line":61,"column":6}},"24":{"start":{"line":58,"column":8},"end":{"line":60,"column":10}},"25":{"start":{"line":59,"column":12},"end":{"line":59,"column":91}},"26":{"start":{"line":66,"column":4},"end":{"line":68,"column":6}},"27":{"start":{"line":67,"column":8},"end":{"line":67,"column":55}},"28":{"start":{"line":73,"column":4},"end":{"line":75,"column":6}},"29":{"start":{"line":74,"column":8},"end":{"line":74,"column":92}},"30":{"start":{"line":74,"column":55},"end":{"line":74,"column":88}},"31":{"start":{"line":79,"column":4},"end":{"line":81,"column":6}},"32":{"start":{"line":80,"column":8},"end":{"line":80,"column":74}},"33":{"start":{"line":82,"column":4},"end":{"line":82,"column":17}},"34":{"start":{"line":84,"column":0},"end":{"line":84,"column":22}},"35":{"start":{"line":88,"column":0},"end":{"line":88,"column":60}}},"fnMap":{"0":{"name":"(anonymous_0)","decl":{"start":{"line":14,"column":13},"end":{"line":14,"column":14}},"loc":{"start":{"line":14,"column":25},"end":{"line":83,"column":1}},"line":14},"1":{"name":"Utils","decl":{"start":{"line":15,"column":13},"end":{"line":15,"column":18}},"loc":{"start":{"line":15,"column":21},"end":{"line":22,"column":5}},"line":15},"2":{"name":"(anonymous_2)","decl":{"start":{"line":27,"column":33},"end":{"line":27,"column":34}},"loc":{"start":{"line":27,"column":50},"end":{"line":29,"column":5}},"line":27},"3":{"name":"(anonymous_3)","decl":{"start":{"line":34,"column":45},"end":{"line":34,"column":46}},"loc":{"start":{"line":34,"column":65},"end":{"line":45,"column":5}},"line":34},"4":{"name":"(anonymous_4)","decl":{"start":{"line":36,"column":49},"end":{"line":36,"column":50}},"loc":{"start":{"line":36,"column":65},"end":{"line":36,"column":88}},"line":36},"5":{"name":"(anonymous_5)","decl":{"start":{"line":50,"column":45},"end":{"line":50,"column":46}},"loc":{"start":{"line":50,"column":62},"end":{"line":52,"column":5}},"line":50},"6":{"name":"(anonymous_6)","decl":{"start":{"line":57,"column":35},"end":{"line":57,"column":36}},"loc":{"start":{"line":57,"column":54},"end":{"line":61,"column":5}},"line":57},"7":{"name":"(anonymous_7)","decl":{"start":{"line":58,"column":15},"end":{"line":58,"column":16}},"loc":{"start":{"line":58,"column":58},"end":{"line":60,"column":9}},"line":58},"8":{"name":"(anonymous_8)","decl":{"start":{"line":66,"column":37},"end":{"line":66,"column":38}},"loc":{"start":{"line":66,"column":57},"end":{"line":68,"column":5}},"line":66},"9":{"name":"(anonymous_9)","decl":{"start":{"line":73,"column":34},"end":{"line":73,"column":35}},"loc":{"start":{"line":73,"column":54},"end":{"line":75,"column":5}},"line":73},"10":{"name":"(anonymous_10)","decl":{"start":{"line":74,"column":30},"end":{"line":74,"column":31}},"loc":{"start":{"line":74,"column":53},"end":{"line":74,"column":90}},"line":74},"11":{"name":"(anonymous_11)","decl":{"start":{"line":79,"column":31},"end":{"line":79,"column":32}},"loc":{"start":{"line":79,"column":43},"end":{"line":81,"column":5}},"line":79}},"branchMap":{"0":{"loc":{"start":{"line":39,"column":8},"end":{"line":44,"column":9}},"type":"if","locations":[{"start":{"line":39,"column":8},"end":{"line":44,"column":9}},{"start":{"line":39,"column":8},"end":{"line":44,"column":9}}],"line":39},"1":{"loc":{"start":{"line":39,"column":12},"end":{"line":39,"column":46}},"type":"binary-expr","locations":[{"start":{"line":39,"column":12},"end":{"line":39,"column":27}},{"start":{"line":39,"column":31},"end":{"line":39,"column":46}}],"line":39}},"s":{"0":1,"1":1,"2":1,"3":1,"4":1,"5":1,"6":1,"7":1,"8":1,"9":69,"10":1,"11":1,"12":1,"13":6,"14":6,"15":18,"16":6,"17":6,"18":6,"19":5,"20":1,"21":1,"22":0,"23":1,"24":37,"25":155,"26":1,"27":5,"28":1,"29":0,"30":0,"31":1,"32":8,"33":1,"34":1,"35":1},"f":{"0":1,"1":69,"2":1,"3":6,"4":18,"5":0,"6":37,"7":155,"8":5,"9":0,"10":0,"11":8},"b":{"0":[5,1],"1":[6,5]},"inputSourceMap":{"version":3,"file":"C:/Users/Yashi/Documents/Projects/zno-library/client/main/utils/utils.ts","sourceRoot":"C:/Users/Yashi/Documents/Projects/zno-library/","sources":["client\\main\\utils\\utils.ts"],"names":[],"mappings":";;AAEA,+CAA4D;AAC5D,6BAAkC;AAClC,sCAAwC;AACxC,+CAA6F;AAE7F,iDAA6C;AAC7C,UAAU;AACV,+CAA4D;AAAnD,oCAAA,UAAU,CAAA;AAYnB;;GAEG;AACH;IAAA;QAEI;;WAEG;QACI,eAAU,GAAG;YAChB,UAAU,EAAE,0BAAU;SACzB,CAAC;IAkEN,CAAC;IAhEG;;;OAGG;IACK,0BAAU,GAAlB,UAAmB,KAAa;QAC5B,MAAM,CAAC,iDAAY,kCAAmB,CAAC,KAAK,CAAG,CAAC;IACpD,CAAC;IAED;;;OAGG;IACI,sCAAsB,GAA7B,UAA8B,QAAuB;QACjD,IAAI,UAAU,GAAG,QAAQ,CAAC,KAAK,CAAC;QAChC,IAAI,KAAK,GAAI,UAAqB,CAAC,KAAK,CAAC,GAAG,CAAC,CAAC,MAAM,CAAC,UAAC,IAAI,IAAO,MAAM,CAAC,IAAI,KAAK,EAAE,CAAC,CAAC,CAAC,CAAC,CAAC;QACxF,IAAI,QAAQ,GAAG,KAAK,CAAC,OAAO,CAAC,IAAI,CAAC,CAAC;QACnC,IAAI,QAAQ,GAAG,KAAK,CAAC,OAAO,CAAC,OAAO,CAAC,CAAC;QACtC,EAAE,CAAC,CAAE,QAAQ,KAAK,CAAC,CAAC,IAAI,QAAQ,KAAK,CAAC,CAAC,CAAC,CAAC,CAAC;YACtC,MAAM,CAAC,oCAAqB,CAAC,UAAU,CAAC,CAAC;QAC7C,CAAC;QAAC,IAAI,CAAC,CAAC;YACJ,MAAM,CAAC,IAAI,CAAC,UAAU,CAAC,KAAK,CAAC,QAAQ,GAAG,CAAC,CAAC,CAAC,CAAC;QAChD,CAAC;IACL,CAAC;IAED;;;OAGG;IACI,sCAAsB,GAA7B,UAA8B,KAAU;QACpC,MAAM,CAAC,8BAAe,CAAC,KAAK,CAAC,IAAI,CAAC,CAAC;IACvC,CAAC;IAED;;;OAGG;IACI,4BAAY,GAAnB,UAAoB,OAAoB;QACpC,MAAM,CAAC,UAAC,IAAY,EAAE,UAAiB,EAAE,aAA8B;YACnE,MAAM,CAAC,IAAI,yBAAU,CAAC,OAAO,EAAE,IAAI,EAAE,UAAU,EAAE,aAAa,CAAC,CAAC;QACpE,CAAC,CAAC;IACN,CAAC;IAED;;;OAGG;IACI,8BAAc,GAArB,UAAyB,QAAqB;QAC1C,MAAM,CAAC,iBAAU,CAAC,WAAW,CAAC,QAAQ,CAAC,CAAC;IAC5C,CAAC;IAED;;;OAGG;IACI,2BAAW,GAAlB,UAAsB,QAAwB;QAC1C,MAAM,CAAC,QAAQ,CAAC,KAAK,CAAC,UAAC,GAAG,EAAE,MAAM,IAAO,MAAM,CAAC,iBAAU,CAAC,EAAE,CAAC,GAAG,CAAC,CAAC,CAAC,CAAC,CAAC,CAAC;IAC3E,CAAC;IAED;;OAEG;IACI,wBAAQ,GAAf;QACI,MAAM,CAAC,IAAI,cAAO,CAAC,EAAE,cAAc,EAAE,kBAAkB,EAAE,CAAC,CAAC;IAC/D,CAAC;IACL,YAAC;AAAD,CAAC,AAzED,IAyEC;AAzEY,sBAAK;AA2ElB;;GAEG;AACU,QAAA,aAAa,GAAG,EAAE,OAAO,EAAE,KAAK,EAAE,QAAQ,EAAE,KAAK,EAAE,CAAC","sourcesContent":["// Input\r\nimport { FormBuilder } from \"@angular/forms\";\r\nimport { ErrorInput, IErrorMessages } from \"./inputBuilder\";\r\nimport { Observable } from \"rxjs\";\r\nimport { Headers } from \"@angular/http\";\r\nimport { BACKEND_ERROR_MAPPING, BACKEND_AUTH_FIELDS, DATABASE_ERRORS } from \"./errorMapping\";\r\nimport { Response } from \"@angular/http\";\r\nimport { sameFields } from \"./sameValidator\";\r\n// Exports\r\nexport { ErrorInput, IErrorMessages } from \"./inputBuilder\";\r\n\r\n/**\r\n * Factory that creates ErrorInput\r\n */\r\nexport type buildInput = (init: string, validators: any[], errorMessages?: IErrorMessages) => ErrorInput;\r\n\r\n/**\r\n * Response with error\r\n */\r\nexport type errorResponse = { error: string };\r\n\r\n/**\r\n * Class with utils\r\n */\r\nexport class Utils {\r\n\r\n    /**\r\n     * Collection of input validators\r\n     */\r\n    public Validators = {\r\n        sameFields: sameFields\r\n    };\r\n\r\n    /**\r\n     * Constructs error message for no field error\r\n     * @param field Field name\r\n     */\r\n    private noFieldErr(field: string) {\r\n        return `Нет поля ${BACKEND_AUTH_FIELDS[field]}`;\r\n    }\r\n\r\n    /**\r\n     * Translates database error\r\n     * @param response Error response object\r\n     */\r\n    public translateErrorResponse(response: errorResponse) {\r\n        let errContent = response.error;\r\n        let words = (errContent as string).split(\" \").filter((word) => { return word !== \"\"; });\r\n        let nofield1 = words.indexOf(\"No\");\r\n        let nofield2 = words.indexOf(\"field\");\r\n        if ( nofield1 === -1 && nofield2 === -1) {\r\n            return BACKEND_ERROR_MAPPING[errContent];\r\n        } else {\r\n            return this.noFieldErr(words[nofield1 + 1]);\r\n        }\r\n    }\r\n\r\n    /**\r\n     * Translates database errors\r\n     * @param error Error object\r\n     */\r\n    public translateDatabaseError(error: any) {\r\n        return DATABASE_ERRORS[error.name];\r\n    }\r\n\r\n    /**\r\n     * Factory for creationg input\r\n     * @param builder Form builder for input creation\r\n     */\r\n    public inputFactory(builder: FormBuilder): buildInput {\r\n        return (init: string, validators: any[], errorMessages?: IErrorMessages) => {\r\n            return new ErrorInput(builder, init, validators, errorMessages);\r\n        };\r\n    }\r\n\r\n    /**\r\n     * Handles resource promise responses and errors\r\n     * @param response Promise with response\r\n     */\r\n    public handleResponse<T>(response:  Promise<T>): Observable<T> {\r\n        return Observable.fromPromise(response);\r\n    }\r\n\r\n    /**\r\n     * Handles resource observable responses and errors\r\n     * @param response Observable with response\r\n     */\r\n    public handleError<T>(response:  Observable<T>): Observable<T> {\r\n        return response.catch((err, caught) => { return Observable.of(err); });\r\n    }\r\n\r\n    /**\r\n     * Returns content-type header for json request body\r\n  
[...]
)","decl":{"start":{"line":8,"column":46},"end":{"line":8,"column":47}},"loc":{"start":{"line":8,"column":62},"end":{"line":10,"column":1}},"line":8},"2":{"name":"(anonymous_2)","decl":{"start":{"line":19,"column":26},"end":{"line":19,"column":27}},"loc":{"start":{"line":19,"column":38},"end":{"line":62,"column":1}},"line":19},"3":{"name":"AddCourseComponent","decl":{"start":{"line":20,"column":13},"end":{"line":20,"column":31}},"loc":{"start":{"line":20,"column":52},"end":{"line":27,"column":5}},"line":20},"4":{"name":"(anonymous_4)","decl":{"start":{"line":31,"column":44},"end":{"line":31,"column":45}},"loc":{"start":{"line":31,"column":56},"end":{"line":33,"column":5}},"line":31},"5":{"name":"(anonymous_5)","decl":{"start":{"line":37,"column":44},"end":{"line":37,"column":45}},"loc":{"start":{"line":37,"column":56},"end":{"line":42,"column":5}},"line":37},"6":{"name":"(anonymous_6)","decl":{"start":{"line":46,"column":47},"end":{"line":46,"column":48}},"loc":{"start":{"line":46,"column":64},"end":{"line":49,"column":5}},"line":46},"7":{"name":"(anonymous_7)","decl":{"start":{"line":50,"column":42},"end":{"line":50,"column":43}},"loc":{"start":{"line":50,"column":57},"end":{"line":52,"column":5}},"line":50},"8":{"name":"(anonymous_8)","decl":{"start":{"line":56,"column":46},"end":{"line":56,"column":47}},"loc":{"start":{"line":56,"column":58},"end":{"line":56,"column":61}},"line":56},"9":{"name":"(anonymous_9)","decl":{"start":{"line":60,"column":45},"end":{"line":60,"column":46}},"loc":{"start":{"line":60,"column":57},"end":{"line":60,"column":60}},"line":60}},"branchMap":{"0":{"loc":{"start":{"line":2,"column":17},"end":{"line":7,"column":1}},"type":"binary-expr","locations":[{"start":{"line":2,"column":18},"end":{"line":2,"column":22}},{"start":{"line":2,"column":26},"end":{"line":2,"column":41}},{"start":{"line":2,"column":46},"end":{"line":7,"column":1}}],"line":2},"1":{"loc":{"start":{"line":3,"column":34},"end":{"line":3,"column":125}},"type":"cond-expr","locations":[{"start":{"line":3,"column":42},"end":{"line":3,"column":48}},{"start":{"line":3,"column":51},"end":{"line":3,"column":125}}],"line":3},"2":{"loc":{"start":{"line":3,"column":51},"end":{"line":3,"column":125}},"type":"cond-expr","locations":[{"start":{"line":3,"column":67},"end":{"line":3,"column":118}},{"start":{"line":3,"column":121},"end":{"line":3,"column":125}}],"line":3},"3":{"loc":{"start":{"line":4,"column":4},"end":{"line":5,"column":150}},"type":"if","locations":[{"start":{"line":4,"column":4},"end":{"line":5,"column":150}},{"start":{"line":4,"column":4},"end":{"line":5,"column":150}}],"line":4},"4":{"loc":{"start":{"line":4,"column":8},"end":{"line":4,"column":77}},"type":"binary-expr","locations":[{"start":{"line":4,"column":8},"end":{"line":4,"column":35}},{"start":{"line":4,"column":39},"end":{"line":4,"column":77}}],"line":4},"5":{"loc":{"start":{"line":5,"column":58},"end":{"line":5,"column":150}},"type":"if","locations":[{"start":{"line":5,"column":58},"end":{"line":5,"column":150}},{"start":{"line":5,"column":58},"end":{"line":5,"column":150}}],"line":5},"6":{"loc":{"start":{"line":5,"column":85},"end":{"line":5,"column":149}},"type":"binary-expr","locations":[{"start":{"line":5,"column":86},"end":{"line":5,"column":143}},{"start":{"line":5,"column":148},"end":{"line":5,"column":149}}],"line":5},"7":{"loc":{"start":{"line":5,"column":86},"end":{"line":5,"column":143}},"type":"cond-expr","locations":[{"start":{"line":5,"column":94},"end":{"line":5,"column":98}},{"start":{"line":5,"column":101},"end":{"line":5,"column":143}}],"line":5},"8":{"loc":{"start":{"line":5,"column":101},"end":{"line":5,"column":143}},"type":"cond-expr","locations":[{"start":{"line":5,"column":109},"end":{"line":5,"column":126}},{"start":{"line":5,"column":129},"end":{"line":5,"column":143}}],"line":5},"9":{"loc":{"start":{"line":6,"column":11},"end":{"line":6,"column":62}},"type":"binary-expr","locations":[{"start":{"line":6,"column":11},"end":{"line":6,"column":16}},{"start":{"line":6,"column":20},"end":{"line":6,"column":21}},{"start":{"line":6,"column":25},"end":{"line":6,"column":62}}],"line":6},"10":{"loc":{"start":{"line":8,"column":17},"end":{"line":10,"column":1}},"type":"binary-expr","locations":[{"start":{"line":8,"column":18},"end":{"line":8,"column":22}},{"start":{"line":8,"column":26},"end":{"line":8,"column":41}},{"start":{"line":8,"column":46},"end":{"line":10,"column":1}}],"line":8},"11":{"loc":{"start":{"line":9,"column":4},"end":{"line":9,"column":109}},"type":"if","locations":[{"start":{"line":9,"column":4},"end":{"line":9,"column":109}},{"start":{"line":9,"column":4},"end":{"line":9,"column":109}}],"line":9},"12":{"loc":{"start":{"line":9,"column":8},"end":{"line":9,"column":77}},"type":"binary-expr","locations":[{"start":{"line":9,"column":8},"end":{"line":9,"column":35}},{"start":{"line":9,"column":39},"end":{"line":9,"column":77}}],"line":9}},"s":{"0":1,"1":1,"2":1,"3":1,"4":1,"5":0,"6":0,"7":0,"8":1,"9":1,"10":1,"11":1,"12":1,"13":1,"14":1,"15":1,"16":1,"17":1,"18":1,"19":0,"20":0,"21":0,"22":0,"23":0,"24":0,"25":1,"26":0,"27":1,"28":0,"29":0,"30":1,"31":0,"32":0,"33":1,"34":0,"35":1,"36":1,"37":1,"38":1,"39":1},"f":{"0":1,"1":1,"2":1,"3":0,"4":0,"5":0,"6":0,"7":0,"8":0,"9":0},"b":{"0":[1,1,1],"1":[1,0],"2":[0,0],"3":[1,0],"4":[1,1],"5":[0,0],"6":[0,0],"7":[0,0],"8":[0,0],"9":[1,0,0],"10":[1,1,1],"11":[1,0],"12":[1,1]},"inputSourceMap":{"version":3,"file":"C:/Users/Yashi/Documents/Projects/zno-library/client/panel/components/course/add-course.component.ts","sourceRoot":"C:/Users/Yashi/Documents/Projects/zno-library/","sources":["client\\panel\\components\\course\\add-course.component.ts"],"names":[],"mappings":";;;;;;;;;;;AAAA,sCAAkD;AAClD,wCAAiF;AACjF,mDAA0F;AAE1F,wEAAqE;AAErE,IAAM,OAAO,GAAmB;IAC5B,QAAQ,EAAE,iCAAiC;CAC9C,CAAC;AA2CF,IAAa,kBAAkB;IAY3B,4BAAY,KAAY,EAAE,OAAyB,EAAE,EAAe;QAChE,IAAI,CAAC,KAAK,GAAG,KAAK,CAAC;QACnB,IAAI,CAAC,OAAO,GAAG,OAAO,CAAC;QACvB,IAAI,CAAC,YAAY,GAAG,KAAK,CAAC,YAAY,CAAC,EAAE,CAAC,CAAC;QAC3C,IAAI,CAAC,EAAE,GAAG,EAAE,CAAC;QACb,IAAI,CAAC,UAAU,GAAG,EAAE,CAAC;QACrB,IAAI,CAAC,IAAI,GAAG,CAAE,EAAE,EAAE,EAAE,CAAC,EAAE,IAAI,EAAE,MAAM,EAAE,EAAE,EAAE,EAAE,EAAE,CAAC,EAAE,IAAI,EAAE,YAAY,EAAE,CAAE,CAAC;IAC3E,CAAC;IAED;;OAEG;IACH,qCAAQ,GAAR;QACI,IAAI,CAAC,QAAQ,EAAE,CAAC;IACpB,CAAC;IAED;;OAEG;IACH,qCAAQ,GAAR;QACI,IAAI,CAAC,SAAS,GAAG,IAAI,CAAC,YAAY,CAAC,EAAE,EAAE,CAAE,kBAAU,CAAC,QAAQ,CAAE,EAAE,OAAO,CAAC,CAAC;QACzE,IAAI,CAAC,SAAS,GAAG,IAAI,CAAC,EAAE,CAAC,KAAK,CAAC;YAC3B,IAAI,EAAE,IAAI,CAAC,SAAS,CAAC,OAAO;SAC/B,CAAC,CAAC;IACP,CAAC;IAED;;OAEG;IACI,wCAAW,GAAlB,UAAmB,KAAK;QACpB,OAAO,CAAC,GAAG,CAAC,MAAM,CAAC,CAAC;QACpB,KAAK,CAAC,cAAc,EAAE,CAAC;IAC3B,CAAC;IAEM,mCAAM,GAAb,UAAc,GAAG;QACb,OAAO,CAAC,GAAG,CAAC,GAAG,CAAC,CAAC;IACrB,CAAC;IAED;;OAEG;IACH,uCAAU,GAAV,cAAc,CAAC;IAEf;;OAEG;IACH,sCAAS,GAAT,cAAa,CAAC;IAClB,yBAAC;AAAD,CAAC,AA3DD,IA2DC;AA3DY,kBAAkB;IApC9B,gBAAS,CAAC;QACP,QAAQ,EAAE,YAAY;QACtB,QAAQ,EAAE,mgEAgCT;KACJ,CAAC;qCAaqB,aAAK,EAAW,qCAAgB,EAAM,mBAAW;GAZ3D,kBAAkB,CA2D9B;AA3DY,gDAAkB","sourcesContent":["import { Component, OnInit } from \"@angular/core\";\r\nimport { FormGroup, FormControl, Validators, FormBuilder } from \"@angular/forms\";\r\nimport { Utils, ErrorInput, IErrorMessages, buildInput } from \"../../../main/utils/utils\";\r\nimport { Router } from \"@angular/router\";\r\nimport { AddCourseService } from \"../../services/add-course.service\";\r\n\r\nconst errList: IErrorMessages = {\r\n    required: \"Поле обязательно для заполнения\"\r\n};\r\n\r\nexport interface ITag {\r\n    id: number;\r\n    name: string;\r\n}\r\n\r\n@Component({\r\n    selector: \"add-course\",\r\n    template: `\r\n    <md-card class=\"course-history-item\">\r\n        <md-card-header>\r\n            <md-card-title><h2>Добавить Курс</h2></md-card-title>\r\n        </md-card-header>\r\n        <md-card-content>\r\n            <form [formGroup]=\"addCourse\" (ngSubmit)=\"submitForm($event, login.value)\">\r\n                <md-list>\r\n                    <md-list-item class=\"form-input form-item\">\r\n                        <md-input-container>\r\n                            <input mdInput required placeholder=\"Название курса\" type=\"text\" formControlName=\"name\" />\r\n                            <md-error *ngIf=\"nameInput.isErr\">{{ nameInput.errorMessage }}</md-error>\r\n                        </md-input-container>\r\n                    </md-list-item>\r\n                    <md-list-item>\r\n                        <div>Теги: </div>\r\n                        <div *ngFor=\"let tag of courseTags\"> {{ tag.name }} </div>\r\n                        <button md-icon-button [mdMenuTriggerFor]=\"tagMenu\" type=\"button\"><md-icon>local_hospital</md-icon></button>\r\n                        <md-menu #tagMenu=\"mdMenu\" class=\"tagMenu\">\r\n                            <div md-menu-item disabled>\r\n                                <md-input-container>\r\n                                    <input mdInput placeholder=\"Найти тег\" type=\"text\"/>\r\n                                </md-input-container>\r\n                            </div>\r\n                            <button md-menu-item><md-icon>note_add</md-icon> Добавить тег</button>\r\n                            <button *ngFor=\"let tag of tags\" (click)=\"addTag(tag)\" md-menu-item>{{ tag.name }}</button>\r\n                        </md-menu>\r\n                    </md-list-item>\r\n                </md-list>\r\n            </form>\r\n        </md-card-content>\r\n    </md-card>\r\n    `\r\n})\r\nexport class AddCourseComponent implements OnInit {\r\n    // services\r\n    private utils: Utils;\r\n    private manager: AddCourseService;\r\n    private inputFactory: buildInput;\r\n    private fb: FormBuilder;\r\n    // form\r\n    public addCourse: FormGroup;\r\n    public nameInput: ErrorInput;\r\n    // tags\r\n    public courseTags: ITag[];\r\n    public tags: ITag[];\r\n    constructor(utils: Utils, manager: AddCourseService, fb: FormBuilder) {\r\n        this.utils = utils;\r\n        this.manager = manager;\r\n        this.inputFactory = utils.inputFactory(fb);\r\n        this.fb = fb;\r\n        this.courseTags = [];\r\n        this.tags = [ { id: 1, name: \"Math\" }, { id: 2, name: \"Literature\" } ];\r\n    }\r\n\r\n    /**\r\n     * Initializes component\r\n     */\r\n    ngOnInit() {\r\n        this.initForm();\r\n    }\r\n\r\n    /**\r\n     * Initializes form\r\n     */\r\n    initForm() {\r\n        this.nameInput = this.inputFactory(\"\", [ Validators.required ], errList);\r\n        this.addCourse = this.fb.group({\r\n            name: this.nameInput.element\r\n        });\r\n    }\r\n\r\n    /**\r\n     * Opens menu of avalible tags\r\n     */\r\n    public openTagMenu(event) {\r\n        console.log(\"open\");\r\n        event.preventDefault();\r\n    }\r\n\r\n    public addTag(tag) {\r\n        console.log(tag);\r\n    }\r\n\r\n    /**\r\n     * Handles form submit\r\n     */\r\n    submitForm() {}\r\n\r\n    /**\r\n     * Handles form reset\r\n     */\r\n    resetForm() {}\r\n}"]},"_coverageSchema":"332fd63041d2c1bcb487cc26dd0d5f7d97098a6c","hash":"fc8b15b7e38a1bdba6c33e8c6bbac1015f5d653e","l":{"2":1,"3":1,"4":1,"5":0,"6":1,"8":1,"9":1,"11":1,"12":1,"13":1,"14":1,"15":1,"16":1,"19":1,"21":0,"22":0,"23":0,"24":0,"25":0,"26":0,"31":1,"32":0,"37":1,"38":0,"39":0,"46":1,"47":0,"48":0,"50":1,"51":0,"56":1,"60":1,"61":1,"63":1,"70":1}},
"C:\\Users\\Yashi\\Documents\\Projects\\zno-library\\client\\panel\\services\\add-course.service.ts":{"path":"C:\\Users\\Yashi\\Documents\\Projects\\zno-library\\client\\panel\\services\\add-course.service.ts","statementMap":{"0":{"start":{"line":2,"column":17},"end":{"line":7,"column":1}},"1":{"start":{"line":3,"column":12},"end":{"line":3,"column":28}},"2":{"start":{"line":3,"column":34},"end":{"line":3,"column":125}},"3":{"start":{"line":4,"column":4},"end":{"line":5,"column":150}},"4":{"start":{"line":4,"column":79},"end":{"line":4,"column":131}},"5":{"start":{"line":5,"column":9},"end":{"line":5,"column":150}},"6":{"start":{"line":5,"column":58},"end":{"line":5,"column":150}},"7":{"start":{"line":5,"column":81},"end":{"line":5,"column":150}},"8":{"start":{"line":6,"column":4},"end":{"line":6,"column":66}},"9":{"start":{"line":8,"column":17},"end":{"line":10,"column":1}},"10":{"start":{"line":9,"column":4},"end":{"line":9,"column":109}},"11":{"start":{"line":9,"column":79},"end":{"line":9,"column":109}},"12":{"start":{"line":11,"column":14},"end":{"line":13,"column":1}},"13":{"start":{"line":12,"column":4},"end":{"line":12,"column":73}},"14":{"start":{"line":12,"column":36},"end":{"line":12,"column":71}},"15":{"start":{"line":14,"column":0},"end":{"line":14,"column":62}},"16":{"start":{"line":15,"column":13},"end":{"line":15,"column":37}},"17":{"start":{"line":16,"column":20},"end":{"line":16,"column":53}},"18":{"start":{"line":17,"column":25},"end":{"line":17,"column":67}},"19":{"start":{"line":18,"column":0},"end":{"line":18,"column":20}},"20":{"start":{"line":19,"column":24},"end":{"line":25,"column":3}},"21":{"start":{"line":21,"column":8},"end":{"line":21,"column":25}},"22":{"start":{"line":22,"column":8},"end":{"line":22,"column":33}},"23":{"start":{"line":24,"column":4},"end":{"line":24,"column":28}},"24":{"start":{"line":26,"column":0},"end":{"line":29,"column":21}},"25":{"start":{"line":30,"column":0},"end":{"line":30,"column":44}}},"fnMap":{"0":{"name":"(anonymous_0)","decl":{"start":{"line":2,"column":46},"end":{"line":2,"column":47}},"loc":{"start":{"line":2,"column":87},"end":{"line":7,"column":1}},"line":2},"1":{"name":"(anonymous_1)","decl":{"start":{"line":8,"column":46},"end":{"line":8,"column":47}},"loc":{"start":{"line":8,"column":62},"end":{"line":10,"column":1}},"line":8},"2":{"name":"(anonymous_2)","decl":{"start":{"line":11,"column":40},"end":{"line":11,"column":41}},"loc":{"start":{"line":11,"column":73},"end":{"line":13,"column":1}},"line":11},"3":{"name":"(anonymous_3)","decl":{"start":{"line":12,"column":11},"end":{"line":12,"column":12}},"loc":{"start":{"line":12,"column":34},"end":{"line":12,"column":73}},"line":12},"4":{"name":"(anonymous_4)","decl":{"start":{"line":19,"column":24},"end":{"line":19,"column":25}},"loc":{"start":{"line":19,"column":36},"end":{"line":25,"column":1}},"line":19},"5":{"name":"AddCourseService","decl":{"start":{"line":20,"column":13},"end":{"line":20,"column":29}},"loc":{"start":{"line":20,"column":46},"end":{"line":23,"column":5}},"line":20}},"branchMap":{"0":{"loc":{"start":{"line":2,"column":17},"end":{"line":7,"column":1}},"type":"binary-expr","locations":[{"start":{"line":2,"column":18},"end":{"line":2,"column":22}},{"start":{"line":2,"column":26},"end":{"line":2,"column":41}},{"start":{"line":2,"column":46},"end":{"line":7,"column":1}}],"line":2},"1":{"loc":{"start":{"line":3,"column":34},"end":{"line":3,"column":125}},"type":"cond-expr","locations":[{"start":{"line":3,"column":42},"end":{"line":3,"column":48}},{"start":{"line":3,"column":51},"end":{"line":3,"column":125}}],"line":3},"2":{"loc":{"start":{"line":3,"column":51},"end":{"line":3,"column":125}},"type":"cond-expr","locations":[{"start":{"line":3,"column":67},"end":{"line":3,"column":118}},{"start":{"line":3,"column":121},"end":{"line":3,"column":125}}],"line":3},"3":{"loc":{"start":{"line":4,"column":4},"end":{"line":5,"column":150}},"type":"if","locations":[{"start":{"line":4,"column":4},"end":{"line":5,"column":150}},{"start":{"line":4,"column":4},"end":{"line":5,"column":150}}],"line":4},"4":{"loc":{"start":{"line":4,"column":8},"end":{"line":4,"column":77}},"type":"binary-expr","locations":[{"start":{"line":4,"column":8},"end":{"line":4,"column":35}},{"start":{"line":4,"column":39},"end":{"line":4,"column":77}}],"line":4},"5":{"loc":{"start":{"line":5,"column":58},"end":{"line":5,"column":150}},"type":"if","locations":[{"start":{"line":5,"column":58},"end":{"line":5,"column":150}},{"start":{"line":5,"column":58},"end":{"line":5,"column":150}}],"line":5},"6":{"loc":{"start":{"line":5,"column":85},"end":{"line":5,"column":149}},"type":"binary-expr","locations":[{"start":{"line":5,"column":86},"end":{"line":5,"column":143}},{"start":{"line":5,"column":148},"end":{"line":5,"column":149}}],"line":5},"7":{"loc":{"start":{"line":5,"column":86},"end":{"line":5,"column":143}},"type":"cond-expr","locations":[{"start":{"line":5,"column":94},"end":{"line":5,"column":98}},{"start":{"line":5,"column":101},"end":{"line":5,"column":143}}],"line":5},"8":{"loc":{"start":{"line":5,"column":101},"end":{"line":5,"column":143}},"type":"cond-expr","locations":[{"start":{"line":5,"column":109},"end":{"line":5,"column":126}},{"start":{"line":5,"column":129},"end":{"line":5,"column":143}}],"line":5},"9":{"loc":{"start":{"line":6,"column":11},"end":{"line":6,"column":62}},"type":"binary-expr","locations":[{"start":{"line":6,"column":11},"end":{"line":6,"column":16}},{"start":{"line":6,"column":20},"end":{"line":6,"column":21}},{"start":{"line":6,"column":25},"end":{"line":6,"column":62}}],"line":6},"10":{"loc":{"start":{"line":8,"column":17},"end":{"line":10,"column":1}},"type":"binary-expr","locations":[{"start":{"line":8,"column":18},"end":{"line":8,"column":22}},{"start":{"line":8,"column":26},"end":{"line":8,"column":41}},{"start":{"line":8,"column":46},"end":{"line":10,"column":1}}],"line":8},"11":{"loc":{"start":{"line":9,"column":4},"end":{"line":9,"column":109}},"type":"if","locations":[{"start":{"line":9,"column":4},"end":{"line":9,"column":109}},{"start":{"line":9,"column":4},"end":{"line":9,"column":109}}],"line":9},"12":{"loc":{"start":{"line":9,"column":8},"end":{"line":9,"column":77}},"type":"binary-expr","locations":[{"start":{"line":9,"column":8},"end":{"line":9,"column":35}},{"start":{"line":9,"column":39},"end":{"line":9,"column":77}}],"line":9},"13":{"loc":{"start":{"line":11,"column":14},"end":{"line":13,"column":1}},"type":"binary-expr","locations":[{"start":{"line":11,"column":15},"end":{"line":11,"column":19}},{"start":{"line":11,"column":23},"end":{"line":11,"column":35}},{"start":{"line":11,"column":40},"end":{"line":13,"column":1}}],"line":11}},"s":{"0":1,"1":1,"2":1,"3":1,"4":1,"5":0,"6":0,"7":0,"8":1,"9":1,"10":1,"11":1,"12":1,"13":2,"14":2,"15":1,"16":1,"17":1,"18":1,"19":1,"20":1,"21":0,"22":0,"23":1,"24":1,"25":1},"f":{"0":1,"1":1,"2":2,"3":2,"4":1,"5":0},"b":{"0":[1,1,1],"1":[1,0],"2":[0,0],"3":[1,0],"4":[1,1],"5":[0,0],"6":[0,0],"7":[0,0],"8":[0,0],"9":[1,0,0],"10":[1,1,1],"11":[1,0],"12":[1,1],"13":[1,1,1]},"inputSourceMap":{"version":3,"file":"C:/Users/Yashi/Documents/Projects/zno-library/client/panel/services/add-course.service.ts","sourceRoot":"C:/Users/Yashi/Documents/Projects/zno-library/","sources":["client\\panel\\services\\add-course.service.ts"],"names":[],"mappings":";;;;;;;;;;;;;;AAAA,sCAAmD;AACnD,sDAA8D;AAC9D,oEAAkE;AAGlE,iBAAU,EAAE,CAAA;AACZ,IAAa,gBAAgB;IAGzB,0BAA0C,IAA0B,EAA2B,QAAyB;QACpH,IAAI,CAAC,IAAI,GAAG,IAAI,CAAC;QACjB,IAAI,CAAC,QAAQ,GAAG,QAAQ,CAAC;IAC7B,CAAC;IACL,uBAAC;AAAD,CAAC,AAPD,IAOC;AAPY,gBAAgB;IAGZ,WAAA,aAAM,CAAC,kCAAoB,CAAC,CAAA,EAA8B,WAAA,aAAM,CAAC,kCAAe,CAAC,CAAA;qCAA9C,kCAAoB,EAAqC,kCAAe;GAH/G,gBAAgB,CAO5B;AAPY,4CAAgB","sourcesContent":["import { Injectable, Inject } from \"@angular/core\";\r\nimport { AddCourseHttpService } from \"../../http/http.module\";\r\nimport { DatabaseService } from \"../../database/database.service\";\r\nimport { Observable } from \"rxjs\";\r\n\r\nInjectable()\r\nexport class AddCourseService {\r\n    private http: AddCourseHttpService;\r\n    private database: DatabaseService;\r\n    constructor(@Inject(AddCourseHttpService) http: AddCourseHttpService, @Inject(DatabaseService) database: DatabaseService) {\r\n        this.http = http;\r\n        this.database = database;\r\n    }\r\n}"]},"_coverageSchema":"332fd63041d2c1bcb487cc26dd0d5f7d97098a6c","hash":"5fdd62c9bdadce00fb2e87cd71a350cc220e11cf","l":{"2":1,"3":1,"4":1,"5":0,"6":1,"8":1,"9":1,"11":1,"12":2,"14":1,"15":1,"16":1,"17":1,"18":1,"19":1,"21":0,"22":0,"24":1,"26":1,"30":1}}}
